--------------- Build Started: 05/10/2025 15:23:14 Project: CAN, Configuration: ARM GCC 5.4-2016-q2-update Debug ---------------
The code generation step is up to date.
arm-none-eabi-gcc.exe -mcpu=cortex-m0 -mthumb -I. -IGenerated_Source\PSoC4 -Wa,-alh=.\CortexM0\ARM_GCC_541\Debug/main.lst -g -D DEBUG -Wall -ffunction-sections -ffat-lto-objects -Og -c main.c -o .\CortexM0\ARM_GCC_541\Debug\main.o
In file included from main.c:25:0:
TempHum_Lib.h:12:42: warning: multi-line comment [-Wcomment]
 #define SHT31_MEAS_LOWREP_STRETCH 0x2C10 // Measurement Low Repeatability with Clock Stretch Enabled*/                                              \
                                          ^
TempHum_Lib.h:14:35: warning: multi-line comment [-Wcomment]
 #define SHT31_MEAS_HIGHREP 0x2400 // Measurement High Repeatability with Clock Stretch Disabled /                                                     \
                                   ^
main.c: In function 'main':
main.c:67:19: warning: implicit declaration of function 'ProcessCAN' [-Wimplicit-function-declaration]
             err = ProcessCAN(&can_recieve, &can_send);
                   ^
main.c:39:9: warning: variable 'err' set but not used [-Wunused-but-set-variable]
     int err;
         ^
main.c: In function 'Initialize':
main.c:81:12: warning: unused variable 'err' [-Wunused-variable]
     uint32 err;
            ^
In file included from main.c:25:0:
main.c: At top level:
TempHum_Lib.h:26:16: warning: 'crc8' declared 'static' but never defined [-Wunused-function]
arm-none-eabi-gcc.exe -mcpu=cortex-m0 -mthumb -I. -IGenerated_Source\PSoC4 -Wa,-alh=.\CortexM0\ARM_GCC_541\Debug/Science_CAN.lst -g -D DEBUG -Wall -ffunction-sections -ffat-lto-objects -Og -c Science_CAN.c -o .\CortexM0\ARM_GCC_541\Debug\Science_CAN.o
 static uint8_t crc8(const uint8_t *data, int len);
                ^
TempHum_Lib.h:28:13: warning: 'writeCommand' declared 'static' but never defined [-Wunused-function]
 static bool writeCommand(uint16_t command);
             ^
TempHum_Lib.h:30:13: warning: 'readData' declared 'static' but never defined [-Wunused-function]
 static bool readData(uint8_t *buffer, uint8_t len);
             ^
In file included from Science_CAN.c:18:0:
arm-none-eabi-gcc.exe -mcpu=cortex-m0 -mthumb -I. -IGenerated_Source\PSoC4 -Wa,-alh=.\CortexM0\ARM_GCC_541\Debug/Sensors.lst -g -D DEBUG -Wall -ffunction-sections -ffat-lto-objects -Og -c Sensors.c -o .\CortexM0\ARM_GCC_541\Debug\Sensors.o
TempHum_Lib.h:12:42: warning: multi-line comment [-Wcomment]
 #define SHT31_MEAS_LOWREP_STRETCH 0x2C10 // Measurement Low Repeatability with Clock Stretch Enabled*/                                              \
                                          ^
TempHum_Lib.h:14:35: warning: multi-line comment [-Wcomment]
 #define SHT31_MEAS_HIGHREP 0x2400 // Measurement High Repeatability with Clock Stretch Disabled /                                                     \
                                   ^
Science_CAN.c: In function 'ProcessCAN':
Science_CAN.c:38:10: warning: unused variable 'status' [-Wunused-variable]
     bool status;
          ^
Science_CAN.c:37:17: warning: unused variable 'hum' [-Wunused-variable]
     float temp, hum;
                 ^
Science_CAN.c:37:11: warning: unused variable 'temp' [-Wunused-variable]
     float temp, hum;
           ^
In file included from Science_CAN.c:18:0:
Science_CAN.c: At top level:
TempHum_Lib.h:26:16: warning: 'crc8' declared 'static' but never defined [-Wunused-function]
 static uint8_t crc8(const uint8_t *data, int len);
                ^
TempHum_Lib.h:28:13: warning: 'writeCommand' declared 'static' but never defined [-Wunused-function]
 static bool writeCommand(uint16_t command);
             ^
TempHum_Lib.h:30:13: warning: 'readData' declared 'static' but never defined [-Wunused-function]
 static bool readData(uint8_t *buffer, uint8_t len);
             ^
In file included from Sensors.c:4:0:
./TempHum_Lib.h:12:42: warning: multi-line comment [-Wcomment]
 #define SHT31_MEAS_LOWREP_STRETCH 0x2C10 // Measurement Low Repeatability with Clock Stretch Enabled*/                                              \
                                          ^
./TempHum_Lib.h:14:35: warning: multi-line comment [-Wcomment]
 #define SHT31_MEAS_HIGHREP 0x2400 // Measurement High Repeatability with Clock Stretch Disabled /                                                     \
                                   ^
./TempHum_Lib.h:26:16: warning: 'crc8' declared 'static' but never defined [-Wunused-function]
 static uint8_t crc8(const uint8_t *data, int len);
                ^
./TempHum_Lib.h:28:13: warning: 'writeCommand' declared 'static' but never defined [-Wunused-function]
 static bool writeCommand(uint16_t command);
             ^
./TempHum_Lib.h:30:13: warning: 'readData' declared 'static' but never defined [-Wunused-function]
 static bool readData(uint8_t *buffer, uint8_t len);
             ^
arm-none-eabi-ar.exe -rs .\CortexM0\ARM_GCC_541\Debug\CAN.a .\CortexM0\ARM_GCC_541\Debug\Output_Pin_0.o .\CortexM0\ARM_GCC_541\Debug\Output_Pin_0_PM.o .\CortexM0\ARM_GCC_541\Debug\Output_Pin_1.o .\CortexM0\ARM_GCC_541\Debug\Output_Pin_1_PM.o .\CortexM0\ARM_GCC_541\Debug\Input_Pin_0.o .\CortexM0\ARM_GCC_541\Debug\Input_Pin_0_PM.o .\CortexM0\ARM_GCC_541\Debug\Input_Pin_1.o .\CortexM0\ARM_GCC_541\Debug\Input_Pin_1_PM.o .\CortexM0\ARM_GCC_541\Debug\Input_0_Int.o .\CortexM0\ARM_GCC_541\Debug\Input_1_Int.o .\CortexM0\ARM_GCC_541\Debug\Comp_0.o .\CortexM0\ARM_GCC_541\Debug\Comp_0_PM.o .\CortexM0\ARM_GCC_541\Debug\CompP_0.o .\CortexM0\ARM_GCC_541\Debug\CompP_0_PM.o .\CortexM0\ARM_GCC_541\Debug\CompM_0.o .\CortexM0\ARM_GCC_541\Debug\CompM_0_PM.o .\CortexM0\ARM_GCC_541\Debug\Comp_1.o .\CortexM0\ARM_GCC_541\Debug\Comp_1_PM.o .\CortexM0\ARM_GCC_541\Debug\CompP_1.o .\CortexM0\ARM_GCC_541\Debug\CompP_1_PM.o .\CortexM0\ARM_GCC_541\Debug\CompM_1.o .\CortexM0\ARM_GCC_541\Debug\CompM_1_PM.o .\CortexM0\ARM_GCC_541\Debug\LPComp_Int.o .\CortexM0\ARM_GCC_541\Debug\Wakeup_Pin.o .\CortexM0\ARM_GCC_541\Debug\Wakeup_Pin_PM.o .\CortexM0\ARM_GCC_541\Debug\Wakeup_Pin_Int.o .\CortexM0\ARM_GCC_541\Debug\Timer_Int.o .\CortexM0\ARM_GCC_541\Debug\Timer_Pin.o .\CortexM0\ARM_GCC_541\Debug\Timer_Pin_PM.o .\CortexM0\ARM_GCC_541\Debug\CapSense.o .\CortexM0\ARM_GCC_541\Debug\CapSense_PM.o .\CortexM0\ARM_GCC_541\Debug\CapSense_CSHL.o .\CortexM0\ARM_GCC_541\Debug\CapSense_INT.o .\CortexM0\ARM_GCC_541\Debug\CapSense_TunerHelper.o .\CortexM0\ARM_GCC_541\Debug\CapSense_SMS.o .\CortexM0\ARM_GCC_541\Debug\IDAC_8bit_Out.o .\CortexM0\ARM_GCC_541\Debug\IDAC_8bit_Out_PM.o .\CortexM0\ARM_GCC_541\Debug\IDAC_7bit_In.o .\CortexM0\ARM_GCC_541\Debug\IDAC_7bit_In_PM.o .\CortexM0\ARM_GCC_541\Debug\IDAC_8bit.o .\CortexM0\ARM_GCC_541\Debug\IDAC_8bit_PM.o .\CortexM0\ARM_GCC_541\Debug\IDAC_7bit.o .\CortexM0\ARM_GCC_541\Debug\IDAC_7bit_PM.o .\CortexM0\ARM_GCC_541\Debug\ADC_EOC_Int.o .\CortexM0\ARM_GCC_541\Debug\ADC_2_Buffer.o .\CortexM0\ARM_GCC_541\Debug\ADC_2_Buffer_PM.o .\CortexM0\ARM_GCC_541\Debug\ADC_3_Buffer.o .\CortexM0\ARM_GCC_541\Debug\ADC_3_Buffer_PM.o .\CortexM0\ARM_GCC_541\Debug\ADC_0.o .\CortexM0\ARM_GCC_541\Debug\ADC_0_PM.o .\CortexM0\ARM_GCC_541\Debug\ADC_1P.o .\CortexM0\ARM_GCC_541\Debug\ADC_1P_PM.o .\CortexM0\ARM_GCC_541\Debug\ADC_1M.o .\CortexM0\ARM_GCC_541\Debug\ADC_1M_PM.o .\CortexM0\ARM_GCC_541\Debug\ADC_2.o .\CortexM0\ARM_GCC_541\Debug\ADC_2_PM.o .\CortexM0\ARM_GCC_541\Debug\ADC_3.o .\CortexM0\ARM_GCC_541\Debug\ADC_3_PM.o .\CortexM0\ARM_GCC_541\Debug\ADC.o .\CortexM0\ARM_GCC_541\Debug\ADC_PM.o .\CortexM0\ARM_GCC_541\Debug\ADC_INT.o .\CortexM0\ARM_GCC_541\Debug\Clock_1MHz.o .\CortexM0\ARM_GCC_541\Debug\PWM_0_Int.o .\CortexM0\ARM_GCC_541\Debug\PWM_0_Out.o .\CortexM0\ARM_GCC_541\Debug\PWM_0_Out_PM.o .\CortexM0\ARM_GCC_541\Debug\PWM_1_Out.o .\CortexM0\ARM_GCC_541\Debug\PWM_1_Out_PM.o .\CortexM0\ARM_GCC_541\Debug\PWM_2_Out.o .\CortexM0\ARM_GCC_541\Debug\PWM_2_Out_PM.o .\CortexM0\ARM_GCC_541\Debug\Timer.o .\CortexM0\ARM_GCC_541\Debug\Timer_PM.o .\CortexM0\ARM_GCC_541\Debug\PWM_2.o .\CortexM0\ARM_GCC_541\Debug\PWM_2_PM.o .\CortexM0\ARM_GCC_541\Debug\PWM_1.o .\CortexM0\ARM_GCC_541\Debug\PWM_1_PM.o .\CortexM0\ARM_GCC_541\Debug\PWM_0.o .\CortexM0\ARM_GCC_541\Debug\PWM_0_PM.o .\CortexM0\ARM_GCC_541\Debug\SPI.o .\CortexM0\ARM_GCC_541\Debug\SPI_SPI_UART.o .\CortexM0\ARM_GCC_541\Debug\SPI_PM.o .\CortexM0\ARM_GCC_541\Debug\SPI_SPI.o .\CortexM0\ARM_GCC_541\Debug\SPI_BOOT.o .\CortexM0\ARM_GCC_541\Debug\SPI_SPI_BOOT.o .\CortexM0\ARM_GCC_541\Debug\HumTemp_I2C.o .\CortexM0\ARM_GCC_541\Debug\HumTemp_I2C_I2C_INT.o .\CortexM0\ARM_GCC_541\Debug\HumTemp_I2C_I2C.o .\CortexM0\ARM_GCC_541\Debug\HumTemp_I2C_I2C_BOOT.o .\CortexM0\ARM_GCC_541\Debug\HumTemp_I2C_I2C_MASTER.o .\CortexM0\ARM_GCC_541\Debug\HumTemp_I2C_PM.o .\CortexM0\ARM_GCC_541\Debug\HumTemp_I2C_BOOT.o .\CortexM0\ARM_GCC_541\Debug\RX_1.o .\CortexM0\ARM_GCC_541\Debug\RX_1_PM.o .\CortexM0\ARM_GCC_541\Debug\TX_1.o .\CortexM0\ARM_GCC_541\Debug\TX_1_PM.o .\CortexM0\ARM_GCC_541\Debug\CapSense_SampleClk.o .\CortexM0\ARM_GCC_541\Debug\CapSense_SenseClk.o .\CortexM0\ARM_GCC_541\Debug\ADC_IRQ.o .\CortexM0\ARM_GCC_541\Debug\ADC_intClock.o .\CortexM0\ARM_GCC_541\Debug\SPI_SCBCLK.o .\CortexM0\ARM_GCC_541\Debug\SPI_ss_s.o .\CortexM0\ARM_GCC_541\Debug\SPI_ss_s_PM.o .\CortexM0\ARM_GCC_541\Debug\SPI_miso_s.o .\CortexM0\ARM_GCC_541\Debug\SPI_miso_s_PM.o .\CortexM0\ARM_GCC_541\Debug\SPI_sclk_s.o .\CortexM0\ARM_GCC_541\Debug\SPI_sclk_s_PM.o .\CortexM0\ARM_GCC_541\Debug\SPI_mosi_s.o .\CortexM0\ARM_GCC_541\Debug\SPI_mosi_s_PM.o .\CortexM0\ARM_GCC_541\Debug\HumTemp_I2C_SCBCLK.o .\CortexM0\ARM_GCC_541\Debug\HumTemp_I2C_sda.o .\CortexM0\ARM_GCC_541\Debug\HumTemp_I2C_sda_PM.o .\CortexM0\ARM_GCC_541\Debug\HumTemp_I2C_scl.o .\CortexM0\ARM_GCC_541\Debug\HumTemp_I2C_scl_PM.o .\CortexM0\ARM_GCC_541\Debug\HumTemp_I2C_SCB_IRQ.o .\CortexM0\ARM_GCC_541\Debug\CyFlash.o .\CortexM0\ARM_GCC_541\Debug\CyLib.o .\CortexM0\ARM_GCC_541\Debug\cyPm.o .\CortexM0\ARM_GCC_541\Debug\cyutils.o .\CortexM0\ARM_GCC_541\Debug\CyDMA.o .\CortexM0\ARM_GCC_541\Debug\CyLFClk.o .\CortexM0\ARM_GCC_541\Debug\cy_em_eeprom.o .\CortexM0\ARM_GCC_541\Debug\UART.o .\CortexM0\ARM_GCC_541\Debug\UART_SPI_UART.o .\CortexM0\ARM_GCC_541\Debug\UART_SPI_UART_INT.o .\CortexM0\ARM_GCC_541\Debug\UART_PM.o .\CortexM0\ARM_GCC_541\Debug\UART_UART.o .\CortexM0\ARM_GCC_541\Debug\UART_BOOT.o .\CortexM0\ARM_GCC_541\Debug\UART_UART_BOOT.o .\CortexM0\ARM_GCC_541\Debug\CAN.o .\CortexM0\ARM_GCC_541\Debug\CAN_INT.o .\CortexM0\ARM_GCC_541\Debug\CAN_PM.o .\CortexM0\ARM_GCC_541\Debug\CAN_TX_RX_func.o .\CortexM0\ARM_GCC_541\Debug\UART_SCBCLK.o .\CortexM0\ARM_GCC_541\Debug\UART_tx.o .\CortexM0\ARM_GCC_541\Debug\UART_tx_PM.o .\CortexM0\ARM_GCC_541\Debug\UART_rx.o .\CortexM0\ARM_GCC_541\Debug\UART_rx_PM.o .\CortexM0\ARM_GCC_541\Debug\CAN_isr.o .\CortexM0\ARM_GCC_541\Debug\CAN_HFCLK.o .\CortexM0\ARM_GCC_541\Debug\CyBootAsmGnu.o
arm-none-eabi-ar.exe: creating .\CortexM0\ARM_GCC_541\Debug\CAN.a
arm-none-eabi-gcc.exe -Wl,--start-group -o C:\Users\becca\Documents\GitHub\Science_Sensor_Board\Science_Sensor_Board\Final\CAN.cydsn\CortexM0\ARM_GCC_541\Debug\CAN.elf .\CortexM0\ARM_GCC_541\Debug\main.o .\CortexM0\ARM_GCC_541\Debug\Science_CAN.o .\CortexM0\ARM_GCC_541\Debug\Sensors.o .\CortexM0\ARM_GCC_541\Debug\TempHum_Lib.o .\CortexM0\ARM_GCC_541\Debug\PortPSOC_CY8C4248AZI_L485.o .\CortexM0\ARM_GCC_541\Debug\CANCommon.o .\CortexM0\ARM_GCC_541\Debug\CANGPIO.o .\CortexM0\ARM_GCC_541\Debug\CANLocalization.o .\CortexM0\ARM_GCC_541\Debug\CANMotorUnit.o .\CortexM0\ARM_GCC_541\Debug\CANPacket.o .\CortexM0\ARM_GCC_541\Debug\CANPower.o .\CortexM0\ARM_GCC_541\Debug\CANScience.o .\CortexM0\ARM_GCC_541\Debug\cyfitter_cfg.o .\CortexM0\ARM_GCC_541\Debug\cymetadata.o .\CortexM0\ARM_GCC_541\Debug\Cm0Start.o .\CortexM0\ARM_GCC_541\Debug\CAN.a "C:\Program Files (x86)\Cypress\PSoC Creator\4.4\PSoC Creator\psoc\content\CyComponentLibrary\CyComponentLibrary.cylib\CapSense_CSD_P4_v2_60\PSoC4\Library\CapsenseP4Library_GCC.a" -mcpu=cortex-m0 -mthumb -L Generated_Source\PSoC4 -Wl,-Map,.\CortexM0\ARM_GCC_541\Debug/CAN.map -T Generated_Source\PSoC4\cm0gcc.ld -specs=nano.specs -Wl,--gc-sections -g -ffunction-sections -Og -ffat-lto-objects -Wl,--end-group
cyelftool.exe -C C:\Users\becca\Documents\GitHub\Science_Sensor_Board\Science_Sensor_Board\Final\CAN.cydsn\CortexM0\ARM_GCC_541\Debug\CAN.elf --flash_row_size 256 --flash_size 262144 --flash_offset 0x00000000
No ELF section .cychecksum found, creating one
Application checksum calculated and stored in ELF section .cychecksum
Checksum calculated and stored in ELF section .cymeta
cyelftool.exe -S C:\Users\becca\Documents\GitHub\Science_Sensor_Board\Science_Sensor_Board\Final\CAN.cydsn\CortexM0\ARM_GCC_541\Debug\CAN.elf
Flash used: 14614 of 262144 bytes (5.6%).
SRAM used: 3024 of 32768 bytes (9.2%). Stack: 2048 bytes. Heap: 128 bytes.
--------------- Build Succeeded: 05/10/2025 15:23:17 ---------------
