--------------- Rebuild Started: 05/07/2025 18:53:13 Project: CAN, Configuration: ARM GCC 5.4-2016-q2-update Debug ---------------
Deleting file ".\CortexM0\ARM_GCC_541\Debug\main.o"
Deleting file ".\CortexM0\ARM_GCC_541\Debug\Science_CAN.o"
Deleting file ".\CortexM0\ARM_GCC_541\Debug\Sensors.o"
Deleting file ".\CortexM0\ARM_GCC_541\Debug\TempHum_Lib.o"
Deleting file ".\CortexM0\ARM_GCC_541\Debug\CANCommon.o"
Deleting file ".\CortexM0\ARM_GCC_541\Debug\CANGPIO.o"
Deleting file ".\CortexM0\ARM_GCC_541\Debug\CANLocalization.o"
Deleting file ".\CortexM0\ARM_GCC_541\Debug\CANMotorUnit.o"
Deleting file ".\CortexM0\ARM_GCC_541\Debug\CANPacket.o"
Deleting file ".\CortexM0\ARM_GCC_541\Debug\CANPower.o"
Deleting file ".\CortexM0\ARM_GCC_541\Debug\CANScience.o"
Deleting file ".\CortexM0\ARM_GCC_541\Debug\cyfitter_cfg.o"
Deleting file ".\CortexM0\ARM_GCC_541\Debug\cymetadata.o"
Deleting file ".\CortexM0\ARM_GCC_541\Debug\Output_Pin_0.o"
Deleting file ".\CortexM0\ARM_GCC_541\Debug\Output_Pin_0_PM.o"
Deleting file ".\CortexM0\ARM_GCC_541\Debug\Output_Pin_1.o"
Deleting file ".\CortexM0\ARM_GCC_541\Debug\Output_Pin_1_PM.o"
Deleting file ".\CortexM0\ARM_GCC_541\Debug\Input_Pin_0.o"
Deleting file ".\CortexM0\ARM_GCC_541\Debug\Input_Pin_0_PM.o"
Deleting file ".\CortexM0\ARM_GCC_541\Debug\Input_Pin_1.o"
Deleting file ".\CortexM0\ARM_GCC_541\Debug\Input_Pin_1_PM.o"
Deleting file ".\CortexM0\ARM_GCC_541\Debug\Input_0_Int.o"
Deleting file ".\CortexM0\ARM_GCC_541\Debug\Input_1_Int.o"
Deleting file ".\CortexM0\ARM_GCC_541\Debug\Comp_0.o"
Deleting file ".\CortexM0\ARM_GCC_541\Debug\Comp_0_PM.o"
Deleting file ".\CortexM0\ARM_GCC_541\Debug\CompP_0.o"
Deleting file ".\CortexM0\ARM_GCC_541\Debug\CompP_0_PM.o"
Deleting file ".\CortexM0\ARM_GCC_541\Debug\CompM_0.o"
Deleting file ".\CortexM0\ARM_GCC_541\Debug\CompM_0_PM.o"
Deleting file ".\CortexM0\ARM_GCC_541\Debug\Comp_1.o"
Deleting file ".\CortexM0\ARM_GCC_541\Debug\Comp_1_PM.o"
Deleting file ".\CortexM0\ARM_GCC_541\Debug\CompP_1.o"
Deleting file ".\CortexM0\ARM_GCC_541\Debug\CompP_1_PM.o"
Deleting file ".\CortexM0\ARM_GCC_541\Debug\CompM_1.o"
Deleting file ".\CortexM0\ARM_GCC_541\Debug\CompM_1_PM.o"
Deleting file ".\CortexM0\ARM_GCC_541\Debug\LPComp_Int.o"
Deleting file ".\CortexM0\ARM_GCC_541\Debug\Wakeup_Pin.o"
Deleting file ".\CortexM0\ARM_GCC_541\Debug\Wakeup_Pin_PM.o"
Deleting file ".\CortexM0\ARM_GCC_541\Debug\Wakeup_Pin_Int.o"
Deleting file ".\CortexM0\ARM_GCC_541\Debug\Timer_Int.o"
Deleting file ".\CortexM0\ARM_GCC_541\Debug\Timer_Pin.o"
Deleting file ".\CortexM0\ARM_GCC_541\Debug\Timer_Pin_PM.o"
Deleting file ".\CortexM0\ARM_GCC_541\Debug\CapSense.o"
Deleting file ".\CortexM0\ARM_GCC_541\Debug\CapSense_PM.o"
Deleting file ".\CortexM0\ARM_GCC_541\Debug\CapSense_CSHL.o"
Deleting file ".\CortexM0\ARM_GCC_541\Debug\CapSense_INT.o"
Deleting file ".\CortexM0\ARM_GCC_541\Debug\CapSense_TunerHelper.o"
Deleting file ".\CortexM0\ARM_GCC_541\Debug\CapSense_SMS.o"
Deleting file ".\CortexM0\ARM_GCC_541\Debug\IDAC_8bit_Out.o"
Deleting file ".\CortexM0\ARM_GCC_541\Debug\IDAC_8bit_Out_PM.o"
Deleting file ".\CortexM0\ARM_GCC_541\Debug\IDAC_7bit_In.o"
Deleting file ".\CortexM0\ARM_GCC_541\Debug\IDAC_7bit_In_PM.o"
Deleting file ".\CortexM0\ARM_GCC_541\Debug\IDAC_8bit.o"
Deleting file ".\CortexM0\ARM_GCC_541\Debug\IDAC_8bit_PM.o"
Deleting file ".\CortexM0\ARM_GCC_541\Debug\IDAC_7bit.o"
Deleting file ".\CortexM0\ARM_GCC_541\Debug\IDAC_7bit_PM.o"
Deleting file ".\CortexM0\ARM_GCC_541\Debug\ADC_EOC_Int.o"
Deleting file ".\CortexM0\ARM_GCC_541\Debug\ADC_2_Buffer.o"
Deleting file ".\CortexM0\ARM_GCC_541\Debug\ADC_2_Buffer_PM.o"
Deleting file ".\CortexM0\ARM_GCC_541\Debug\ADC_3_Buffer.o"
Deleting file ".\CortexM0\ARM_GCC_541\Debug\ADC_3_Buffer_PM.o"
Deleting file ".\CortexM0\ARM_GCC_541\Debug\ADC_0.o"
Deleting file ".\CortexM0\ARM_GCC_541\Debug\ADC_0_PM.o"
Deleting file ".\CortexM0\ARM_GCC_541\Debug\ADC_1P.o"
Deleting file ".\CortexM0\ARM_GCC_541\Debug\ADC_1P_PM.o"
Deleting file ".\CortexM0\ARM_GCC_541\Debug\ADC_1M.o"
Deleting file ".\CortexM0\ARM_GCC_541\Debug\ADC_1M_PM.o"
Deleting file ".\CortexM0\ARM_GCC_541\Debug\ADC_2.o"
Deleting file ".\CortexM0\ARM_GCC_541\Debug\ADC_2_PM.o"
Deleting file ".\CortexM0\ARM_GCC_541\Debug\ADC_3.o"
Deleting file ".\CortexM0\ARM_GCC_541\Debug\ADC_3_PM.o"
Deleting file ".\CortexM0\ARM_GCC_541\Debug\ADC.o"
Deleting file ".\CortexM0\ARM_GCC_541\Debug\ADC_PM.o"
Deleting file ".\CortexM0\ARM_GCC_541\Debug\ADC_INT.o"
Deleting file ".\CortexM0\ARM_GCC_541\Debug\Clock_1MHz.o"
Deleting file ".\CortexM0\ARM_GCC_541\Debug\PWM_0_Int.o"
Deleting file ".\CortexM0\ARM_GCC_541\Debug\PWM_0_Out.o"
Deleting file ".\CortexM0\ARM_GCC_541\Debug\PWM_0_Out_PM.o"
Deleting file ".\CortexM0\ARM_GCC_541\Debug\PWM_1_Out.o"
Deleting file ".\CortexM0\ARM_GCC_541\Debug\PWM_1_Out_PM.o"
Deleting file ".\CortexM0\ARM_GCC_541\Debug\PWM_2_Out.o"
Deleting file ".\CortexM0\ARM_GCC_541\Debug\PWM_2_Out_PM.o"
Deleting file ".\CortexM0\ARM_GCC_541\Debug\Timer.o"
Deleting file ".\CortexM0\ARM_GCC_541\Debug\Timer_PM.o"
Deleting file ".\CortexM0\ARM_GCC_541\Debug\PWM_2.o"
Deleting file ".\CortexM0\ARM_GCC_541\Debug\PWM_2_PM.o"
Deleting file ".\CortexM0\ARM_GCC_541\Debug\PWM_1.o"
Deleting file ".\CortexM0\ARM_GCC_541\Debug\PWM_1_PM.o"
Deleting file ".\CortexM0\ARM_GCC_541\Debug\PWM_0.o"
Deleting file ".\CortexM0\ARM_GCC_541\Debug\PWM_0_PM.o"
Deleting file ".\CortexM0\ARM_GCC_541\Debug\SPI.o"
Deleting file ".\CortexM0\ARM_GCC_541\Debug\SPI_SPI_UART.o"
Deleting file ".\CortexM0\ARM_GCC_541\Debug\SPI_PM.o"
Deleting file ".\CortexM0\ARM_GCC_541\Debug\SPI_SPI.o"
Deleting file ".\CortexM0\ARM_GCC_541\Debug\SPI_BOOT.o"
Deleting file ".\CortexM0\ARM_GCC_541\Debug\SPI_SPI_BOOT.o"
Deleting file ".\CortexM0\ARM_GCC_541\Debug\HumTemp_I2C.o"
Deleting file ".\CortexM0\ARM_GCC_541\Debug\HumTemp_I2C_I2C_INT.o"
Deleting file ".\CortexM0\ARM_GCC_541\Debug\HumTemp_I2C_I2C.o"
Deleting file ".\CortexM0\ARM_GCC_541\Debug\HumTemp_I2C_I2C_BOOT.o"
Deleting file ".\CortexM0\ARM_GCC_541\Debug\HumTemp_I2C_I2C_MASTER.o"
Deleting file ".\CortexM0\ARM_GCC_541\Debug\HumTemp_I2C_PM.o"
Deleting file ".\CortexM0\ARM_GCC_541\Debug\HumTemp_I2C_BOOT.o"
Deleting file ".\CortexM0\ARM_GCC_541\Debug\RX_1.o"
Deleting file ".\CortexM0\ARM_GCC_541\Debug\RX_1_PM.o"
Deleting file ".\CortexM0\ARM_GCC_541\Debug\TX_1.o"
Deleting file ".\CortexM0\ARM_GCC_541\Debug\TX_1_PM.o"
Deleting file ".\CortexM0\ARM_GCC_541\Debug\CapSense_SampleClk.o"
Deleting file ".\CortexM0\ARM_GCC_541\Debug\CapSense_SenseClk.o"
Deleting file ".\CortexM0\ARM_GCC_541\Debug\ADC_IRQ.o"
Deleting file ".\CortexM0\ARM_GCC_541\Debug\ADC_intClock.o"
Deleting file ".\CortexM0\ARM_GCC_541\Debug\SPI_SCBCLK.o"
Deleting file ".\CortexM0\ARM_GCC_541\Debug\SPI_ss_s.o"
Deleting file ".\CortexM0\ARM_GCC_541\Debug\SPI_ss_s_PM.o"
Deleting file ".\CortexM0\ARM_GCC_541\Debug\SPI_miso_s.o"
Deleting file ".\CortexM0\ARM_GCC_541\Debug\SPI_miso_s_PM.o"
Deleting file ".\CortexM0\ARM_GCC_541\Debug\SPI_sclk_s.o"
Deleting file ".\CortexM0\ARM_GCC_541\Debug\SPI_sclk_s_PM.o"
Deleting file ".\CortexM0\ARM_GCC_541\Debug\SPI_mosi_s.o"
Deleting file ".\CortexM0\ARM_GCC_541\Debug\SPI_mosi_s_PM.o"
Deleting file ".\CortexM0\ARM_GCC_541\Debug\HumTemp_I2C_SCBCLK.o"
Deleting file ".\CortexM0\ARM_GCC_541\Debug\HumTemp_I2C_sda.o"
Deleting file ".\CortexM0\ARM_GCC_541\Debug\HumTemp_I2C_sda_PM.o"
Deleting file ".\CortexM0\ARM_GCC_541\Debug\HumTemp_I2C_scl.o"
Deleting file ".\CortexM0\ARM_GCC_541\Debug\HumTemp_I2C_scl_PM.o"
Deleting file ".\CortexM0\ARM_GCC_541\Debug\HumTemp_I2C_SCB_IRQ.o"
Deleting file ".\CortexM0\ARM_GCC_541\Debug\Cm0Start.o"
Deleting file ".\CortexM0\ARM_GCC_541\Debug\CyFlash.o"
Deleting file ".\CortexM0\ARM_GCC_541\Debug\CyLib.o"
Deleting file ".\CortexM0\ARM_GCC_541\Debug\cyPm.o"
Deleting file ".\CortexM0\ARM_GCC_541\Debug\cyutils.o"
Deleting file ".\CortexM0\ARM_GCC_541\Debug\CyBootAsmGnu.o"
Deleting file ".\CortexM0\ARM_GCC_541\Debug\CyDMA.o"
Deleting file ".\CortexM0\ARM_GCC_541\Debug\CyLFClk.o"
Deleting file ".\CortexM0\ARM_GCC_541\Debug\cy_em_eeprom.o"
Deleting file ".\CortexM0\ARM_GCC_541\Debug\UART.o"
Deleting file ".\CortexM0\ARM_GCC_541\Debug\UART_SPI_UART.o"
Deleting file ".\CortexM0\ARM_GCC_541\Debug\UART_SPI_UART_INT.o"
Deleting file ".\CortexM0\ARM_GCC_541\Debug\UART_PM.o"
Deleting file ".\CortexM0\ARM_GCC_541\Debug\UART_UART.o"
Deleting file ".\CortexM0\ARM_GCC_541\Debug\UART_BOOT.o"
Deleting file ".\CortexM0\ARM_GCC_541\Debug\UART_UART_BOOT.o"
Deleting file ".\CortexM0\ARM_GCC_541\Debug\CAN.o"
Deleting file ".\CortexM0\ARM_GCC_541\Debug\CAN_INT.o"
Deleting file ".\CortexM0\ARM_GCC_541\Debug\CAN_PM.o"
Deleting file ".\CortexM0\ARM_GCC_541\Debug\CAN_TX_RX_func.o"
Deleting file ".\CortexM0\ARM_GCC_541\Debug\UART_SCBCLK.o"
Deleting file ".\CortexM0\ARM_GCC_541\Debug\UART_tx.o"
Deleting file ".\CortexM0\ARM_GCC_541\Debug\UART_tx_PM.o"
Deleting file ".\CortexM0\ARM_GCC_541\Debug\UART_rx.o"
Deleting file ".\CortexM0\ARM_GCC_541\Debug\UART_rx_PM.o"
Deleting file ".\CortexM0\ARM_GCC_541\Debug\CAN_isr.o"
Deleting file ".\CortexM0\ARM_GCC_541\Debug\CAN_HFCLK.o"
Deleting file ".\CortexM0\ARM_GCC_541\Debug\CAN.map"
Deleting file ".\CAN.cycdx"
Deleting file ".\CAN.svd"
Deleting file ".\CAN.rpt"
Deleting file ".\CAN_timing.html"
Deleting file ".\CortexM0\ARM_GCC_541\Debug\.deps\SOURCE_C__ARM_GCC_GENERIC.P"
Deleting file ".\CortexM0\ARM_GCC_541\Debug\.deps\SOURCE_ASM__ARM_GCC_GENERIC.P"
cydsfit.exe -.appdatapath "C:\Users\shahnaz\AppData\Local\Cypress Semiconductor\PSoC Creator\4.4" -.fdsnotice -.fdswarpdepfile=warp_dependencies.txt -.fdselabdepfile=elab_dependencies.txt -.fdsbldfile=generated_files.txt -.fdsreffile=referenced_files.txt -p C:\Users\shahnaz\Documents\GitHub\Science_Sensor_Board\Final\CAN.cydsn\CAN.cyprj -d CY8C4248AZI-L485 -s C:\Users\shahnaz\Documents\GitHub\Science_Sensor_Board\Final\CAN.cydsn\Generated_Source\PSoC4 -- -yv2 -q10 -ygs -o2 -v3 -.fftcfgtype=LE
Elaborating Design...
ADD: sdb.M0060: warning: Warning in component: CAN. The SYSCLK clock accuracy should be 1.58% or better. Please, enable WCO PLL in the Design-Wide Resource (*.cydwr) editor or use an external clock to meet the CAN accurate clocking requirements.
 * C:\Users\shahnaz\Documents\GitHub\Science_Sensor_Board\Final\CAN.cydsn\TopDesign\TopDesign.cysch (Instance:CAN)
HDL Generation...
Synthesis...
Tech Mapping...
ADD: pft.M0040: information: The following 27 pin(s) will be assigned a location by the fitter: \CapSense:Cmod(0)\, \CapSense:Sns(0)\, \CapSense:Sns(1)\, \SPI:miso_s(0)\, \SPI:mosi_s(0)\, \SPI:sclk_s(0)\, \SPI:ss_s(0)\, ADC_0(0), ADC_1M(0), ADC_1P(0), ADC_2(0), ADC_3(0), CompM_0(0), CompM_1(0), CompP_0(0), CompP_1(0), IDAC_7bit_In(0), IDAC_8bit_Out(0), Input_Pin_0(0), Input_Pin_1(0), Output_Pin_0(0), Output_Pin_1(0), PWM_0_Out(0), PWM_1_Out(0), PWM_2_Out(0), Timer_Pin(0), Wakeup_Pin(0)
Analog Placement...
Info: plm.M0038: The pin named \HumTemp_I2C:scl(0)\ at location [IOP=(5)][IoId=(0)] prevents usage of special purposes: F(CSD,1). (App=cydsfit)
Analog Routing...
Analog Code Generation...
Digital Placement...
Digital Routing...
Bitstream Generation...
Bitstream Verification...
Static timing analysis...
API Generation...
Dependency Generation...
Cleanup...
arm-none-eabi-gcc.exe -mcpu=cortex-m0 -mthumb -I. -IGenerated_Source\PSoC4 -Wa,-alh=.\CortexM0\ARM_GCC_541\Debug/main.lst -g -D DEBUG -Wall -ffunction-sections -ffat-lto-objects -Og -c main.c -o .\CortexM0\ARM_GCC_541\Debug\main.o
In file included from main.c:25:0:
TempHum_Lib.h:12:42: warning: multi-line comment [-Wcomment]
 #define SHT31_MEAS_LOWREP_STRETCH 0x2C10 // Measurement Low Repeatability with Clock Stretch Enabled*/                                              \
                                          ^
TempHum_Lib.h:14:35: warning: multi-line comment [-Wcomment]
 #define SHT31_MEAS_HIGHREP 0x2400 // Measurement High Repeatability with Clock Stretch Disabled /                                                     \
                                   ^
main.c: In function 'main':
main.c:46:19: warning: implicit declaration of function 'ProcessCAN' [-Wimplicit-function-declaration]
             err = ProcessCAN(&can_recieve, &can_send);
                   ^
main.c:39:9: warning: variable 'err' set but not used [-Wunused-but-set-variable]
     int err;
         ^
main.c: In function 'Initialize':
main.c:59:12: warning: unused variable 'err' [-Wunused-variable]
     uint32 err;
            ^
In file included from main.c:25:0:
main.c: At top level:
TempHum_Lib.h:26:16: warning: 'crc8' declared 'static' but never defined [-Wunused-function]
 static uint8_t crc8(const uint8_t *data, int len);
                ^
TempHum_Lib.h:28:13: warning: 'writeCommand' declared 'static' but never defined [-Wunused-function]
 static bool writeCommand(uint16_t command);
             ^
TempHum_Lib.h:30:13: warning: 'readData' declared 'static' but never defined [-Wunused-function]
 static bool readData(uint8_t *buffer, uint8_t len);
             ^
arm-none-eabi-gcc.exe -mcpu=cortex-m0 -mthumb -I. -IGenerated_Source\PSoC4 -Wa,-alh=.\CortexM0\ARM_GCC_541\Debug/Science_CAN.lst -g -D DEBUG -Wall -ffunction-sections -ffat-lto-objects -Og -c Science_CAN.c -o .\CortexM0\ARM_GCC_541\Debug\Science_CAN.o
In file included from Science_CAN.c:18:0:
TempHum_Lib.h:12:42: warning: multi-line comment [-Wcomment]
 #define SHT31_MEAS_LOWREP_STRETCH 0x2C10 // Measurement Low Repeatability with Clock Stretch Enabled*/                                              \
                                          ^
TempHum_Lib.h:14:35: warning: multi-line comment [-Wcomment]
 #define SHT31_MEAS_HIGHREP 0x2400 // Measurement High Repeatability with Clock Stretch Disabled /                                                     \
                                   ^
Science_CAN.c: In function 'ProcessCAN':
Science_CAN.c:35:10: warning: unused variable 'status' [-Wunused-variable]
     bool status;
          ^
Science_CAN.c:34:17: warning: unused variable 'hum' [-Wunused-variable]
     float temp, hum;
                 ^
Science_CAN.c:34:11: warning: unused variable 'temp' [-Wunused-variable]
     float temp, hum;
           ^
In file included from Science_CAN.c:18:0:
Science_CAN.c: At top level:
TempHum_Lib.h:26:16: warning: 'crc8' declared 'static' but never defined [-Wunused-function]
 static uint8_t crc8(const uint8_t *data, int len);
                ^
TempHum_Lib.h:28:13: warning: 'writeCommand' declared 'static' but never defined [-Wunused-function]
 static bool writeCommand(uint16_t command);
             ^
TempHum_Lib.h:30:13: warning: 'readData' declared 'static' but never defined [-Wunused-function]
 static bool readData(uint8_t *buffer, uint8_t len);
             ^
arm-none-eabi-gcc.exe -mcpu=cortex-m0 -mthumb -I. -IGenerated_Source\PSoC4 -Wa,-alh=.\CortexM0\ARM_GCC_541\Debug/Sensors.lst -g -D DEBUG -Wall -ffunction-sections -ffat-lto-objects -Og -c Sensors.c -o .\CortexM0\ARM_GCC_541\Debug\Sensors.o
In file included from Sensors.c:4:0:
./TempHum_Lib.h:12:42: warning: multi-line comment [-Wcomment]
 #define SHT31_MEAS_LOWREP_STRETCH 0x2C10 // Measurement Low Repeatability with Clock Stretch Enabled*/                                              \
                                          ^
./TempHum_Lib.h:14:35: warning: multi-line comment [-Wcomment]
 #define SHT31_MEAS_HIGHREP 0x2400 // Measurement High Repeatability with Clock Stretch Disabled /                                                     \
                                   ^
./TempHum_Lib.h:26:16: warning: 'crc8' declared 'static' but never defined [-Wunused-function]
 static uint8_t crc8(const uint8_t *data, int len);
                ^
./TempHum_Lib.h:28:13: warning: 'writeCommand' declared 'static' but never defined [-Wunused-function]
 static bool writeCommand(uint16_t command);
             ^
./TempHum_Lib.h:30:13: warning: 'readData' declared 'static' but never defined [-Wunused-function]
 static bool readData(uint8_t *buffer, uint8_t len);
             ^
arm-none-eabi-gcc.exe -mcpu=cortex-m0 -mthumb -I. -IGenerated_Source\PSoC4 -Wa,-alh=.\CortexM0\ARM_GCC_541\Debug/TempHum_Lib.lst -g -D DEBUG -Wall -ffunction-sections -ffat-lto-objects -Og -c TempHum_Lib.c -o .\CortexM0\ARM_GCC_541\Debug\TempHum_Lib.o
In file included from TempHum_Lib.c:3:0:
./TempHum_Lib.h:12:42: warning: multi-line comment [-Wcomment]
 #define SHT31_MEAS_LOWREP_STRETCH 0x2C10 // Measurement Low Repeatability with Clock Stretch Enabled*/                                              \
                                          ^
./TempHum_Lib.h:14:35: warning: multi-line comment [-Wcomment]
 #define SHT31_MEAS_HIGHREP 0x2400 // Measurement High Repeatability with Clock Stretch Disabled /                                                     \
                                   ^
TempHum_Lib.c: In function 'writeCommand':
TempHum_Lib.c:39:9: warning: implicit declaration of function 'sprintf' [-Wimplicit-function-declaration]
         sprintf(buffer, "err = %d\n", err);
         ^
TempHum_Lib.c:39:9: warning: incompatible implicit declaration of built-in function 'sprintf'
TempHum_Lib.c:39:9: note: include '<stdio.h>' or provide a declaration of 'sprintf'
TempHum_Lib.c:52:9: warning: incompatible implicit declaration of built-in function 'sprintf'
         sprintf(buffer, "err = %d\n", err);
         ^
TempHum_Lib.c:52:9: note: include '<stdio.h>' or provide a declaration of 'sprintf'
TempHum_Lib.c:57:9: warning: incompatible implicit declaration of built-in function 'sprintf'
         sprintf(buffer, "err = %d\n", err);
         ^
TempHum_Lib.c:57:9: note: include '<stdio.h>' or provide a declaration of 'sprintf'
TempHum_Lib.c: In function 'SHT31_Init':
TempHum_Lib.c:71:13: warning: unused variable 'status' [-Wunused-variable]
     uint8_t status = 0;
             ^
TempHum_Lib.c: In function 'SHT31_ReadTempHum':
TempHum_Lib.c:162:13: warning: incompatible implicit declaration of built-in function 'sprintf'
             sprintf(buffer, "i = %d\t", i);
             ^
TempHum_Lib.c:162:13: note: include '<stdio.h>' or provide a declaration of 'sprintf'
In file included from TempHum_Lib.c:3:0:
TempHum_Lib.c: At top level:
./TempHum_Lib.h:30:13: warning: 'readData' declared 'static' but never defined [-Wunused-function]
 static bool readData(uint8_t *buffer, uint8_t len);
             ^
arm-none-eabi-gcc.exe -mcpu=cortex-m0 -mthumb -I. -IGenerated_Source\PSoC4 -Wa,-alh=.\CortexM0\ARM_GCC_541\Debug/PortAT90CANxxx.lst -g -D DEBUG -Wall -ffunction-sections -ffat-lto-objects -Og -c HindsightCAN\PortFiles\PortAT90CANxxx.c -o .\CortexM0\ARM_GCC_541\Debug\PortAT90CANxxx.o
HindsightCAN\PortFiles\PortAT90CANxxx.c:6:18: fatal error: Port.h: No such file or directory
compilation terminated.
The command 'arm-none-eabi-gcc.exe' failed with exit code '1'.
--------------- Rebuild Failed: 05/07/2025 18:53:52 ---------------
