ARM GAS  C:\Users\shahnaz\AppData\Local\Temp\ccsSYMGo.s 			page 1


   1              		.syntax unified
   2              		.cpu cortex-m0
   3              		.fpu softvfp
   4              		.eabi_attribute 20, 1
   5              		.eabi_attribute 21, 1
   6              		.eabi_attribute 23, 3
   7              		.eabi_attribute 24, 1
   8              		.eabi_attribute 25, 1
   9              		.eabi_attribute 26, 1
  10              		.eabi_attribute 30, 1
  11              		.eabi_attribute 34, 0
  12              		.eabi_attribute 18, 4
  13              		.thumb
  14              		.syntax unified
  15              		.file	"main.c"
  16              		.text
  17              	.Ltext0:
  18              		.cfi_sections	.debug_frame
  19              		.section	.text.Initialize,"ax",%progbits
  20              		.align	2
  21              		.global	Initialize
  22              		.code	16
  23              		.thumb_func
  24              		.type	Initialize, %function
  25              	Initialize:
  26              	.LFB36:
  27              		.file 1 "main.c"
   1:main.c        **** /* ========================================
   2:main.c        ****  *
   3:main.c        ****  * Copyright YOUR COMPANY, THE YEAR
   4:main.c        ****  * All Rights Reserved
   5:main.c        ****  * UNPUBLISHED, LICENSED SOFTWARE.
   6:main.c        ****  *
   7:main.c        ****  * CONFIDENTIAL AND PROPRIETARY INFORMATION
   8:main.c        ****  * WHICH IS THE PROPERTY OF your company.
   9:main.c        ****  *
  10:main.c        ****  * ========================================
  11:main.c        **** */
  12:main.c        **** 
  13:main.c        **** #include <math.h>
  14:main.c        **** #include <stdint.h>
  15:main.c        **** #include <stdlib.h>
  16:main.c        **** #include <stdio.h>
  17:main.c        **** #include "cyapicallbacks.h"
  18:main.c        **** #include <CAN.h>
  19:main.c        **** #include "HindsightCAN/CANLibrary.h"
  20:main.c        **** //#include "HindsightCAN/CANScience.h"
  21:main.c        **** 
  22:main.c        **** #include <project.h>
  23:main.c        **** #include "HumTemp_I2C.h"
  24:main.c        **** #include "main.h"
  25:main.c        **** #include "TempHum_Lib.h"
  26:main.c        **** 
  27:main.c        **** // UART stuff
  28:main.c        **** char txData[TX_DATA_SIZE];
  29:main.c        **** 
  30:main.c        **** // CAN stuff
ARM GAS  C:\Users\shahnaz\AppData\Local\Temp\ccsSYMGo.s 			page 2


  31:main.c        **** CANPacket can_recieve;
  32:main.c        **** CANPacket can_send;
  33:main.c        **** uint8 address = 0;
  34:main.c        **** 
  35:main.c        **** int main(void)
  36:main.c        **** { 
  37:main.c        ****     Initialize();
  38:main.c        ****     
  39:main.c        ****     int err;
  40:main.c        ****     
  41:main.c        ****     for(;;)
  42:main.c        ****     {
  43:main.c        ****         err = 0;
  44:main.c        ****         
  45:main.c        ****         if (!PollAndReceiveCANPacket(&can_recieve)) {
  46:main.c        ****             err = ProcessCAN(&can_recieve, &can_send);
  47:main.c        ****         }
  48:main.c        ****         
  49:main.c        ****         /*
  50:main.c        ****         if (UART_SpiUartGetRxBufferSize()) {
  51:main.c        ****             DebugPrint(UART_UartGetByte());
  52:main.c        ****         }
  53:main.c        ****         */
  54:main.c        ****         CyDelay(10);
  55:main.c        ****     }
  56:main.c        **** }
  57:main.c        **** 
  58:main.c        **** void Initialize(void) {
  28              		.loc 1 58 0
  29              		.cfi_startproc
  30              		@ args = 0, pretend = 0, frame = 0
  31              		@ frame_needed = 0, uses_anonymous_args = 0
  32 0000 70B5     		push	{r4, r5, r6, lr}
  33              		.cfi_def_cfa_offset 16
  34              		.cfi_offset 4, -16
  35              		.cfi_offset 5, -12
  36              		.cfi_offset 6, -8
  37              		.cfi_offset 14, -4
  59:main.c        ****     uint32 err;
  60:main.c        ****     CyGlobalIntEnable; /* Enable global interrupts. LED arrays need this first */
  38              		.loc 1 60 0
  39              		.syntax divided
  40              	@ 60 "main.c" 1
  41 0002 62B6     		CPSIE   i
  42              	@ 0 "" 2
  61:main.c        ****     
  62:main.c        ****     sprintf(txData, "\r\nHello\r\n");
  43              		.loc 1 62 0
  44              		.thumb
  45              		.syntax unified
  46 0004 0F4C     		ldr	r4, .L2
  47 0006 0A22     		movs	r2, #10
  48 0008 0F49     		ldr	r1, .L2+4
  49 000a 2000     		movs	r0, r4
  50 000c FFF7FEFF 		bl	memcpy
  51              	.LVL0:
  63:main.c        ****     Print(txData);
ARM GAS  C:\Users\shahnaz\AppData\Local\Temp\ccsSYMGo.s 			page 3


  52              		.loc 1 63 0
  53 0010 2000     		movs	r0, r4
  54 0012 FFF7FEFF 		bl	UART_UartPutString
  55              	.LVL1:
  64:main.c        ****     
  65:main.c        ****     address = 0; // TODO replace with science sensor address
  56              		.loc 1 65 0
  57 0016 0D4D     		ldr	r5, .L2+8
  58 0018 0023     		movs	r3, #0
  59 001a 2B70     		strb	r3, [r5]
  66:main.c        ****     
  67:main.c        ****     UART_Start();
  60              		.loc 1 67 0
  61 001c FFF7FEFF 		bl	UART_Start
  62              	.LVL2:
  68:main.c        ****     SHT31_Init();
  63              		.loc 1 68 0
  64 0020 FFF7FEFF 		bl	SHT31_Init
  65              	.LVL3:
  69:main.c        ****     InitCAN(DEVICE_GROUP_SCIENCE, (int) address);
  66              		.loc 1 69 0
  67 0024 2978     		ldrb	r1, [r5]
  68 0026 0720     		movs	r0, #7
  69 0028 FFF7FEFF 		bl	InitCAN
  70              	.LVL4:
  70:main.c        ****     //Timer_Period_Reset_Start();
  71:main.c        ****     //isr_Period_Reset_StartEx(Period_Reset_Handler);
  72:main.c        ****     
  73:main.c        ****     sprintf(txData, "Address: %x \r\n", address);
  71              		.loc 1 73 0
  72 002c 2A78     		ldrb	r2, [r5]
  73 002e 0849     		ldr	r1, .L2+12
  74 0030 2000     		movs	r0, r4
  75 0032 FFF7FEFF 		bl	sprintf
  76              	.LVL5:
  74:main.c        ****     Print(txData);
  77              		.loc 1 74 0
  78 0036 2000     		movs	r0, r4
  79 0038 FFF7FEFF 		bl	UART_UartPutString
  80              	.LVL6:
  75:main.c        ****     
  76:main.c        ****     CyDelay(30); // ensure sensors are initialized
  81              		.loc 1 76 0
  82 003c 1E20     		movs	r0, #30
  83 003e FFF7FEFF 		bl	CyDelay
  84              	.LVL7:
  77:main.c        **** }
  85              		.loc 1 77 0
  86              		@ sp needed
  87 0042 70BD     		pop	{r4, r5, r6, pc}
  88              	.L3:
  89              		.align	2
  90              	.L2:
  91 0044 00000000 		.word	txData
  92 0048 00000000 		.word	.LC1
  93 004c 00000000 		.word	.LANCHOR0
  94 0050 0C000000 		.word	.LC4
ARM GAS  C:\Users\shahnaz\AppData\Local\Temp\ccsSYMGo.s 			page 4


  95              		.cfi_endproc
  96              	.LFE36:
  97              		.size	Initialize, .-Initialize
  98              		.section	.text.main,"ax",%progbits
  99              		.align	2
 100              		.global	main
 101              		.code	16
 102              		.thumb_func
 103              		.type	main, %function
 104              	main:
 105              	.LFB35:
  36:main.c        ****     Initialize();
 106              		.loc 1 36 0
 107              		.cfi_startproc
 108              		@ args = 0, pretend = 0, frame = 0
 109              		@ frame_needed = 0, uses_anonymous_args = 0
 110 0000 10B5     		push	{r4, lr}
 111              		.cfi_def_cfa_offset 8
 112              		.cfi_offset 4, -8
 113              		.cfi_offset 14, -4
  37:main.c        ****     
 114              		.loc 1 37 0
 115 0002 FFF7FEFF 		bl	Initialize
 116              	.LVL8:
 117              	.L6:
  45:main.c        ****             err = ProcessCAN(&can_recieve, &can_send);
 118              		.loc 1 45 0
 119 0006 0648     		ldr	r0, .L7
 120 0008 FFF7FEFF 		bl	PollAndReceiveCANPacket
 121              	.LVL9:
 122 000c 0028     		cmp	r0, #0
 123 000e 03D1     		bne	.L5
 124              	.LBB2:
  46:main.c        ****         }
 125              		.loc 1 46 0
 126 0010 0449     		ldr	r1, .L7+4
 127 0012 0348     		ldr	r0, .L7
 128 0014 FFF7FEFF 		bl	ProcessCAN
 129              	.LVL10:
 130              	.L5:
 131              	.LBE2:
  54:main.c        ****     }
 132              		.loc 1 54 0
 133 0018 0A20     		movs	r0, #10
 134 001a FFF7FEFF 		bl	CyDelay
 135              	.LVL11:
  55:main.c        **** }
 136              		.loc 1 55 0
 137 001e F2E7     		b	.L6
 138              	.L8:
 139              		.align	2
 140              	.L7:
 141 0020 00000000 		.word	can_recieve
 142 0024 00000000 		.word	can_send
 143              		.cfi_endproc
 144              	.LFE35:
 145              		.size	main, .-main
ARM GAS  C:\Users\shahnaz\AppData\Local\Temp\ccsSYMGo.s 			page 5


 146              		.global	address
 147              		.comm	can_send,12,4
 148              		.comm	can_recieve,12,4
 149              		.comm	txData,100,4
 150              		.section	.rodata.str1.4,"aMS",%progbits,1
 151              		.align	2
 152              	.LC1:
 153 0000 0D0A4865 		.ascii	"\015\012Hello\015\012\000"
 153      6C6C6F0D 
 153      0A00
 154 000a 0000     		.space	2
 155              	.LC4:
 156 000c 41646472 		.ascii	"Address: %x \015\012\000"
 156      6573733A 
 156      20257820 
 156      0D0A00
 157              		.bss
 158              		.set	.LANCHOR0,. + 0
 159              		.type	address, %object
 160              		.size	address, 1
 161              	address:
 162 0000 00       		.space	1
 163              		.text
 164              	.Letext0:
 165              		.file 2 "c:\\users\\shahnaz\\desktop\\psoc creator\\4.4\\psoc creator\\import\\gnu\\arm\\5.4.1\\ar
 166              		.file 3 "c:\\users\\shahnaz\\desktop\\psoc creator\\4.4\\psoc creator\\import\\gnu\\arm\\5.4.1\\ar
 167              		.file 4 "Generated_Source\\PSoC4/cytypes.h"
 168              		.file 5 "HindsightCAN/CANPacket.h"
 169              		.file 6 "Generated_Source\\PSoC4/UART_SPI_UART.h"
 170              		.file 7 "Generated_Source\\PSoC4/UART.h"
 171              		.file 8 "TempHum_Lib.h"
 172              		.file 9 "HindsightCAN/Port.h"
 173              		.file 10 "c:\\users\\shahnaz\\desktop\\psoc creator\\4.4\\psoc creator\\import\\gnu\\arm\\5.4.1\\a
 174              		.file 11 "Generated_Source\\PSoC4/CyLib.h"
 175              		.section	.debug_info,"",%progbits
 176              	.Ldebug_info0:
 177 0000 1B030000 		.4byte	0x31b
 178 0004 0400     		.2byte	0x4
 179 0006 00000000 		.4byte	.Ldebug_abbrev0
 180 000a 04       		.byte	0x4
 181 000b 01       		.uleb128 0x1
 182 000c 1B010000 		.4byte	.LASF34
 183 0010 0C       		.byte	0xc
 184 0011 CA010000 		.4byte	.LASF35
 185 0015 F9010000 		.4byte	.LASF36
 186 0019 00000000 		.4byte	.Ldebug_ranges0+0
 187 001d 00000000 		.4byte	0
 188 0021 00000000 		.4byte	.Ldebug_line0
 189 0025 02       		.uleb128 0x2
 190 0026 04       		.byte	0x4
 191 0027 05       		.byte	0x5
 192 0028 696E7400 		.ascii	"int\000"
 193 002c 03       		.uleb128 0x3
 194 002d 04       		.byte	0x4
 195 002e 07       		.byte	0x7
 196 002f D7000000 		.4byte	.LASF0
 197 0033 03       		.uleb128 0x3
ARM GAS  C:\Users\shahnaz\AppData\Local\Temp\ccsSYMGo.s 			page 6


 198 0034 08       		.byte	0x8
 199 0035 05       		.byte	0x5
 200 0036 BC010000 		.4byte	.LASF1
 201 003a 03       		.uleb128 0x3
 202 003b 08       		.byte	0x8
 203 003c 04       		.byte	0x4
 204 003d 40020000 		.4byte	.LASF2
 205 0041 03       		.uleb128 0x3
 206 0042 01       		.byte	0x1
 207 0043 06       		.byte	0x6
 208 0044 4C020000 		.4byte	.LASF3
 209 0048 04       		.uleb128 0x4
 210 0049 00000000 		.4byte	.LASF6
 211 004d 02       		.byte	0x2
 212 004e 1D       		.byte	0x1d
 213 004f 53000000 		.4byte	0x53
 214 0053 03       		.uleb128 0x3
 215 0054 01       		.byte	0x1
 216 0055 08       		.byte	0x8
 217 0056 61000000 		.4byte	.LASF4
 218 005a 03       		.uleb128 0x3
 219 005b 02       		.byte	0x2
 220 005c 05       		.byte	0x5
 221 005d BD000000 		.4byte	.LASF5
 222 0061 04       		.uleb128 0x4
 223 0062 AB000000 		.4byte	.LASF7
 224 0066 02       		.byte	0x2
 225 0067 2B       		.byte	0x2b
 226 0068 6C000000 		.4byte	0x6c
 227 006c 03       		.uleb128 0x3
 228 006d 02       		.byte	0x2
 229 006e 07       		.byte	0x7
 230 006f 8D000000 		.4byte	.LASF8
 231 0073 03       		.uleb128 0x3
 232 0074 04       		.byte	0x4
 233 0075 05       		.byte	0x5
 234 0076 11000000 		.4byte	.LASF9
 235 007a 03       		.uleb128 0x3
 236 007b 04       		.byte	0x4
 237 007c 07       		.byte	0x7
 238 007d 7B000000 		.4byte	.LASF10
 239 0081 03       		.uleb128 0x3
 240 0082 08       		.byte	0x8
 241 0083 07       		.byte	0x7
 242 0084 F7000000 		.4byte	.LASF11
 243 0088 03       		.uleb128 0x3
 244 0089 04       		.byte	0x4
 245 008a 07       		.byte	0x7
 246 008b B3010000 		.4byte	.LASF12
 247 008f 03       		.uleb128 0x3
 248 0090 01       		.byte	0x1
 249 0091 08       		.byte	0x8
 250 0092 D1010000 		.4byte	.LASF13
 251 0096 03       		.uleb128 0x3
 252 0097 08       		.byte	0x8
 253 0098 04       		.byte	0x4
 254 0099 B6000000 		.4byte	.LASF14
ARM GAS  C:\Users\shahnaz\AppData\Local\Temp\ccsSYMGo.s 			page 7


 255 009d 03       		.uleb128 0x3
 256 009e 04       		.byte	0x4
 257 009f 04       		.byte	0x4
 258 00a0 50000000 		.4byte	.LASF15
 259 00a4 04       		.uleb128 0x4
 260 00a5 0E010000 		.4byte	.LASF16
 261 00a9 03       		.byte	0x3
 262 00aa 18       		.byte	0x18
 263 00ab 48000000 		.4byte	0x48
 264 00af 04       		.uleb128 0x4
 265 00b0 E5010000 		.4byte	.LASF17
 266 00b4 03       		.byte	0x3
 267 00b5 24       		.byte	0x24
 268 00b6 61000000 		.4byte	0x61
 269 00ba 05       		.uleb128 0x5
 270 00bb 5B000000 		.4byte	.LASF18
 271 00bf 04       		.byte	0x4
 272 00c0 FB01     		.2byte	0x1fb
 273 00c2 53000000 		.4byte	0x53
 274 00c6 05       		.uleb128 0x5
 275 00c7 C7000000 		.4byte	.LASF19
 276 00cb 04       		.byte	0x4
 277 00cc FD01     		.2byte	0x1fd
 278 00ce 7A000000 		.4byte	0x7a
 279 00d2 06       		.uleb128 0x6
 280 00d3 0C       		.byte	0xc
 281 00d4 05       		.byte	0x5
 282 00d5 0F       		.byte	0xf
 283 00d6 FE000000 		.4byte	0xfe
 284 00da 07       		.uleb128 0x7
 285 00db 696400   		.ascii	"id\000"
 286 00de 05       		.byte	0x5
 287 00df 11       		.byte	0x11
 288 00e0 AF000000 		.4byte	0xaf
 289 00e4 00       		.byte	0
 290 00e5 07       		.uleb128 0x7
 291 00e6 646C6300 		.ascii	"dlc\000"
 292 00ea 05       		.byte	0x5
 293 00eb 12       		.byte	0x12
 294 00ec A4000000 		.4byte	0xa4
 295 00f0 02       		.byte	0x2
 296 00f1 08       		.uleb128 0x8
 297 00f2 56000000 		.4byte	.LASF20
 298 00f6 05       		.byte	0x5
 299 00f7 13       		.byte	0x13
 300 00f8 FE000000 		.4byte	0xfe
 301 00fc 03       		.byte	0x3
 302 00fd 00       		.byte	0
 303 00fe 09       		.uleb128 0x9
 304 00ff A4000000 		.4byte	0xa4
 305 0103 0E010000 		.4byte	0x10e
 306 0107 0A       		.uleb128 0xa
 307 0108 88000000 		.4byte	0x88
 308 010c 07       		.byte	0x7
 309 010d 00       		.byte	0
 310 010e 04       		.uleb128 0x4
 311 010f A9010000 		.4byte	.LASF21
ARM GAS  C:\Users\shahnaz\AppData\Local\Temp\ccsSYMGo.s 			page 8


 312 0113 05       		.byte	0x5
 313 0114 14       		.byte	0x14
 314 0115 D2000000 		.4byte	0xd2
 315 0119 0B       		.uleb128 0xb
 316 011a E4000000 		.4byte	.LASF37
 317 011e 01       		.byte	0x1
 318 011f 3A       		.byte	0x3a
 319 0120 00000000 		.4byte	.LFB36
 320 0124 54000000 		.4byte	.LFE36-.LFB36
 321 0128 01       		.uleb128 0x1
 322 0129 9C       		.byte	0x9c
 323 012a D5010000 		.4byte	0x1d5
 324 012e 0C       		.uleb128 0xc
 325 012f 65727200 		.ascii	"err\000"
 326 0133 01       		.byte	0x1
 327 0134 3B       		.byte	0x3b
 328 0135 C6000000 		.4byte	0xc6
 329 0139 0D       		.uleb128 0xd
 330 013a 10000000 		.4byte	.LVL0
 331 013e BC020000 		.4byte	0x2bc
 332 0142 5B010000 		.4byte	0x15b
 333 0146 0E       		.uleb128 0xe
 334 0147 01       		.uleb128 0x1
 335 0148 50       		.byte	0x50
 336 0149 02       		.uleb128 0x2
 337 014a 74       		.byte	0x74
 338 014b 00       		.sleb128 0
 339 014c 0E       		.uleb128 0xe
 340 014d 01       		.uleb128 0x1
 341 014e 51       		.byte	0x51
 342 014f 05       		.uleb128 0x5
 343 0150 03       		.byte	0x3
 344 0151 00000000 		.4byte	.LC1
 345 0155 0E       		.uleb128 0xe
 346 0156 01       		.uleb128 0x1
 347 0157 52       		.byte	0x52
 348 0158 01       		.uleb128 0x1
 349 0159 3A       		.byte	0x3a
 350 015a 00       		.byte	0
 351 015b 0D       		.uleb128 0xd
 352 015c 16000000 		.4byte	.LVL1
 353 0160 C5020000 		.4byte	0x2c5
 354 0164 6F010000 		.4byte	0x16f
 355 0168 0E       		.uleb128 0xe
 356 0169 01       		.uleb128 0x1
 357 016a 50       		.byte	0x50
 358 016b 02       		.uleb128 0x2
 359 016c 74       		.byte	0x74
 360 016d 00       		.sleb128 0
 361 016e 00       		.byte	0
 362 016f 0F       		.uleb128 0xf
 363 0170 20000000 		.4byte	.LVL2
 364 0174 D1020000 		.4byte	0x2d1
 365 0178 0F       		.uleb128 0xf
 366 0179 24000000 		.4byte	.LVL3
 367 017d DC020000 		.4byte	0x2dc
 368 0181 0D       		.uleb128 0xd
ARM GAS  C:\Users\shahnaz\AppData\Local\Temp\ccsSYMGo.s 			page 9


 369 0182 2C000000 		.4byte	.LVL4
 370 0186 E7020000 		.4byte	0x2e7
 371 018a 94010000 		.4byte	0x194
 372 018e 0E       		.uleb128 0xe
 373 018f 01       		.uleb128 0x1
 374 0190 50       		.byte	0x50
 375 0191 01       		.uleb128 0x1
 376 0192 37       		.byte	0x37
 377 0193 00       		.byte	0
 378 0194 0D       		.uleb128 0xd
 379 0195 36000000 		.4byte	.LVL5
 380 0199 F2020000 		.4byte	0x2f2
 381 019d B1010000 		.4byte	0x1b1
 382 01a1 0E       		.uleb128 0xe
 383 01a2 01       		.uleb128 0x1
 384 01a3 50       		.byte	0x50
 385 01a4 02       		.uleb128 0x2
 386 01a5 74       		.byte	0x74
 387 01a6 00       		.sleb128 0
 388 01a7 0E       		.uleb128 0xe
 389 01a8 01       		.uleb128 0x1
 390 01a9 51       		.byte	0x51
 391 01aa 05       		.uleb128 0x5
 392 01ab 03       		.byte	0x3
 393 01ac 0C000000 		.4byte	.LC4
 394 01b0 00       		.byte	0
 395 01b1 0D       		.uleb128 0xd
 396 01b2 3C000000 		.4byte	.LVL6
 397 01b6 C5020000 		.4byte	0x2c5
 398 01ba C5010000 		.4byte	0x1c5
 399 01be 0E       		.uleb128 0xe
 400 01bf 01       		.uleb128 0x1
 401 01c0 50       		.byte	0x50
 402 01c1 02       		.uleb128 0x2
 403 01c2 74       		.byte	0x74
 404 01c3 00       		.sleb128 0
 405 01c4 00       		.byte	0
 406 01c5 10       		.uleb128 0x10
 407 01c6 42000000 		.4byte	.LVL7
 408 01ca FD020000 		.4byte	0x2fd
 409 01ce 0E       		.uleb128 0xe
 410 01cf 01       		.uleb128 0x1
 411 01d0 50       		.byte	0x50
 412 01d1 01       		.uleb128 0x1
 413 01d2 4E       		.byte	0x4e
 414 01d3 00       		.byte	0
 415 01d4 00       		.byte	0
 416 01d5 11       		.uleb128 0x11
 417 01d6 16010000 		.4byte	.LASF38
 418 01da 01       		.byte	0x1
 419 01db 23       		.byte	0x23
 420 01dc 25000000 		.4byte	0x25
 421 01e0 00000000 		.4byte	.LFB35
 422 01e4 28000000 		.4byte	.LFE35-.LFB35
 423 01e8 01       		.uleb128 0x1
 424 01e9 9C       		.byte	0x9c
 425 01ea 68020000 		.4byte	0x268
ARM GAS  C:\Users\shahnaz\AppData\Local\Temp\ccsSYMGo.s 			page 10


 426 01ee 12       		.uleb128 0x12
 427 01ef 65727200 		.ascii	"err\000"
 428 01f3 01       		.byte	0x1
 429 01f4 27       		.byte	0x27
 430 01f5 25000000 		.4byte	0x25
 431 01f9 00000000 		.4byte	.LLST0
 432 01fd 13       		.uleb128 0x13
 433 01fe 10000000 		.4byte	.LBB2
 434 0202 08000000 		.4byte	.LBE2-.LBB2
 435 0206 38020000 		.4byte	0x238
 436 020a 14       		.uleb128 0x14
 437 020b EE010000 		.4byte	.LASF32
 438 020f 01       		.byte	0x1
 439 0210 2E       		.byte	0x2e
 440 0211 25000000 		.4byte	0x25
 441 0215 1B020000 		.4byte	0x21b
 442 0219 15       		.uleb128 0x15
 443 021a 00       		.byte	0
 444 021b 10       		.uleb128 0x10
 445 021c 18000000 		.4byte	.LVL10
 446 0220 08030000 		.4byte	0x308
 447 0224 0E       		.uleb128 0xe
 448 0225 01       		.uleb128 0x1
 449 0226 50       		.byte	0x50
 450 0227 05       		.uleb128 0x5
 451 0228 03       		.byte	0x3
 452 0229 00000000 		.4byte	can_recieve
 453 022d 0E       		.uleb128 0xe
 454 022e 01       		.uleb128 0x1
 455 022f 51       		.byte	0x51
 456 0230 05       		.uleb128 0x5
 457 0231 03       		.byte	0x3
 458 0232 00000000 		.4byte	can_send
 459 0236 00       		.byte	0
 460 0237 00       		.byte	0
 461 0238 0F       		.uleb128 0xf
 462 0239 06000000 		.4byte	.LVL8
 463 023d 19010000 		.4byte	0x119
 464 0241 0D       		.uleb128 0xd
 465 0242 0C000000 		.4byte	.LVL9
 466 0246 13030000 		.4byte	0x313
 467 024a 58020000 		.4byte	0x258
 468 024e 0E       		.uleb128 0xe
 469 024f 01       		.uleb128 0x1
 470 0250 50       		.byte	0x50
 471 0251 05       		.uleb128 0x5
 472 0252 03       		.byte	0x3
 473 0253 00000000 		.4byte	can_recieve
 474 0257 00       		.byte	0
 475 0258 10       		.uleb128 0x10
 476 0259 1E000000 		.4byte	.LVL11
 477 025d FD020000 		.4byte	0x2fd
 478 0261 0E       		.uleb128 0xe
 479 0262 01       		.uleb128 0x1
 480 0263 50       		.byte	0x50
 481 0264 01       		.uleb128 0x1
 482 0265 3A       		.byte	0x3a
ARM GAS  C:\Users\shahnaz\AppData\Local\Temp\ccsSYMGo.s 			page 11


 483 0266 00       		.byte	0
 484 0267 00       		.byte	0
 485 0268 09       		.uleb128 0x9
 486 0269 8F000000 		.4byte	0x8f
 487 026d 78020000 		.4byte	0x278
 488 0271 0A       		.uleb128 0xa
 489 0272 88000000 		.4byte	0x88
 490 0276 63       		.byte	0x63
 491 0277 00       		.byte	0
 492 0278 16       		.uleb128 0x16
 493 0279 0A000000 		.4byte	.LASF22
 494 027d 01       		.byte	0x1
 495 027e 1C       		.byte	0x1c
 496 027f 68020000 		.4byte	0x268
 497 0283 05       		.uleb128 0x5
 498 0284 03       		.byte	0x3
 499 0285 00000000 		.4byte	txData
 500 0289 16       		.uleb128 0x16
 501 028a 6F000000 		.4byte	.LASF23
 502 028e 01       		.byte	0x1
 503 028f 1F       		.byte	0x1f
 504 0290 0E010000 		.4byte	0x10e
 505 0294 05       		.uleb128 0x5
 506 0295 03       		.byte	0x3
 507 0296 00000000 		.4byte	can_recieve
 508 029a 16       		.uleb128 0x16
 509 029b CE000000 		.4byte	.LASF24
 510 029f 01       		.byte	0x1
 511 02a0 20       		.byte	0x20
 512 02a1 0E010000 		.4byte	0x10e
 513 02a5 05       		.uleb128 0x5
 514 02a6 03       		.byte	0x3
 515 02a7 00000000 		.4byte	can_send
 516 02ab 16       		.uleb128 0x16
 517 02ac EF000000 		.4byte	.LASF25
 518 02b0 01       		.byte	0x1
 519 02b1 21       		.byte	0x21
 520 02b2 BA000000 		.4byte	0xba
 521 02b6 05       		.uleb128 0x5
 522 02b7 03       		.byte	0x3
 523 02b8 00000000 		.4byte	address
 524 02bc 17       		.uleb128 0x17
 525 02bd D6010000 		.4byte	.LASF39
 526 02c1 D6010000 		.4byte	.LASF39
 527 02c5 18       		.uleb128 0x18
 528 02c6 25000000 		.4byte	.LASF26
 529 02ca 25000000 		.4byte	.LASF26
 530 02ce 06       		.byte	0x6
 531 02cf 2A03     		.2byte	0x32a
 532 02d1 19       		.uleb128 0x19
 533 02d2 A0000000 		.4byte	.LASF27
 534 02d6 A0000000 		.4byte	.LASF27
 535 02da 07       		.byte	0x7
 536 02db 72       		.byte	0x72
 537 02dc 19       		.uleb128 0x19
 538 02dd 1A000000 		.4byte	.LASF28
 539 02e1 1A000000 		.4byte	.LASF28
ARM GAS  C:\Users\shahnaz\AppData\Local\Temp\ccsSYMGo.s 			page 12


 540 02e5 08       		.byte	0x8
 541 02e6 20       		.byte	0x20
 542 02e7 19       		.uleb128 0x19
 543 02e8 DD010000 		.4byte	.LASF29
 544 02ec DD010000 		.4byte	.LASF29
 545 02f0 09       		.byte	0x9
 546 02f1 15       		.byte	0x15
 547 02f2 19       		.uleb128 0x19
 548 02f3 58020000 		.4byte	.LASF30
 549 02f7 58020000 		.4byte	.LASF30
 550 02fb 0A       		.byte	0xa
 551 02fc E7       		.byte	0xe7
 552 02fd 19       		.uleb128 0x19
 553 02fe 60020000 		.4byte	.LASF31
 554 0302 60020000 		.4byte	.LASF31
 555 0306 0B       		.byte	0xb
 556 0307 EC       		.byte	0xec
 557 0308 19       		.uleb128 0x19
 558 0309 EE010000 		.4byte	.LASF32
 559 030d EE010000 		.4byte	.LASF32
 560 0311 01       		.byte	0x1
 561 0312 2E       		.byte	0x2e
 562 0313 19       		.uleb128 0x19
 563 0314 38000000 		.4byte	.LASF33
 564 0318 38000000 		.4byte	.LASF33
 565 031c 09       		.byte	0x9
 566 031d 22       		.byte	0x22
 567 031e 00       		.byte	0
 568              		.section	.debug_abbrev,"",%progbits
 569              	.Ldebug_abbrev0:
 570 0000 01       		.uleb128 0x1
 571 0001 11       		.uleb128 0x11
 572 0002 01       		.byte	0x1
 573 0003 25       		.uleb128 0x25
 574 0004 0E       		.uleb128 0xe
 575 0005 13       		.uleb128 0x13
 576 0006 0B       		.uleb128 0xb
 577 0007 03       		.uleb128 0x3
 578 0008 0E       		.uleb128 0xe
 579 0009 1B       		.uleb128 0x1b
 580 000a 0E       		.uleb128 0xe
 581 000b 55       		.uleb128 0x55
 582 000c 17       		.uleb128 0x17
 583 000d 11       		.uleb128 0x11
 584 000e 01       		.uleb128 0x1
 585 000f 10       		.uleb128 0x10
 586 0010 17       		.uleb128 0x17
 587 0011 00       		.byte	0
 588 0012 00       		.byte	0
 589 0013 02       		.uleb128 0x2
 590 0014 24       		.uleb128 0x24
 591 0015 00       		.byte	0
 592 0016 0B       		.uleb128 0xb
 593 0017 0B       		.uleb128 0xb
 594 0018 3E       		.uleb128 0x3e
 595 0019 0B       		.uleb128 0xb
 596 001a 03       		.uleb128 0x3
ARM GAS  C:\Users\shahnaz\AppData\Local\Temp\ccsSYMGo.s 			page 13


 597 001b 08       		.uleb128 0x8
 598 001c 00       		.byte	0
 599 001d 00       		.byte	0
 600 001e 03       		.uleb128 0x3
 601 001f 24       		.uleb128 0x24
 602 0020 00       		.byte	0
 603 0021 0B       		.uleb128 0xb
 604 0022 0B       		.uleb128 0xb
 605 0023 3E       		.uleb128 0x3e
 606 0024 0B       		.uleb128 0xb
 607 0025 03       		.uleb128 0x3
 608 0026 0E       		.uleb128 0xe
 609 0027 00       		.byte	0
 610 0028 00       		.byte	0
 611 0029 04       		.uleb128 0x4
 612 002a 16       		.uleb128 0x16
 613 002b 00       		.byte	0
 614 002c 03       		.uleb128 0x3
 615 002d 0E       		.uleb128 0xe
 616 002e 3A       		.uleb128 0x3a
 617 002f 0B       		.uleb128 0xb
 618 0030 3B       		.uleb128 0x3b
 619 0031 0B       		.uleb128 0xb
 620 0032 49       		.uleb128 0x49
 621 0033 13       		.uleb128 0x13
 622 0034 00       		.byte	0
 623 0035 00       		.byte	0
 624 0036 05       		.uleb128 0x5
 625 0037 16       		.uleb128 0x16
 626 0038 00       		.byte	0
 627 0039 03       		.uleb128 0x3
 628 003a 0E       		.uleb128 0xe
 629 003b 3A       		.uleb128 0x3a
 630 003c 0B       		.uleb128 0xb
 631 003d 3B       		.uleb128 0x3b
 632 003e 05       		.uleb128 0x5
 633 003f 49       		.uleb128 0x49
 634 0040 13       		.uleb128 0x13
 635 0041 00       		.byte	0
 636 0042 00       		.byte	0
 637 0043 06       		.uleb128 0x6
 638 0044 13       		.uleb128 0x13
 639 0045 01       		.byte	0x1
 640 0046 0B       		.uleb128 0xb
 641 0047 0B       		.uleb128 0xb
 642 0048 3A       		.uleb128 0x3a
 643 0049 0B       		.uleb128 0xb
 644 004a 3B       		.uleb128 0x3b
 645 004b 0B       		.uleb128 0xb
 646 004c 01       		.uleb128 0x1
 647 004d 13       		.uleb128 0x13
 648 004e 00       		.byte	0
 649 004f 00       		.byte	0
 650 0050 07       		.uleb128 0x7
 651 0051 0D       		.uleb128 0xd
 652 0052 00       		.byte	0
 653 0053 03       		.uleb128 0x3
ARM GAS  C:\Users\shahnaz\AppData\Local\Temp\ccsSYMGo.s 			page 14


 654 0054 08       		.uleb128 0x8
 655 0055 3A       		.uleb128 0x3a
 656 0056 0B       		.uleb128 0xb
 657 0057 3B       		.uleb128 0x3b
 658 0058 0B       		.uleb128 0xb
 659 0059 49       		.uleb128 0x49
 660 005a 13       		.uleb128 0x13
 661 005b 38       		.uleb128 0x38
 662 005c 0B       		.uleb128 0xb
 663 005d 00       		.byte	0
 664 005e 00       		.byte	0
 665 005f 08       		.uleb128 0x8
 666 0060 0D       		.uleb128 0xd
 667 0061 00       		.byte	0
 668 0062 03       		.uleb128 0x3
 669 0063 0E       		.uleb128 0xe
 670 0064 3A       		.uleb128 0x3a
 671 0065 0B       		.uleb128 0xb
 672 0066 3B       		.uleb128 0x3b
 673 0067 0B       		.uleb128 0xb
 674 0068 49       		.uleb128 0x49
 675 0069 13       		.uleb128 0x13
 676 006a 38       		.uleb128 0x38
 677 006b 0B       		.uleb128 0xb
 678 006c 00       		.byte	0
 679 006d 00       		.byte	0
 680 006e 09       		.uleb128 0x9
 681 006f 01       		.uleb128 0x1
 682 0070 01       		.byte	0x1
 683 0071 49       		.uleb128 0x49
 684 0072 13       		.uleb128 0x13
 685 0073 01       		.uleb128 0x1
 686 0074 13       		.uleb128 0x13
 687 0075 00       		.byte	0
 688 0076 00       		.byte	0
 689 0077 0A       		.uleb128 0xa
 690 0078 21       		.uleb128 0x21
 691 0079 00       		.byte	0
 692 007a 49       		.uleb128 0x49
 693 007b 13       		.uleb128 0x13
 694 007c 2F       		.uleb128 0x2f
 695 007d 0B       		.uleb128 0xb
 696 007e 00       		.byte	0
 697 007f 00       		.byte	0
 698 0080 0B       		.uleb128 0xb
 699 0081 2E       		.uleb128 0x2e
 700 0082 01       		.byte	0x1
 701 0083 3F       		.uleb128 0x3f
 702 0084 19       		.uleb128 0x19
 703 0085 03       		.uleb128 0x3
 704 0086 0E       		.uleb128 0xe
 705 0087 3A       		.uleb128 0x3a
 706 0088 0B       		.uleb128 0xb
 707 0089 3B       		.uleb128 0x3b
 708 008a 0B       		.uleb128 0xb
 709 008b 27       		.uleb128 0x27
 710 008c 19       		.uleb128 0x19
ARM GAS  C:\Users\shahnaz\AppData\Local\Temp\ccsSYMGo.s 			page 15


 711 008d 11       		.uleb128 0x11
 712 008e 01       		.uleb128 0x1
 713 008f 12       		.uleb128 0x12
 714 0090 06       		.uleb128 0x6
 715 0091 40       		.uleb128 0x40
 716 0092 18       		.uleb128 0x18
 717 0093 9742     		.uleb128 0x2117
 718 0095 19       		.uleb128 0x19
 719 0096 01       		.uleb128 0x1
 720 0097 13       		.uleb128 0x13
 721 0098 00       		.byte	0
 722 0099 00       		.byte	0
 723 009a 0C       		.uleb128 0xc
 724 009b 34       		.uleb128 0x34
 725 009c 00       		.byte	0
 726 009d 03       		.uleb128 0x3
 727 009e 08       		.uleb128 0x8
 728 009f 3A       		.uleb128 0x3a
 729 00a0 0B       		.uleb128 0xb
 730 00a1 3B       		.uleb128 0x3b
 731 00a2 0B       		.uleb128 0xb
 732 00a3 49       		.uleb128 0x49
 733 00a4 13       		.uleb128 0x13
 734 00a5 00       		.byte	0
 735 00a6 00       		.byte	0
 736 00a7 0D       		.uleb128 0xd
 737 00a8 898201   		.uleb128 0x4109
 738 00ab 01       		.byte	0x1
 739 00ac 11       		.uleb128 0x11
 740 00ad 01       		.uleb128 0x1
 741 00ae 31       		.uleb128 0x31
 742 00af 13       		.uleb128 0x13
 743 00b0 01       		.uleb128 0x1
 744 00b1 13       		.uleb128 0x13
 745 00b2 00       		.byte	0
 746 00b3 00       		.byte	0
 747 00b4 0E       		.uleb128 0xe
 748 00b5 8A8201   		.uleb128 0x410a
 749 00b8 00       		.byte	0
 750 00b9 02       		.uleb128 0x2
 751 00ba 18       		.uleb128 0x18
 752 00bb 9142     		.uleb128 0x2111
 753 00bd 18       		.uleb128 0x18
 754 00be 00       		.byte	0
 755 00bf 00       		.byte	0
 756 00c0 0F       		.uleb128 0xf
 757 00c1 898201   		.uleb128 0x4109
 758 00c4 00       		.byte	0
 759 00c5 11       		.uleb128 0x11
 760 00c6 01       		.uleb128 0x1
 761 00c7 31       		.uleb128 0x31
 762 00c8 13       		.uleb128 0x13
 763 00c9 00       		.byte	0
 764 00ca 00       		.byte	0
 765 00cb 10       		.uleb128 0x10
 766 00cc 898201   		.uleb128 0x4109
 767 00cf 01       		.byte	0x1
ARM GAS  C:\Users\shahnaz\AppData\Local\Temp\ccsSYMGo.s 			page 16


 768 00d0 11       		.uleb128 0x11
 769 00d1 01       		.uleb128 0x1
 770 00d2 31       		.uleb128 0x31
 771 00d3 13       		.uleb128 0x13
 772 00d4 00       		.byte	0
 773 00d5 00       		.byte	0
 774 00d6 11       		.uleb128 0x11
 775 00d7 2E       		.uleb128 0x2e
 776 00d8 01       		.byte	0x1
 777 00d9 3F       		.uleb128 0x3f
 778 00da 19       		.uleb128 0x19
 779 00db 03       		.uleb128 0x3
 780 00dc 0E       		.uleb128 0xe
 781 00dd 3A       		.uleb128 0x3a
 782 00de 0B       		.uleb128 0xb
 783 00df 3B       		.uleb128 0x3b
 784 00e0 0B       		.uleb128 0xb
 785 00e1 27       		.uleb128 0x27
 786 00e2 19       		.uleb128 0x19
 787 00e3 49       		.uleb128 0x49
 788 00e4 13       		.uleb128 0x13
 789 00e5 8701     		.uleb128 0x87
 790 00e7 19       		.uleb128 0x19
 791 00e8 11       		.uleb128 0x11
 792 00e9 01       		.uleb128 0x1
 793 00ea 12       		.uleb128 0x12
 794 00eb 06       		.uleb128 0x6
 795 00ec 40       		.uleb128 0x40
 796 00ed 18       		.uleb128 0x18
 797 00ee 9742     		.uleb128 0x2117
 798 00f0 19       		.uleb128 0x19
 799 00f1 01       		.uleb128 0x1
 800 00f2 13       		.uleb128 0x13
 801 00f3 00       		.byte	0
 802 00f4 00       		.byte	0
 803 00f5 12       		.uleb128 0x12
 804 00f6 34       		.uleb128 0x34
 805 00f7 00       		.byte	0
 806 00f8 03       		.uleb128 0x3
 807 00f9 08       		.uleb128 0x8
 808 00fa 3A       		.uleb128 0x3a
 809 00fb 0B       		.uleb128 0xb
 810 00fc 3B       		.uleb128 0x3b
 811 00fd 0B       		.uleb128 0xb
 812 00fe 49       		.uleb128 0x49
 813 00ff 13       		.uleb128 0x13
 814 0100 02       		.uleb128 0x2
 815 0101 17       		.uleb128 0x17
 816 0102 00       		.byte	0
 817 0103 00       		.byte	0
 818 0104 13       		.uleb128 0x13
 819 0105 0B       		.uleb128 0xb
 820 0106 01       		.byte	0x1
 821 0107 11       		.uleb128 0x11
 822 0108 01       		.uleb128 0x1
 823 0109 12       		.uleb128 0x12
 824 010a 06       		.uleb128 0x6
ARM GAS  C:\Users\shahnaz\AppData\Local\Temp\ccsSYMGo.s 			page 17


 825 010b 01       		.uleb128 0x1
 826 010c 13       		.uleb128 0x13
 827 010d 00       		.byte	0
 828 010e 00       		.byte	0
 829 010f 14       		.uleb128 0x14
 830 0110 2E       		.uleb128 0x2e
 831 0111 01       		.byte	0x1
 832 0112 3F       		.uleb128 0x3f
 833 0113 19       		.uleb128 0x19
 834 0114 03       		.uleb128 0x3
 835 0115 0E       		.uleb128 0xe
 836 0116 3A       		.uleb128 0x3a
 837 0117 0B       		.uleb128 0xb
 838 0118 3B       		.uleb128 0x3b
 839 0119 0B       		.uleb128 0xb
 840 011a 49       		.uleb128 0x49
 841 011b 13       		.uleb128 0x13
 842 011c 3C       		.uleb128 0x3c
 843 011d 19       		.uleb128 0x19
 844 011e 01       		.uleb128 0x1
 845 011f 13       		.uleb128 0x13
 846 0120 00       		.byte	0
 847 0121 00       		.byte	0
 848 0122 15       		.uleb128 0x15
 849 0123 18       		.uleb128 0x18
 850 0124 00       		.byte	0
 851 0125 00       		.byte	0
 852 0126 00       		.byte	0
 853 0127 16       		.uleb128 0x16
 854 0128 34       		.uleb128 0x34
 855 0129 00       		.byte	0
 856 012a 03       		.uleb128 0x3
 857 012b 0E       		.uleb128 0xe
 858 012c 3A       		.uleb128 0x3a
 859 012d 0B       		.uleb128 0xb
 860 012e 3B       		.uleb128 0x3b
 861 012f 0B       		.uleb128 0xb
 862 0130 49       		.uleb128 0x49
 863 0131 13       		.uleb128 0x13
 864 0132 3F       		.uleb128 0x3f
 865 0133 19       		.uleb128 0x19
 866 0134 02       		.uleb128 0x2
 867 0135 18       		.uleb128 0x18
 868 0136 00       		.byte	0
 869 0137 00       		.byte	0
 870 0138 17       		.uleb128 0x17
 871 0139 2E       		.uleb128 0x2e
 872 013a 00       		.byte	0
 873 013b 3F       		.uleb128 0x3f
 874 013c 19       		.uleb128 0x19
 875 013d 3C       		.uleb128 0x3c
 876 013e 19       		.uleb128 0x19
 877 013f 6E       		.uleb128 0x6e
 878 0140 0E       		.uleb128 0xe
 879 0141 03       		.uleb128 0x3
 880 0142 0E       		.uleb128 0xe
 881 0143 00       		.byte	0
ARM GAS  C:\Users\shahnaz\AppData\Local\Temp\ccsSYMGo.s 			page 18


 882 0144 00       		.byte	0
 883 0145 18       		.uleb128 0x18
 884 0146 2E       		.uleb128 0x2e
 885 0147 00       		.byte	0
 886 0148 3F       		.uleb128 0x3f
 887 0149 19       		.uleb128 0x19
 888 014a 3C       		.uleb128 0x3c
 889 014b 19       		.uleb128 0x19
 890 014c 6E       		.uleb128 0x6e
 891 014d 0E       		.uleb128 0xe
 892 014e 03       		.uleb128 0x3
 893 014f 0E       		.uleb128 0xe
 894 0150 3A       		.uleb128 0x3a
 895 0151 0B       		.uleb128 0xb
 896 0152 3B       		.uleb128 0x3b
 897 0153 05       		.uleb128 0x5
 898 0154 00       		.byte	0
 899 0155 00       		.byte	0
 900 0156 19       		.uleb128 0x19
 901 0157 2E       		.uleb128 0x2e
 902 0158 00       		.byte	0
 903 0159 3F       		.uleb128 0x3f
 904 015a 19       		.uleb128 0x19
 905 015b 3C       		.uleb128 0x3c
 906 015c 19       		.uleb128 0x19
 907 015d 6E       		.uleb128 0x6e
 908 015e 0E       		.uleb128 0xe
 909 015f 03       		.uleb128 0x3
 910 0160 0E       		.uleb128 0xe
 911 0161 3A       		.uleb128 0x3a
 912 0162 0B       		.uleb128 0xb
 913 0163 3B       		.uleb128 0x3b
 914 0164 0B       		.uleb128 0xb
 915 0165 00       		.byte	0
 916 0166 00       		.byte	0
 917 0167 00       		.byte	0
 918              		.section	.debug_loc,"",%progbits
 919              	.Ldebug_loc0:
 920              	.LLST0:
 921 0000 06000000 		.4byte	.LVL8
 922 0004 18000000 		.4byte	.LVL10
 923 0008 0200     		.2byte	0x2
 924 000a 30       		.byte	0x30
 925 000b 9F       		.byte	0x9f
 926 000c 00000000 		.4byte	0
 927 0010 00000000 		.4byte	0
 928              		.section	.debug_aranges,"",%progbits
 929 0000 24000000 		.4byte	0x24
 930 0004 0200     		.2byte	0x2
 931 0006 00000000 		.4byte	.Ldebug_info0
 932 000a 04       		.byte	0x4
 933 000b 00       		.byte	0
 934 000c 0000     		.2byte	0
 935 000e 0000     		.2byte	0
 936 0010 00000000 		.4byte	.LFB36
 937 0014 54000000 		.4byte	.LFE36-.LFB36
 938 0018 00000000 		.4byte	.LFB35
ARM GAS  C:\Users\shahnaz\AppData\Local\Temp\ccsSYMGo.s 			page 19


 939 001c 28000000 		.4byte	.LFE35-.LFB35
 940 0020 00000000 		.4byte	0
 941 0024 00000000 		.4byte	0
 942              		.section	.debug_ranges,"",%progbits
 943              	.Ldebug_ranges0:
 944 0000 00000000 		.4byte	.LFB36
 945 0004 54000000 		.4byte	.LFE36
 946 0008 00000000 		.4byte	.LFB35
 947 000c 28000000 		.4byte	.LFE35
 948 0010 00000000 		.4byte	0
 949 0014 00000000 		.4byte	0
 950              		.section	.debug_line,"",%progbits
 951              	.Ldebug_line0:
 952 0000 32020000 		.section	.debug_str,"MS",%progbits,1
 952      0200FE01 
 952      00000201 
 952      FB0E0D00 
 952      01010101 
 953              	.LASF6:
 954 0000 5F5F7569 		.ascii	"__uint8_t\000"
 954      6E74385F 
 954      7400
 955              	.LASF22:
 956 000a 74784461 		.ascii	"txData\000"
 956      746100
 957              	.LASF9:
 958 0011 6C6F6E67 		.ascii	"long int\000"
 958      20696E74 
 958      00
 959              	.LASF28:
 960 001a 53485433 		.ascii	"SHT31_Init\000"
 960      315F496E 
 960      697400
 961              	.LASF26:
 962 0025 55415254 		.ascii	"UART_UartPutString\000"
 962      5F556172 
 962      74507574 
 962      53747269 
 962      6E6700
 963              	.LASF33:
 964 0038 506F6C6C 		.ascii	"PollAndReceiveCANPacket\000"
 964      416E6452 
 964      65636569 
 964      76654341 
 964      4E506163 
 965              	.LASF15:
 966 0050 666C6F61 		.ascii	"float\000"
 966      7400
 967              	.LASF20:
 968 0056 64617461 		.ascii	"data\000"
 968      00
 969              	.LASF18:
 970 005b 75696E74 		.ascii	"uint8\000"
 970      3800
 971              	.LASF4:
 972 0061 756E7369 		.ascii	"unsigned char\000"
 972      676E6564 
ARM GAS  C:\Users\shahnaz\AppData\Local\Temp\ccsSYMGo.s 			page 20


 972      20636861 
 972      7200
 973              	.LASF23:
 974 006f 63616E5F 		.ascii	"can_recieve\000"
 974      72656369 
 974      65766500 
 975              	.LASF10:
 976 007b 6C6F6E67 		.ascii	"long unsigned int\000"
 976      20756E73 
 976      69676E65 
 976      6420696E 
 976      7400
 977              	.LASF8:
 978 008d 73686F72 		.ascii	"short unsigned int\000"
 978      7420756E 
 978      7369676E 
 978      65642069 
 978      6E7400
 979              	.LASF27:
 980 00a0 55415254 		.ascii	"UART_Start\000"
 980      5F537461 
 980      727400
 981              	.LASF7:
 982 00ab 5F5F7569 		.ascii	"__uint16_t\000"
 982      6E743136 
 982      5F7400
 983              	.LASF14:
 984 00b6 646F7562 		.ascii	"double\000"
 984      6C6500
 985              	.LASF5:
 986 00bd 73686F72 		.ascii	"short int\000"
 986      7420696E 
 986      7400
 987              	.LASF19:
 988 00c7 75696E74 		.ascii	"uint32\000"
 988      333200
 989              	.LASF24:
 990 00ce 63616E5F 		.ascii	"can_send\000"
 990      73656E64 
 990      00
 991              	.LASF0:
 992 00d7 756E7369 		.ascii	"unsigned int\000"
 992      676E6564 
 992      20696E74 
 992      00
 993              	.LASF37:
 994 00e4 496E6974 		.ascii	"Initialize\000"
 994      69616C69 
 994      7A6500
 995              	.LASF25:
 996 00ef 61646472 		.ascii	"address\000"
 996      65737300 
 997              	.LASF11:
 998 00f7 6C6F6E67 		.ascii	"long long unsigned int\000"
 998      206C6F6E 
 998      6720756E 
 998      7369676E 
ARM GAS  C:\Users\shahnaz\AppData\Local\Temp\ccsSYMGo.s 			page 21


 998      65642069 
 999              	.LASF16:
 1000 010e 75696E74 		.ascii	"uint8_t\000"
 1000      385F7400 
 1001              	.LASF38:
 1002 0116 6D61696E 		.ascii	"main\000"
 1002      00
 1003              	.LASF34:
 1004 011b 474E5520 		.ascii	"GNU C11 5.4.1 20160609 (release) [ARM/embedded-5-br"
 1004      43313120 
 1004      352E342E 
 1004      31203230 
 1004      31363036 
 1005 014e 616E6368 		.ascii	"anch revision 237715] -mcpu=cortex-m0 -mthumb -g -O"
 1005      20726576 
 1005      6973696F 
 1005      6E203233 
 1005      37373135 
 1006 0181 67202D66 		.ascii	"g -ffunction-sections -ffat-lto-objects\000"
 1006      66756E63 
 1006      74696F6E 
 1006      2D736563 
 1006      74696F6E 
 1007              	.LASF21:
 1008 01a9 43414E50 		.ascii	"CANPacket\000"
 1008      61636B65 
 1008      7400
 1009              	.LASF12:
 1010 01b3 73697A65 		.ascii	"sizetype\000"
 1010      74797065 
 1010      00
 1011              	.LASF1:
 1012 01bc 6C6F6E67 		.ascii	"long long int\000"
 1012      206C6F6E 
 1012      6720696E 
 1012      7400
 1013              	.LASF35:
 1014 01ca 6D61696E 		.ascii	"main.c\000"
 1014      2E6300
 1015              	.LASF13:
 1016 01d1 63686172 		.ascii	"char\000"
 1016      00
 1017              	.LASF39:
 1018 01d6 6D656D63 		.ascii	"memcpy\000"
 1018      707900
 1019              	.LASF29:
 1020 01dd 496E6974 		.ascii	"InitCAN\000"
 1020      43414E00 
 1021              	.LASF17:
 1022 01e5 75696E74 		.ascii	"uint16_t\000"
 1022      31365F74 
 1022      00
 1023              	.LASF32:
 1024 01ee 50726F63 		.ascii	"ProcessCAN\000"
 1024      65737343 
 1024      414E00
 1025              	.LASF36:
ARM GAS  C:\Users\shahnaz\AppData\Local\Temp\ccsSYMGo.s 			page 22


 1026 01f9 433A5C55 		.ascii	"C:\\Users\\shahnaz\\Documents\\GitHub\\Science_Sens"
 1026      73657273 
 1026      5C736861 
 1026      686E617A 
 1026      5C446F63 
 1027 0227 6F725F42 		.ascii	"or_Board\\Final\\CAN.cydsn\000"
 1027      6F617264 
 1027      5C46696E 
 1027      616C5C43 
 1027      414E2E63 
 1028              	.LASF2:
 1029 0240 6C6F6E67 		.ascii	"long double\000"
 1029      20646F75 
 1029      626C6500 
 1030              	.LASF3:
 1031 024c 7369676E 		.ascii	"signed char\000"
 1031      65642063 
 1031      68617200 
 1032              	.LASF30:
 1033 0258 73707269 		.ascii	"sprintf\000"
 1033      6E746600 
 1034              	.LASF31:
 1035 0260 43794465 		.ascii	"CyDelay\000"
 1035      6C617900 
 1036              		.ident	"GCC: (GNU Tools for ARM Embedded Processors) 5.4.1 20160609 (release) [ARM/embedded-5-bran
