ARM GAS  C:\Users\becca\AppData\Local\Temp\ccrDJNOL.s 			page 1


   1              		.syntax unified
   2              		.cpu cortex-m0
   3              		.fpu softvfp
   4              		.eabi_attribute 20, 1
   5              		.eabi_attribute 21, 1
   6              		.eabi_attribute 23, 3
   7              		.eabi_attribute 24, 1
   8              		.eabi_attribute 25, 1
   9              		.eabi_attribute 26, 1
  10              		.eabi_attribute 30, 1
  11              		.eabi_attribute 34, 0
  12              		.eabi_attribute 18, 4
  13              		.thumb
  14              		.syntax unified
  15              		.file	"Science_CAN.c"
  16              		.text
  17              	.Ltext0:
  18              		.cfi_sections	.debug_frame
  19              		.section	.text.ProcessCAN,"ax",%progbits
  20              		.align	2
  21              		.global	ProcessCAN
  22              		.code	16
  23              		.thumb_func
  24              		.type	ProcessCAN, %function
  25              	ProcessCAN:
  26              	.LFB35:
  27              		.file 1 "Science_CAN.c"
   1:Science_CAN.c **** /* ========================================
   2:Science_CAN.c ****  *
   3:Science_CAN.c ****  * Copyright YOUR COMPANY, THE YEAR
   4:Science_CAN.c ****  * All Rights Reserved
   5:Science_CAN.c ****  * UNPUBLISHED, LICENSED SOFTWARE.
   6:Science_CAN.c ****  *
   7:Science_CAN.c ****  * CONFIDENTIAL AND PROPRIETARY INFORMATION
   8:Science_CAN.c ****  * WHICH IS THE PROPERTY OF your company.
   9:Science_CAN.c ****  *
  10:Science_CAN.c ****  * ========================================
  11:Science_CAN.c **** */
  12:Science_CAN.c **** 
  13:Science_CAN.c **** #include <stdio.h>
  14:Science_CAN.c **** #include <math.h>
  15:Science_CAN.c **** #include <CAN.h>
  16:Science_CAN.c **** #include <stdbool.h>
  17:Science_CAN.c **** #include "main.h"
  18:Science_CAN.c **** #include "TempHum_Lib.h"
  19:Science_CAN.c **** #include "Sensors.h"
  20:Science_CAN.c **** #include "Science_CAN.h"
  21:Science_CAN.c **** #include "HindsightCAN/Port.h"
  22:Science_CAN.c **** 
  23:Science_CAN.c **** CAN_RX_CFG rxMailbox;
  24:Science_CAN.c **** 
  25:Science_CAN.c **** CY_ISR_PROTO(CAN_FLAG_ISR);
  26:Science_CAN.c **** 
  27:Science_CAN.c **** extern char txData[TX_DATA_SIZE];
  28:Science_CAN.c **** extern uint8 address;
  29:Science_CAN.c **** 
  30:Science_CAN.c **** //Reads from CAN FIFO and changes the state and mode accordingly
ARM GAS  C:\Users\becca\AppData\Local\Temp\ccrDJNOL.s 			page 2


  31:Science_CAN.c **** int ProcessCAN(CANPacket* receivedPacket, CANPacket* packetToSend) {
  28              		.loc 1 31 0
  29              		.cfi_startproc
  30              		@ args = 0, pretend = 0, frame = 8
  31              		@ frame_needed = 0, uses_anonymous_args = 0
  32              	.LVL0:
  33 0000 F0B5     		push	{r4, r5, r6, r7, lr}
  34              		.cfi_def_cfa_offset 20
  35              		.cfi_offset 4, -20
  36              		.cfi_offset 5, -16
  37              		.cfi_offset 6, -12
  38              		.cfi_offset 7, -8
  39              		.cfi_offset 14, -4
  40 0002 85B0     		sub	sp, sp, #20
  41              		.cfi_def_cfa_offset 40
  42 0004 0400     		movs	r4, r0
  43 0006 0D00     		movs	r5, r1
  32:Science_CAN.c ****     uint16_t packageID = GetPacketID(receivedPacket);
  44              		.loc 1 32 0
  45 0008 FFF7FEFF 		bl	GetPacketID
  46              	.LVL1:
  47 000c 0600     		movs	r6, r0
  48              	.LVL2:
  33:Science_CAN.c ****     uint8_t sender_DG = GetSenderDeviceGroupCode(receivedPacket);
  49              		.loc 1 33 0
  50 000e 2000     		movs	r0, r4
  51 0010 FFF7FEFF 		bl	GetSenderDeviceGroupCode
  52              	.LVL3:
  53 0014 0290     		str	r0, [sp, #8]
  54              	.LVL4:
  34:Science_CAN.c ****     uint8_t sender_SN = GetSenderDeviceSerialNumber(receivedPacket);
  55              		.loc 1 34 0
  56 0016 2000     		movs	r0, r4
  57 0018 FFF7FEFF 		bl	GetSenderDeviceSerialNumber
  58              	.LVL5:
  59 001c 0390     		str	r0, [sp, #12]
  60              	.LVL6:
  35:Science_CAN.c ****     int32_t data = 0;
  36:Science_CAN.c ****     int err = 0;
  37:Science_CAN.c ****     float temp, hum;
  38:Science_CAN.c ****     bool status;
  39:Science_CAN.c ****     
  40:Science_CAN.c ****     Print("\r\n\r\nBeginning of Science_CAN\r\n\r\n");
  61              		.loc 1 40 0
  62 001e 2D48     		ldr	r0, .L17
  63 0020 FFF7FEFF 		bl	UART_UartPutString
  64              	.LVL7:
  41:Science_CAN.c ****     
  42:Science_CAN.c ****     switch(packageID){            
  65              		.loc 1 42 0
  66 0024 3004     		lsls	r0, r6, #16
  67 0026 000C     		lsrs	r0, r0, #16
  68 0028 F028     		cmp	r0, #240
  69 002a 02D0     		beq	.L3
  70 002c F528     		cmp	r0, #245
  71 002e 05D0     		beq	.L4
  72 0030 4AE0     		b	.L16
ARM GAS  C:\Users\becca\AppData\Local\Temp\ccrDJNOL.s 			page 3


  73              	.L3:
  43:Science_CAN.c ****         // Common Packets
  44:Science_CAN.c ****         
  45:Science_CAN.c ****         case(ID_ESTOP):
  46:Science_CAN.c ****             Print("\r\n\r\nSTOP\r\n\r\n");
  74              		.loc 1 46 0
  75 0032 2948     		ldr	r0, .L17+4
  76 0034 FFF7FEFF 		bl	UART_UartPutString
  77              	.LVL8:
  47:Science_CAN.c ****             err = ESTOP_ERR_GENERAL;
  78              		.loc 1 47 0
  79 0038 0020     		movs	r0, #0
  48:Science_CAN.c ****             break;
  80              		.loc 1 48 0
  81 003a 48E0     		b	.L2
  82              	.L4:
  49:Science_CAN.c ****         
  50:Science_CAN.c ****         case(ID_TELEMETRY_PULL):            
  51:Science_CAN.c ****             switch(DecodeTelemetryType(receivedPacket))
  83              		.loc 1 51 0
  84 003c 2000     		movs	r0, r4
  85 003e FFF7FEFF 		bl	DecodeTelemetryType
  86              	.LVL9:
  87 0042 1638     		subs	r0, r0, #22
  88 0044 C3B2     		uxtb	r3, r0
  89 0046 052B     		cmp	r3, #5
  90 0048 2BD8     		bhi	.L5
  91 004a 9800     		lsls	r0, r3, #2
  92 004c 234B     		ldr	r3, .L17+8
  93 004e 1B58     		ldr	r3, [r3, r0]
  94 0050 9F46     		mov	pc, r3
  95              		.section	.rodata
  96              		.align	2
  97              	.L7:
  98 0000 52000000 		.word	.L6
  99 0004 62000000 		.word	.L8
 100 0008 6E000000 		.word	.L9
 101 000c 7E000000 		.word	.L10
 102 0010 8A000000 		.word	.L11
 103 0014 96000000 		.word	.L12
 104              		.section	.text.ProcessCAN
 105              	.L6:
  52:Science_CAN.c ****             {                
  53:Science_CAN.c ****                 case(PACKET_TELEMETRY_SENSOR1):
  54:Science_CAN.c ****                     data = getTemp();
 106              		.loc 1 54 0
 107 0052 FFF7FEFF 		bl	getTemp
 108              	.LVL10:
 109 0056 0700     		movs	r7, r0
 110              	.LVL11:
  55:Science_CAN.c ****                     Print("temp");
 111              		.loc 1 55 0
 112 0058 2148     		ldr	r0, .L17+12
 113              	.LVL12:
 114 005a FFF7FEFF 		bl	UART_UartPutString
 115              	.LVL13:
  36:Science_CAN.c ****     float temp, hum;
ARM GAS  C:\Users\becca\AppData\Local\Temp\ccrDJNOL.s 			page 4


 116              		.loc 1 36 0
 117 005e 0026     		movs	r6, #0
 118              	.LVL14:
  56:Science_CAN.c ****                     break;
 119              		.loc 1 56 0
 120 0060 24E0     		b	.L13
 121              	.LVL15:
 122              	.L8:
  57:Science_CAN.c ****                 case(PACKET_TELEMETRY_SENSOR2):
  58:Science_CAN.c ****                     Print("sensor2");
 123              		.loc 1 58 0
 124 0062 2048     		ldr	r0, .L17+16
 125 0064 FFF7FEFF 		bl	UART_UartPutString
 126              	.LVL16:
  36:Science_CAN.c ****     float temp, hum;
 127              		.loc 1 36 0
 128 0068 0026     		movs	r6, #0
 129              	.LVL17:
  59:Science_CAN.c ****                     data = 0; // TODO
 130              		.loc 1 59 0
 131 006a 0027     		movs	r7, #0
  60:Science_CAN.c ****                     break;
 132              		.loc 1 60 0
 133 006c 1EE0     		b	.L13
 134              	.LVL18:
 135              	.L9:
  61:Science_CAN.c ****                 case(PACKET_TELEMETRY_SENSOR3):
  62:Science_CAN.c ****                     Print("hum");
 136              		.loc 1 62 0
 137 006e 1E48     		ldr	r0, .L17+20
 138 0070 FFF7FEFF 		bl	UART_UartPutString
 139              	.LVL19:
  63:Science_CAN.c ****                     data = getHum();
 140              		.loc 1 63 0
 141 0074 FFF7FEFF 		bl	getHum
 142              	.LVL20:
 143 0078 0700     		movs	r7, r0
 144              	.LVL21:
  36:Science_CAN.c ****     float temp, hum;
 145              		.loc 1 36 0
 146 007a 0026     		movs	r6, #0
 147              	.LVL22:
  64:Science_CAN.c ****                     break;
 148              		.loc 1 64 0
 149 007c 16E0     		b	.L13
 150              	.LVL23:
 151              	.L10:
  65:Science_CAN.c ****                 case(PACKET_TELEMETRY_SENSOR4):
  66:Science_CAN.c ****                     Print("sensor 4");
 152              		.loc 1 66 0
 153 007e 1B48     		ldr	r0, .L17+24
 154 0080 FFF7FEFF 		bl	UART_UartPutString
 155              	.LVL24:
  36:Science_CAN.c ****     float temp, hum;
 156              		.loc 1 36 0
 157 0084 0026     		movs	r6, #0
 158              	.LVL25:
ARM GAS  C:\Users\becca\AppData\Local\Temp\ccrDJNOL.s 			page 5


  67:Science_CAN.c ****                     data = 0; // TODO
 159              		.loc 1 67 0
 160 0086 0027     		movs	r7, #0
  68:Science_CAN.c ****                     break;
 161              		.loc 1 68 0
 162 0088 10E0     		b	.L13
 163              	.LVL26:
 164              	.L11:
  69:Science_CAN.c ****                 case(PACKET_TELEMETRY_SENSOR5):
  70:Science_CAN.c ****                     data = 0; // TODO
  71:Science_CAN.c ****                     Print("sensor 5");
 165              		.loc 1 71 0
 166 008a 1948     		ldr	r0, .L17+28
 167 008c FFF7FEFF 		bl	UART_UartPutString
 168              	.LVL27:
  36:Science_CAN.c ****     float temp, hum;
 169              		.loc 1 36 0
 170 0090 0026     		movs	r6, #0
 171              	.LVL28:
  70:Science_CAN.c ****                     Print("sensor 5");
 172              		.loc 1 70 0
 173 0092 0027     		movs	r7, #0
  72:Science_CAN.c ****                     break;
 174              		.loc 1 72 0
 175 0094 0AE0     		b	.L13
 176              	.LVL29:
 177              	.L12:
  73:Science_CAN.c ****                 case(PACKET_TELEMETRY_SENSOR6):
  74:Science_CAN.c ****                     data = 0; // TODO
  75:Science_CAN.c ****                     Print("sensor 6");
 178              		.loc 1 75 0
 179 0096 1748     		ldr	r0, .L17+32
 180 0098 FFF7FEFF 		bl	UART_UartPutString
 181              	.LVL30:
  36:Science_CAN.c ****     float temp, hum;
 182              		.loc 1 36 0
 183 009c 0026     		movs	r6, #0
 184              	.LVL31:
  74:Science_CAN.c ****                     Print("sensor 6");
 185              		.loc 1 74 0
 186 009e 0027     		movs	r7, #0
  76:Science_CAN.c ****                     break;
 187              		.loc 1 76 0
 188 00a0 04E0     		b	.L13
 189              	.LVL32:
 190              	.L5:
  77:Science_CAN.c ****                 default:
  78:Science_CAN.c ****                     Print("Default");
 191              		.loc 1 78 0
 192 00a2 1548     		ldr	r0, .L17+36
 193 00a4 FFF7FEFF 		bl	UART_UartPutString
 194              	.LVL33:
  79:Science_CAN.c ****                     err = ERROR_INVALID_TTC;
 195              		.loc 1 79 0
 196 00a8 1226     		movs	r6, #18
 197              	.LVL34:
  35:Science_CAN.c ****     int err = 0;
ARM GAS  C:\Users\becca\AppData\Local\Temp\ccrDJNOL.s 			page 6


 198              		.loc 1 35 0
 199 00aa 0027     		movs	r7, #0
 200              	.LVL35:
 201              	.L13:
  80:Science_CAN.c ****                     break;
  81:Science_CAN.c ****             }
  82:Science_CAN.c ****             
  83:Science_CAN.c ****             // Assemble and send packet
  84:Science_CAN.c ****             AssembleTelemetryReportPacket(packetToSend, sender_DG, sender_SN, receivedPacket->data[
 202              		.loc 1 84 0
 203 00ac A379     		ldrb	r3, [r4, #6]
 204 00ae 0097     		str	r7, [sp]
 205 00b0 039A     		ldr	r2, [sp, #12]
 206 00b2 0299     		ldr	r1, [sp, #8]
 207 00b4 2800     		movs	r0, r5
 208 00b6 FFF7FEFF 		bl	AssembleTelemetryReportPacket
 209              	.LVL36:
  85:Science_CAN.c ****             
  86:Science_CAN.c ****             if (err == 0 ){
 210              		.loc 1 86 0
 211 00ba 002E     		cmp	r6, #0
 212 00bc 06D1     		bne	.L15
  87:Science_CAN.c ****                 SendCANPacket(packetToSend);
 213              		.loc 1 87 0
 214 00be 2800     		movs	r0, r5
 215 00c0 FFF7FEFF 		bl	SendCANPacket
 216              	.LVL37:
 217 00c4 3000     		movs	r0, r6
 218 00c6 02E0     		b	.L2
 219              	.LVL38:
 220              	.L16:
  88:Science_CAN.c ****             }
  89:Science_CAN.c ****             break;
  90:Science_CAN.c ****             
  91:Science_CAN.c ****         default: //recieved Packet with non-valid ID
  92:Science_CAN.c ****             return ERROR_INVALID_PACKET;
 221              		.loc 1 92 0
 222 00c8 1320     		movs	r0, #19
 223 00ca 00E0     		b	.L2
 224              	.LVL39:
 225              	.L15:
 226 00cc 3000     		movs	r0, r6
 227              	.LVL40:
 228              	.L2:
  93:Science_CAN.c ****     }
  94:Science_CAN.c ****     
  95:Science_CAN.c ****     return err;
  96:Science_CAN.c **** }
 229              		.loc 1 96 0
 230 00ce 05B0     		add	sp, sp, #20
 231              		@ sp needed
 232              	.LVL41:
 233              	.LVL42:
 234 00d0 F0BD     		pop	{r4, r5, r6, r7, pc}
 235              	.L18:
 236 00d2 C046     		.align	2
 237              	.L17:
ARM GAS  C:\Users\becca\AppData\Local\Temp\ccrDJNOL.s 			page 7


 238 00d4 00000000 		.word	.LC0
 239 00d8 24000000 		.word	.LC2
 240 00dc 00000000 		.word	.L7
 241 00e0 34000000 		.word	.LC5
 242 00e4 3C000000 		.word	.LC7
 243 00e8 44000000 		.word	.LC9
 244 00ec 48000000 		.word	.LC11
 245 00f0 54000000 		.word	.LC13
 246 00f4 60000000 		.word	.LC15
 247 00f8 6C000000 		.word	.LC17
 248              		.cfi_endproc
 249              	.LFE35:
 250              		.size	ProcessCAN, .-ProcessCAN
 251              		.section	.text.PrintCanPacket,"ax",%progbits
 252              		.align	2
 253              		.global	PrintCanPacket
 254              		.code	16
 255              		.thumb_func
 256              		.type	PrintCanPacket, %function
 257              	PrintCanPacket:
 258              	.LFB36:
  97:Science_CAN.c **** 
  98:Science_CAN.c **** void PrintCanPacket(CANPacket packet){
 259              		.loc 1 98 0
 260              		.cfi_startproc
 261              		@ args = 0, pretend = 0, frame = 16
 262              		@ frame_needed = 0, uses_anonymous_args = 0
 263 0000 30B5     		push	{r4, r5, lr}
 264              		.cfi_def_cfa_offset 12
 265              		.cfi_offset 4, -12
 266              		.cfi_offset 5, -8
 267              		.cfi_offset 14, -4
 268 0002 87B0     		sub	sp, sp, #28
 269              		.cfi_def_cfa_offset 40
 270 0004 0390     		str	r0, [sp, #12]
 271 0006 0491     		str	r1, [sp, #16]
 272 0008 0592     		str	r2, [sp, #20]
 273              	.LVL43:
 274              	.LBB2:
  99:Science_CAN.c ****     for(int i = 0; i < packet.dlc; i++ ) {
 275              		.loc 1 99 0
 276 000a 0023     		movs	r3, #0
 277 000c 0EE0     		b	.L20
 278              	.LVL44:
 279              	.L21:
 100:Science_CAN.c ****         sprintf(txData,"Byte%d %x   ", i+1, packet.data[i]);
 280              		.loc 1 100 0 discriminator 3
 281 000e 5C1C     		adds	r4, r3, #1
 282 0010 03AA     		add	r2, sp, #12
 283 0012 9446     		mov	ip, r2
 284 0014 6344     		add	r3, r3, ip
 285              	.LVL45:
 286 0016 DB78     		ldrb	r3, [r3, #3]
 287 0018 104D     		ldr	r5, .L22
 288 001a 2200     		movs	r2, r4
 289 001c 1049     		ldr	r1, .L22+4
 290 001e 2800     		movs	r0, r5
ARM GAS  C:\Users\becca\AppData\Local\Temp\ccrDJNOL.s 			page 8


 291 0020 FFF7FEFF 		bl	sprintf
 292              	.LVL46:
 101:Science_CAN.c ****         Print(txData);
 293              		.loc 1 101 0 discriminator 3
 294 0024 2800     		movs	r0, r5
 295 0026 FFF7FEFF 		bl	UART_UartPutString
 296              	.LVL47:
  99:Science_CAN.c ****     for(int i = 0; i < packet.dlc; i++ ) {
 297              		.loc 1 99 0 discriminator 3
 298 002a 2300     		movs	r3, r4
 299              	.LVL48:
 300              	.L20:
  99:Science_CAN.c ****     for(int i = 0; i < packet.dlc; i++ ) {
 301              		.loc 1 99 0 is_stmt 0 discriminator 1
 302 002c 03AA     		add	r2, sp, #12
 303 002e 9278     		ldrb	r2, [r2, #2]
 304 0030 9342     		cmp	r3, r2
 305 0032 ECDB     		blt	.L21
 306              	.LBE2:
 102:Science_CAN.c ****     }
 103:Science_CAN.c **** 
 104:Science_CAN.c ****     sprintf(txData,"ID:%x %x %x\r\n",packet.id >> 10, 
 307              		.loc 1 104 0 is_stmt 1
 308 0034 03AB     		add	r3, sp, #12
 309              	.LVL49:
 310 0036 1988     		ldrh	r1, [r3]
 311 0038 8B09     		lsrs	r3, r1, #6
 312 003a 0F22     		movs	r2, #15
 313 003c 1340     		ands	r3, r2
 314 003e 8A0A     		lsrs	r2, r1, #10
 315 0040 064C     		ldr	r4, .L22
 316 0042 3F20     		movs	r0, #63
 317 0044 0140     		ands	r1, r0
 318 0046 0091     		str	r1, [sp]
 319 0048 0649     		ldr	r1, .L22+8
 320 004a 2000     		movs	r0, r4
 321 004c FFF7FEFF 		bl	sprintf
 322              	.LVL50:
 105:Science_CAN.c ****         (packet.id >> 6) & 0xF , packet.id & 0x3F);
 106:Science_CAN.c ****     Print(txData);
 323              		.loc 1 106 0
 324 0050 2000     		movs	r0, r4
 325 0052 FFF7FEFF 		bl	UART_UartPutString
 326              	.LVL51:
 107:Science_CAN.c **** }
 327              		.loc 1 107 0
 328 0056 07B0     		add	sp, sp, #28
 329              		@ sp needed
 330 0058 30BD     		pop	{r4, r5, pc}
 331              	.L23:
 332 005a C046     		.align	2
 333              	.L22:
 334 005c 00000000 		.word	txData
 335 0060 74000000 		.word	.LC19
 336 0064 84000000 		.word	.LC22
 337              		.cfi_endproc
 338              	.LFE36:
ARM GAS  C:\Users\becca\AppData\Local\Temp\ccrDJNOL.s 			page 9


 339              		.size	PrintCanPacket, .-PrintCanPacket
 340              		.section	.text.InitCANN,"ax",%progbits
 341              		.align	2
 342              		.global	InitCANN
 343              		.code	16
 344              		.thumb_func
 345              		.type	InitCANN, %function
 346              	InitCANN:
 347              	.LFB37:
 108:Science_CAN.c **** 
 109:Science_CAN.c **** void InitCANN() {
 348              		.loc 1 109 0
 349              		.cfi_startproc
 350              		@ args = 0, pretend = 0, frame = 0
 351              		@ frame_needed = 0, uses_anonymous_args = 0
 352 0000 10B5     		push	{r4, lr}
 353              		.cfi_def_cfa_offset 8
 354              		.cfi_offset 4, -8
 355              		.cfi_offset 14, -4
 110:Science_CAN.c ****     CAN_Start(); // must name CAN Top Design block as "CAN"
 356              		.loc 1 110 0
 357 0002 FFF7FEFF 		bl	CAN_Start
 358              	.LVL52:
 111:Science_CAN.c ****     
 112:Science_CAN.c ****     // sets up mailbox to recieve EVERYTHING
 113:Science_CAN.c ****     rxMailbox.rxmailbox = 0;
 359              		.loc 1 113 0
 360 0006 0948     		ldr	r0, .L25
 361 0008 0023     		movs	r3, #0
 362 000a 0370     		strb	r3, [r0]
 114:Science_CAN.c ****     rxMailbox.rxacr = 0x00000000;
 363              		.loc 1 114 0
 364 000c C360     		str	r3, [r0, #12]
 115:Science_CAN.c ****     rxMailbox.rxamr = 0xFFFFFFFF;
 365              		.loc 1 115 0
 366 000e 013B     		subs	r3, r3, #1
 367 0010 8360     		str	r3, [r0, #8]
 116:Science_CAN.c ****     rxMailbox.rxcmd = CAN_RX_CMD_REG(CAN_RX_MAILBOX_0);
 368              		.loc 1 116 0
 369 0012 074B     		ldr	r3, .L25+4
 370 0014 1B68     		ldr	r3, [r3]
 371 0016 4360     		str	r3, [r0, #4]
 117:Science_CAN.c ****     CAN_RxBufConfig(&rxMailbox);
 372              		.loc 1 117 0
 373 0018 FFF7FEFF 		bl	CAN_RxBufConfig
 374              	.LVL53:
 118:Science_CAN.c ****     
 119:Science_CAN.c ****     CAN_GlobalIntEnable();
 375              		.loc 1 119 0
 376 001c FFF7FEFF 		bl	CAN_GlobalIntEnable
 377              	.LVL54:
 120:Science_CAN.c ****     CyIntSetVector(CAN_ISR_NUMBER, CAN_FLAG_ISR);
 378              		.loc 1 120 0
 379 0020 0449     		ldr	r1, .L25+8
 380 0022 1D20     		movs	r0, #29
 381 0024 FFF7FEFF 		bl	CyIntSetVector
 382              	.LVL55:
ARM GAS  C:\Users\becca\AppData\Local\Temp\ccrDJNOL.s 			page 10


 121:Science_CAN.c **** }
 383              		.loc 1 121 0
 384              		@ sp needed
 385 0028 10BD     		pop	{r4, pc}
 386              	.L26:
 387 002a C046     		.align	2
 388              	.L25:
 389 002c 00000000 		.word	rxMailbox
 390 0030 A0002F40 		.word	1076822176
 391 0034 00000000 		.word	CAN_FLAG_ISR
 392              		.cfi_endproc
 393              	.LFE37:
 394              		.size	InitCANN, .-InitCANN
 395              		.comm	rxMailbox,16,4
 396              		.section	.rodata.str1.4,"aMS",%progbits,1
 397              		.align	2
 398              	.LC0:
 399 0000 0D0A0D0A 		.ascii	"\015\012\015\012Beginning of Science_CAN\015\012\015"
 399      42656769 
 399      6E6E696E 
 399      67206F66 
 399      20536369 
 400 001f 0A00     		.ascii	"\012\000"
 401 0021 000000   		.space	3
 402              	.LC2:
 403 0024 0D0A0D0A 		.ascii	"\015\012\015\012STOP\015\012\015\012\000"
 403      53544F50 
 403      0D0A0D0A 
 403      00
 404 0031 000000   		.space	3
 405              	.LC5:
 406 0034 74656D70 		.ascii	"temp\000"
 406      00
 407 0039 000000   		.space	3
 408              	.LC7:
 409 003c 73656E73 		.ascii	"sensor2\000"
 409      6F723200 
 410              	.LC9:
 411 0044 68756D00 		.ascii	"hum\000"
 412              	.LC11:
 413 0048 73656E73 		.ascii	"sensor 4\000"
 413      6F722034 
 413      00
 414 0051 000000   		.space	3
 415              	.LC13:
 416 0054 73656E73 		.ascii	"sensor 5\000"
 416      6F722035 
 416      00
 417 005d 000000   		.space	3
 418              	.LC15:
 419 0060 73656E73 		.ascii	"sensor 6\000"
 419      6F722036 
 419      00
 420 0069 000000   		.space	3
 421              	.LC17:
 422 006c 44656661 		.ascii	"Default\000"
 422      756C7400 
ARM GAS  C:\Users\becca\AppData\Local\Temp\ccrDJNOL.s 			page 11


 423              	.LC19:
 424 0074 42797465 		.ascii	"Byte%d %x   \000"
 424      25642025 
 424      78202020 
 424      00
 425 0081 000000   		.space	3
 426              	.LC22:
 427 0084 49443A25 		.ascii	"ID:%x %x %x\015\012\000"
 427      78202578 
 427      2025780D 
 427      0A00
 428              		.text
 429              	.Letext0:
 430              		.file 2 "c:\\program files (x86)\\cypress\\psoc creator\\4.4\\psoc creator\\import\\gnu\\arm\\5.4.
 431              		.file 3 "c:\\program files (x86)\\cypress\\psoc creator\\4.4\\psoc creator\\import\\gnu\\arm\\5.4.
 432              		.file 4 "Generated_Source\\PSoC4/cytypes.h"
 433              		.file 5 "Generated_Source\\PSoC4/CAN.h"
 434              		.file 6 "HindsightCAN/CANPacket.h"
 435              		.file 7 "Generated_Source\\PSoC4/UART_SPI_UART.h"
 436              		.file 8 "HindsightCAN/CANCommon.h"
 437              		.file 9 "Sensors.h"
 438              		.file 10 "HindsightCAN/Port.h"
 439              		.file 11 "c:\\program files (x86)\\cypress\\psoc creator\\4.4\\psoc creator\\import\\gnu\\arm\\5.4
 440              		.file 12 "Generated_Source\\PSoC4/CyLib.h"
 441              		.section	.debug_info,"",%progbits
 442              	.Ldebug_info0:
 443 0000 72060000 		.4byte	0x672
 444 0004 0400     		.2byte	0x4
 445 0006 00000000 		.4byte	.Ldebug_abbrev0
 446 000a 04       		.byte	0x4
 447 000b 01       		.uleb128 0x1
 448 000c 8B000000 		.4byte	.LASF64
 449 0010 0C       		.byte	0xc
 450 0011 10030000 		.4byte	.LASF65
 451 0015 94010000 		.4byte	.LASF66
 452 0019 00000000 		.4byte	.Ldebug_ranges0+0
 453 001d 00000000 		.4byte	0
 454 0021 00000000 		.4byte	.Ldebug_line0
 455 0025 02       		.uleb128 0x2
 456 0026 01       		.byte	0x1
 457 0027 06       		.byte	0x6
 458 0028 56020000 		.4byte	.LASF0
 459 002c 03       		.uleb128 0x3
 460 002d EE010000 		.4byte	.LASF3
 461 0031 02       		.byte	0x2
 462 0032 1D       		.byte	0x1d
 463 0033 37000000 		.4byte	0x37
 464 0037 02       		.uleb128 0x2
 465 0038 01       		.byte	0x1
 466 0039 08       		.byte	0x8
 467 003a 40020000 		.4byte	.LASF1
 468 003e 02       		.uleb128 0x2
 469 003f 02       		.byte	0x2
 470 0040 05       		.byte	0x5
 471 0041 43000000 		.4byte	.LASF2
 472 0045 03       		.uleb128 0x3
 473 0046 6C000000 		.4byte	.LASF4
ARM GAS  C:\Users\becca\AppData\Local\Temp\ccrDJNOL.s 			page 12


 474 004a 02       		.byte	0x2
 475 004b 2B       		.byte	0x2b
 476 004c 50000000 		.4byte	0x50
 477 0050 02       		.uleb128 0x2
 478 0051 02       		.byte	0x2
 479 0052 07       		.byte	0x7
 480 0053 95020000 		.4byte	.LASF5
 481 0057 03       		.uleb128 0x3
 482 0058 61030000 		.4byte	.LASF6
 483 005c 02       		.byte	0x2
 484 005d 3F       		.byte	0x3f
 485 005e 62000000 		.4byte	0x62
 486 0062 02       		.uleb128 0x2
 487 0063 04       		.byte	0x4
 488 0064 05       		.byte	0x5
 489 0065 C9020000 		.4byte	.LASF7
 490 0069 02       		.uleb128 0x2
 491 006a 04       		.byte	0x4
 492 006b 07       		.byte	0x7
 493 006c 34030000 		.4byte	.LASF8
 494 0070 02       		.uleb128 0x2
 495 0071 08       		.byte	0x8
 496 0072 05       		.byte	0x5
 497 0073 72010000 		.4byte	.LASF9
 498 0077 02       		.uleb128 0x2
 499 0078 08       		.byte	0x8
 500 0079 07       		.byte	0x7
 501 007a 62020000 		.4byte	.LASF10
 502 007e 04       		.uleb128 0x4
 503 007f 04       		.byte	0x4
 504 0080 05       		.byte	0x5
 505 0081 696E7400 		.ascii	"int\000"
 506 0085 02       		.uleb128 0x2
 507 0086 04       		.byte	0x4
 508 0087 07       		.byte	0x7
 509 0088 79020000 		.4byte	.LASF11
 510 008c 02       		.uleb128 0x2
 511 008d 08       		.byte	0x8
 512 008e 04       		.byte	0x4
 513 008f 0F020000 		.4byte	.LASF12
 514 0093 02       		.uleb128 0x2
 515 0094 04       		.byte	0x4
 516 0095 07       		.byte	0x7
 517 0096 4D000000 		.4byte	.LASF13
 518 009a 02       		.uleb128 0x2
 519 009b 01       		.byte	0x1
 520 009c 08       		.byte	0x8
 521 009d B6020000 		.4byte	.LASF14
 522 00a1 03       		.uleb128 0x3
 523 00a2 32010000 		.4byte	.LASF15
 524 00a6 03       		.byte	0x3
 525 00a7 18       		.byte	0x18
 526 00a8 2C000000 		.4byte	0x2c
 527 00ac 03       		.uleb128 0x3
 528 00ad 86020000 		.4byte	.LASF16
 529 00b1 03       		.byte	0x3
 530 00b2 24       		.byte	0x24
ARM GAS  C:\Users\becca\AppData\Local\Temp\ccrDJNOL.s 			page 13


 531 00b3 45000000 		.4byte	0x45
 532 00b7 03       		.uleb128 0x3
 533 00b8 E2020000 		.4byte	.LASF17
 534 00bc 03       		.byte	0x3
 535 00bd 2C       		.byte	0x2c
 536 00be 57000000 		.4byte	0x57
 537 00c2 02       		.uleb128 0x2
 538 00c3 08       		.byte	0x8
 539 00c4 04       		.byte	0x4
 540 00c5 46030000 		.4byte	.LASF18
 541 00c9 02       		.uleb128 0x2
 542 00ca 04       		.byte	0x4
 543 00cb 04       		.byte	0x4
 544 00cc 65010000 		.4byte	.LASF19
 545 00d0 05       		.uleb128 0x5
 546 00d1 4D010000 		.4byte	.LASF20
 547 00d5 04       		.byte	0x4
 548 00d6 FC01     		.2byte	0x1fc
 549 00d8 37000000 		.4byte	0x37
 550 00dc 05       		.uleb128 0x5
 551 00dd 28030000 		.4byte	.LASF21
 552 00e1 04       		.byte	0x4
 553 00e2 FE01     		.2byte	0x1fe
 554 00e4 69000000 		.4byte	0x69
 555 00e8 05       		.uleb128 0x5
 556 00e9 2F030000 		.4byte	.LASF22
 557 00ed 04       		.byte	0x4
 558 00ee A602     		.2byte	0x2a6
 559 00f0 F4000000 		.4byte	0xf4
 560 00f4 06       		.uleb128 0x6
 561 00f5 D0000000 		.4byte	0xd0
 562 00f9 05       		.uleb128 0x5
 563 00fa 8F020000 		.4byte	.LASF23
 564 00fe 04       		.byte	0x4
 565 00ff A802     		.2byte	0x2a8
 566 0101 05010000 		.4byte	0x105
 567 0105 06       		.uleb128 0x6
 568 0106 DC000000 		.4byte	0xdc
 569 010a 07       		.uleb128 0x7
 570 010b 08       		.byte	0x8
 571 010c 05       		.byte	0x5
 572 010d 75       		.byte	0x75
 573 010e 1F010000 		.4byte	0x11f
 574 0112 08       		.uleb128 0x8
 575 0113 FF010000 		.4byte	.LASF25
 576 0117 05       		.byte	0x5
 577 0118 77       		.byte	0x77
 578 0119 2F010000 		.4byte	0x12f
 579 011d 00       		.byte	0
 580 011e 00       		.byte	0
 581 011f 09       		.uleb128 0x9
 582 0120 E8000000 		.4byte	0xe8
 583 0124 2F010000 		.4byte	0x12f
 584 0128 0A       		.uleb128 0xa
 585 0129 93000000 		.4byte	0x93
 586 012d 07       		.byte	0x7
 587 012e 00       		.byte	0
ARM GAS  C:\Users\becca\AppData\Local\Temp\ccrDJNOL.s 			page 14


 588 012f 06       		.uleb128 0x6
 589 0130 1F010000 		.4byte	0x11f
 590 0134 03       		.uleb128 0x3
 591 0135 2F000000 		.4byte	.LASF24
 592 0139 05       		.byte	0x5
 593 013a 78       		.byte	0x78
 594 013b 0A010000 		.4byte	0x10a
 595 013f 07       		.uleb128 0x7
 596 0140 04       		.byte	0x4
 597 0141 05       		.byte	0x5
 598 0142 7B       		.byte	0x7b
 599 0143 54010000 		.4byte	0x154
 600 0147 08       		.uleb128 0x8
 601 0148 FF010000 		.4byte	.LASF25
 602 014c 05       		.byte	0x5
 603 014d 7D       		.byte	0x7d
 604 014e 64010000 		.4byte	0x164
 605 0152 00       		.byte	0
 606 0153 00       		.byte	0
 607 0154 09       		.uleb128 0x9
 608 0155 E8000000 		.4byte	0xe8
 609 0159 64010000 		.4byte	0x164
 610 015d 0A       		.uleb128 0xa
 611 015e 93000000 		.4byte	0x93
 612 0162 03       		.byte	0x3
 613 0163 00       		.byte	0
 614 0164 06       		.uleb128 0x6
 615 0165 54010000 		.4byte	0x154
 616 0169 03       		.uleb128 0x3
 617 016a 00030000 		.4byte	.LASF26
 618 016e 05       		.byte	0x5
 619 016f 7E       		.byte	0x7e
 620 0170 3F010000 		.4byte	0x13f
 621 0174 07       		.uleb128 0x7
 622 0175 10       		.byte	0x10
 623 0176 05       		.byte	0x5
 624 0177 8F       		.byte	0x8f
 625 0178 AD010000 		.4byte	0x1ad
 626 017c 08       		.uleb128 0x8
 627 017d 25000000 		.4byte	.LASF27
 628 0181 05       		.byte	0x5
 629 0182 91       		.byte	0x91
 630 0183 D0000000 		.4byte	0xd0
 631 0187 00       		.byte	0
 632 0188 08       		.uleb128 0x8
 633 0189 EA020000 		.4byte	.LASF28
 634 018d 05       		.byte	0x5
 635 018e 92       		.byte	0x92
 636 018f DC000000 		.4byte	0xdc
 637 0193 04       		.byte	0x4
 638 0194 08       		.uleb128 0x8
 639 0195 C0030000 		.4byte	.LASF29
 640 0199 05       		.byte	0x5
 641 019a 93       		.byte	0x93
 642 019b DC000000 		.4byte	0xdc
 643 019f 08       		.byte	0x8
 644 01a0 08       		.uleb128 0x8
ARM GAS  C:\Users\becca\AppData\Local\Temp\ccrDJNOL.s 			page 15


 645 01a1 5F010000 		.4byte	.LASF30
 646 01a5 05       		.byte	0x5
 647 01a6 94       		.byte	0x94
 648 01a7 DC000000 		.4byte	0xdc
 649 01ab 0C       		.byte	0xc
 650 01ac 00       		.byte	0
 651 01ad 03       		.uleb128 0x3
 652 01ae C6030000 		.4byte	.LASF31
 653 01b2 05       		.byte	0x5
 654 01b3 95       		.byte	0x95
 655 01b4 74010000 		.4byte	0x174
 656 01b8 07       		.uleb128 0x7
 657 01b9 20       		.byte	0x20
 658 01ba 05       		.byte	0x5
 659 01bb A0       		.byte	0xa0
 660 01bc 15020000 		.4byte	0x215
 661 01c0 08       		.uleb128 0x8
 662 01c1 EA020000 		.4byte	.LASF28
 663 01c5 05       		.byte	0x5
 664 01c6 A2       		.byte	0xa2
 665 01c7 69010000 		.4byte	0x169
 666 01cb 00       		.byte	0
 667 01cc 08       		.uleb128 0x8
 668 01cd 53010000 		.4byte	.LASF32
 669 01d1 05       		.byte	0x5
 670 01d2 A3       		.byte	0xa3
 671 01d3 69010000 		.4byte	0x169
 672 01d7 04       		.byte	0x4
 673 01d8 08       		.uleb128 0x8
 674 01d9 65000000 		.4byte	.LASF33
 675 01dd 05       		.byte	0x5
 676 01de A4       		.byte	0xa4
 677 01df 34010000 		.4byte	0x134
 678 01e3 08       		.byte	0x8
 679 01e4 08       		.uleb128 0x8
 680 01e5 C0030000 		.4byte	.LASF29
 681 01e9 05       		.byte	0x5
 682 01ea A5       		.byte	0xa5
 683 01eb 69010000 		.4byte	0x169
 684 01ef 10       		.byte	0x10
 685 01f0 08       		.uleb128 0x8
 686 01f1 5F010000 		.4byte	.LASF30
 687 01f5 05       		.byte	0x5
 688 01f6 A6       		.byte	0xa6
 689 01f7 69010000 		.4byte	0x169
 690 01fb 14       		.byte	0x14
 691 01fc 08       		.uleb128 0x8
 692 01fd 39020000 		.4byte	.LASF34
 693 0201 05       		.byte	0x5
 694 0202 A7       		.byte	0xa7
 695 0203 69010000 		.4byte	0x169
 696 0207 18       		.byte	0x18
 697 0208 08       		.uleb128 0x8
 698 0209 AF020000 		.4byte	.LASF35
 699 020d 05       		.byte	0x5
 700 020e A8       		.byte	0xa8
 701 020f 69010000 		.4byte	0x169
ARM GAS  C:\Users\becca\AppData\Local\Temp\ccrDJNOL.s 			page 16


 702 0213 1C       		.byte	0x1c
 703 0214 00       		.byte	0
 704 0215 03       		.uleb128 0x3
 705 0216 BB020000 		.4byte	.LASF36
 706 021a 05       		.byte	0x5
 707 021b A9       		.byte	0xa9
 708 021c B8010000 		.4byte	0x1b8
 709 0220 07       		.uleb128 0x7
 710 0221 0C       		.byte	0xc
 711 0222 06       		.byte	0x6
 712 0223 0F       		.byte	0xf
 713 0224 4C020000 		.4byte	0x24c
 714 0228 0B       		.uleb128 0xb
 715 0229 696400   		.ascii	"id\000"
 716 022c 06       		.byte	0x6
 717 022d 11       		.byte	0x11
 718 022e AC000000 		.4byte	0xac
 719 0232 00       		.byte	0
 720 0233 0B       		.uleb128 0xb
 721 0234 646C6300 		.ascii	"dlc\000"
 722 0238 06       		.byte	0x6
 723 0239 12       		.byte	0x12
 724 023a A1000000 		.4byte	0xa1
 725 023e 02       		.byte	0x2
 726 023f 08       		.uleb128 0x8
 727 0240 0B030000 		.4byte	.LASF37
 728 0244 06       		.byte	0x6
 729 0245 13       		.byte	0x13
 730 0246 4C020000 		.4byte	0x24c
 731 024a 03       		.byte	0x3
 732 024b 00       		.byte	0
 733 024c 09       		.uleb128 0x9
 734 024d A1000000 		.4byte	0xa1
 735 0251 5C020000 		.4byte	0x25c
 736 0255 0A       		.uleb128 0xa
 737 0256 93000000 		.4byte	0x93
 738 025a 07       		.byte	0x7
 739 025b 00       		.byte	0
 740 025c 03       		.uleb128 0x3
 741 025d 80010000 		.4byte	.LASF38
 742 0261 06       		.byte	0x6
 743 0262 14       		.byte	0x14
 744 0263 20020000 		.4byte	0x220
 745 0267 0C       		.uleb128 0xc
 746 0268 04020000 		.4byte	.LASF67
 747 026c 01       		.byte	0x1
 748 026d 1F       		.byte	0x1f
 749 026e 7E000000 		.4byte	0x7e
 750 0272 00000000 		.4byte	.LFB35
 751 0276 FC000000 		.4byte	.LFE35-.LFB35
 752 027a 01       		.uleb128 0x1
 753 027b 9C       		.byte	0x9c
 754 027c 75040000 		.4byte	0x475
 755 0280 0D       		.uleb128 0xd
 756 0281 56000000 		.4byte	.LASF39
 757 0285 01       		.byte	0x1
 758 0286 1F       		.byte	0x1f
ARM GAS  C:\Users\becca\AppData\Local\Temp\ccrDJNOL.s 			page 17


 759 0287 75040000 		.4byte	0x475
 760 028b 00000000 		.4byte	.LLST0
 761 028f 0D       		.uleb128 0xd
 762 0290 B3030000 		.4byte	.LASF40
 763 0294 01       		.byte	0x1
 764 0295 1F       		.byte	0x1f
 765 0296 75040000 		.4byte	0x475
 766 029a 2C000000 		.4byte	.LLST1
 767 029e 0E       		.uleb128 0xe
 768 029f 1E030000 		.4byte	.LASF41
 769 02a3 01       		.byte	0x1
 770 02a4 20       		.byte	0x20
 771 02a5 AC000000 		.4byte	0xac
 772 02a9 58000000 		.4byte	.LLST2
 773 02ad 0F       		.uleb128 0xf
 774 02ae 6B030000 		.4byte	.LASF42
 775 02b2 01       		.byte	0x1
 776 02b3 21       		.byte	0x21
 777 02b4 A1000000 		.4byte	0xa1
 778 02b8 02       		.uleb128 0x2
 779 02b9 91       		.byte	0x91
 780 02ba 60       		.sleb128 -32
 781 02bb 0F       		.uleb128 0xf
 782 02bc A9030000 		.4byte	.LASF43
 783 02c0 01       		.byte	0x1
 784 02c1 22       		.byte	0x22
 785 02c2 A1000000 		.4byte	0xa1
 786 02c6 02       		.uleb128 0x2
 787 02c7 91       		.byte	0x91
 788 02c8 64       		.sleb128 -28
 789 02c9 0E       		.uleb128 0xe
 790 02ca 0B030000 		.4byte	.LASF37
 791 02ce 01       		.byte	0x1
 792 02cf 23       		.byte	0x23
 793 02d0 B7000000 		.4byte	0xb7
 794 02d4 B8000000 		.4byte	.LLST3
 795 02d8 10       		.uleb128 0x10
 796 02d9 65727200 		.ascii	"err\000"
 797 02dd 01       		.byte	0x1
 798 02de 24       		.byte	0x24
 799 02df 7E000000 		.4byte	0x7e
 800 02e3 27010000 		.4byte	.LLST4
 801 02e7 11       		.uleb128 0x11
 802 02e8 3E000000 		.4byte	.LASF44
 803 02ec 01       		.byte	0x1
 804 02ed 25       		.byte	0x25
 805 02ee C9000000 		.4byte	0xc9
 806 02f2 12       		.uleb128 0x12
 807 02f3 68756D00 		.ascii	"hum\000"
 808 02f7 01       		.byte	0x1
 809 02f8 25       		.byte	0x25
 810 02f9 C9000000 		.4byte	0xc9
 811 02fd 11       		.uleb128 0x11
 812 02fe A8020000 		.4byte	.LASF45
 813 0302 01       		.byte	0x1
 814 0303 26       		.byte	0x26
 815 0304 7B040000 		.4byte	0x47b
ARM GAS  C:\Users\becca\AppData\Local\Temp\ccrDJNOL.s 			page 18


 816 0308 13       		.uleb128 0x13
 817 0309 0C000000 		.4byte	.LVL1
 818 030d D9050000 		.4byte	0x5d9
 819 0311 1C030000 		.4byte	0x31c
 820 0315 14       		.uleb128 0x14
 821 0316 01       		.uleb128 0x1
 822 0317 50       		.byte	0x50
 823 0318 02       		.uleb128 0x2
 824 0319 74       		.byte	0x74
 825 031a 00       		.sleb128 0
 826 031b 00       		.byte	0
 827 031c 13       		.uleb128 0x13
 828 031d 14000000 		.4byte	.LVL3
 829 0321 E4050000 		.4byte	0x5e4
 830 0325 30030000 		.4byte	0x330
 831 0329 14       		.uleb128 0x14
 832 032a 01       		.uleb128 0x1
 833 032b 50       		.byte	0x50
 834 032c 02       		.uleb128 0x2
 835 032d 74       		.byte	0x74
 836 032e 00       		.sleb128 0
 837 032f 00       		.byte	0
 838 0330 13       		.uleb128 0x13
 839 0331 1C000000 		.4byte	.LVL5
 840 0335 EF050000 		.4byte	0x5ef
 841 0339 44030000 		.4byte	0x344
 842 033d 14       		.uleb128 0x14
 843 033e 01       		.uleb128 0x1
 844 033f 50       		.byte	0x50
 845 0340 02       		.uleb128 0x2
 846 0341 74       		.byte	0x74
 847 0342 00       		.sleb128 0
 848 0343 00       		.byte	0
 849 0344 13       		.uleb128 0x13
 850 0345 24000000 		.4byte	.LVL7
 851 0349 FA050000 		.4byte	0x5fa
 852 034d 5B030000 		.4byte	0x35b
 853 0351 14       		.uleb128 0x14
 854 0352 01       		.uleb128 0x1
 855 0353 50       		.byte	0x50
 856 0354 05       		.uleb128 0x5
 857 0355 03       		.byte	0x3
 858 0356 00000000 		.4byte	.LC0
 859 035a 00       		.byte	0
 860 035b 13       		.uleb128 0x13
 861 035c 38000000 		.4byte	.LVL8
 862 0360 FA050000 		.4byte	0x5fa
 863 0364 72030000 		.4byte	0x372
 864 0368 14       		.uleb128 0x14
 865 0369 01       		.uleb128 0x1
 866 036a 50       		.byte	0x50
 867 036b 05       		.uleb128 0x5
 868 036c 03       		.byte	0x3
 869 036d 24000000 		.4byte	.LC2
 870 0371 00       		.byte	0
 871 0372 13       		.uleb128 0x13
 872 0373 42000000 		.4byte	.LVL9
ARM GAS  C:\Users\becca\AppData\Local\Temp\ccrDJNOL.s 			page 19


 873 0377 06060000 		.4byte	0x606
 874 037b 86030000 		.4byte	0x386
 875 037f 14       		.uleb128 0x14
 876 0380 01       		.uleb128 0x1
 877 0381 50       		.byte	0x50
 878 0382 02       		.uleb128 0x2
 879 0383 74       		.byte	0x74
 880 0384 00       		.sleb128 0
 881 0385 00       		.byte	0
 882 0386 15       		.uleb128 0x15
 883 0387 56000000 		.4byte	.LVL10
 884 038b 11060000 		.4byte	0x611
 885 038f 13       		.uleb128 0x13
 886 0390 5E000000 		.4byte	.LVL13
 887 0394 FA050000 		.4byte	0x5fa
 888 0398 A6030000 		.4byte	0x3a6
 889 039c 14       		.uleb128 0x14
 890 039d 01       		.uleb128 0x1
 891 039e 50       		.byte	0x50
 892 039f 05       		.uleb128 0x5
 893 03a0 03       		.byte	0x3
 894 03a1 34000000 		.4byte	.LC5
 895 03a5 00       		.byte	0
 896 03a6 13       		.uleb128 0x13
 897 03a7 68000000 		.4byte	.LVL16
 898 03ab FA050000 		.4byte	0x5fa
 899 03af BD030000 		.4byte	0x3bd
 900 03b3 14       		.uleb128 0x14
 901 03b4 01       		.uleb128 0x1
 902 03b5 50       		.byte	0x50
 903 03b6 05       		.uleb128 0x5
 904 03b7 03       		.byte	0x3
 905 03b8 3C000000 		.4byte	.LC7
 906 03bc 00       		.byte	0
 907 03bd 13       		.uleb128 0x13
 908 03be 74000000 		.4byte	.LVL19
 909 03c2 FA050000 		.4byte	0x5fa
 910 03c6 D4030000 		.4byte	0x3d4
 911 03ca 14       		.uleb128 0x14
 912 03cb 01       		.uleb128 0x1
 913 03cc 50       		.byte	0x50
 914 03cd 05       		.uleb128 0x5
 915 03ce 03       		.byte	0x3
 916 03cf 44000000 		.4byte	.LC9
 917 03d3 00       		.byte	0
 918 03d4 15       		.uleb128 0x15
 919 03d5 78000000 		.4byte	.LVL20
 920 03d9 1C060000 		.4byte	0x61c
 921 03dd 13       		.uleb128 0x13
 922 03de 84000000 		.4byte	.LVL24
 923 03e2 FA050000 		.4byte	0x5fa
 924 03e6 F4030000 		.4byte	0x3f4
 925 03ea 14       		.uleb128 0x14
 926 03eb 01       		.uleb128 0x1
 927 03ec 50       		.byte	0x50
 928 03ed 05       		.uleb128 0x5
 929 03ee 03       		.byte	0x3
ARM GAS  C:\Users\becca\AppData\Local\Temp\ccrDJNOL.s 			page 20


 930 03ef 48000000 		.4byte	.LC11
 931 03f3 00       		.byte	0
 932 03f4 13       		.uleb128 0x13
 933 03f5 90000000 		.4byte	.LVL27
 934 03f9 FA050000 		.4byte	0x5fa
 935 03fd 0B040000 		.4byte	0x40b
 936 0401 14       		.uleb128 0x14
 937 0402 01       		.uleb128 0x1
 938 0403 50       		.byte	0x50
 939 0404 05       		.uleb128 0x5
 940 0405 03       		.byte	0x3
 941 0406 54000000 		.4byte	.LC13
 942 040a 00       		.byte	0
 943 040b 13       		.uleb128 0x13
 944 040c 9C000000 		.4byte	.LVL30
 945 0410 FA050000 		.4byte	0x5fa
 946 0414 22040000 		.4byte	0x422
 947 0418 14       		.uleb128 0x14
 948 0419 01       		.uleb128 0x1
 949 041a 50       		.byte	0x50
 950 041b 05       		.uleb128 0x5
 951 041c 03       		.byte	0x3
 952 041d 60000000 		.4byte	.LC15
 953 0421 00       		.byte	0
 954 0422 13       		.uleb128 0x13
 955 0423 A8000000 		.4byte	.LVL33
 956 0427 FA050000 		.4byte	0x5fa
 957 042b 39040000 		.4byte	0x439
 958 042f 14       		.uleb128 0x14
 959 0430 01       		.uleb128 0x1
 960 0431 50       		.byte	0x50
 961 0432 05       		.uleb128 0x5
 962 0433 03       		.byte	0x3
 963 0434 6C000000 		.4byte	.LC17
 964 0438 00       		.byte	0
 965 0439 13       		.uleb128 0x13
 966 043a BA000000 		.4byte	.LVL36
 967 043e 27060000 		.4byte	0x627
 968 0442 64040000 		.4byte	0x464
 969 0446 14       		.uleb128 0x14
 970 0447 01       		.uleb128 0x1
 971 0448 50       		.byte	0x50
 972 0449 02       		.uleb128 0x2
 973 044a 75       		.byte	0x75
 974 044b 00       		.sleb128 0
 975 044c 14       		.uleb128 0x14
 976 044d 01       		.uleb128 0x1
 977 044e 51       		.byte	0x51
 978 044f 04       		.uleb128 0x4
 979 0450 91       		.byte	0x91
 980 0451 60       		.sleb128 -32
 981 0452 94       		.byte	0x94
 982 0453 01       		.byte	0x1
 983 0454 14       		.uleb128 0x14
 984 0455 01       		.uleb128 0x1
 985 0456 52       		.byte	0x52
 986 0457 04       		.uleb128 0x4
ARM GAS  C:\Users\becca\AppData\Local\Temp\ccrDJNOL.s 			page 21


 987 0458 91       		.byte	0x91
 988 0459 64       		.sleb128 -28
 989 045a 94       		.byte	0x94
 990 045b 01       		.byte	0x1
 991 045c 14       		.uleb128 0x14
 992 045d 02       		.uleb128 0x2
 993 045e 7D       		.byte	0x7d
 994 045f 00       		.sleb128 0
 995 0460 02       		.uleb128 0x2
 996 0461 77       		.byte	0x77
 997 0462 00       		.sleb128 0
 998 0463 00       		.byte	0
 999 0464 16       		.uleb128 0x16
 1000 0465 C4000000 		.4byte	.LVL37
 1001 0469 32060000 		.4byte	0x632
 1002 046d 14       		.uleb128 0x14
 1003 046e 01       		.uleb128 0x1
 1004 046f 50       		.byte	0x50
 1005 0470 02       		.uleb128 0x2
 1006 0471 75       		.byte	0x75
 1007 0472 00       		.sleb128 0
 1008 0473 00       		.byte	0
 1009 0474 00       		.byte	0
 1010 0475 17       		.uleb128 0x17
 1011 0476 04       		.byte	0x4
 1012 0477 5C020000 		.4byte	0x25c
 1013 047b 02       		.uleb128 0x2
 1014 047c 01       		.byte	0x1
 1015 047d 02       		.byte	0x2
 1016 047e FA020000 		.4byte	.LASF46
 1017 0482 18       		.uleb128 0x18
 1018 0483 00000000 		.4byte	.LASF68
 1019 0487 01       		.byte	0x1
 1020 0488 62       		.byte	0x62
 1021 0489 00000000 		.4byte	.LFB36
 1022 048d 68000000 		.4byte	.LFE36-.LFB36
 1023 0491 01       		.uleb128 0x1
 1024 0492 9C       		.byte	0x9c
 1025 0493 5F050000 		.4byte	0x55f
 1026 0497 19       		.uleb128 0x19
 1027 0498 58010000 		.4byte	.LASF47
 1028 049c 01       		.byte	0x1
 1029 049d 62       		.byte	0x62
 1030 049e 5C020000 		.4byte	0x25c
 1031 04a2 02       		.uleb128 0x2
 1032 04a3 91       		.byte	0x91
 1033 04a4 64       		.sleb128 -28
 1034 04a5 1A       		.uleb128 0x1a
 1035 04a6 0A000000 		.4byte	.LBB2
 1036 04aa 2A000000 		.4byte	.LBE2-.LBB2
 1037 04ae 03050000 		.4byte	0x503
 1038 04b2 10       		.uleb128 0x10
 1039 04b3 6900     		.ascii	"i\000"
 1040 04b5 01       		.byte	0x1
 1041 04b6 63       		.byte	0x63
 1042 04b7 7E000000 		.4byte	0x7e
 1043 04bb 69010000 		.4byte	.LLST5
ARM GAS  C:\Users\becca\AppData\Local\Temp\ccrDJNOL.s 			page 22


 1044 04bf 13       		.uleb128 0x13
 1045 04c0 24000000 		.4byte	.LVL46
 1046 04c4 3D060000 		.4byte	0x63d
 1047 04c8 F2040000 		.4byte	0x4f2
 1048 04cc 14       		.uleb128 0x14
 1049 04cd 01       		.uleb128 0x1
 1050 04ce 50       		.byte	0x50
 1051 04cf 02       		.uleb128 0x2
 1052 04d0 75       		.byte	0x75
 1053 04d1 00       		.sleb128 0
 1054 04d2 14       		.uleb128 0x14
 1055 04d3 01       		.uleb128 0x1
 1056 04d4 51       		.byte	0x51
 1057 04d5 05       		.uleb128 0x5
 1058 04d6 03       		.byte	0x3
 1059 04d7 74000000 		.4byte	.LC19
 1060 04db 14       		.uleb128 0x14
 1061 04dc 01       		.uleb128 0x1
 1062 04dd 52       		.byte	0x52
 1063 04de 02       		.uleb128 0x2
 1064 04df 74       		.byte	0x74
 1065 04e0 00       		.sleb128 0
 1066 04e1 14       		.uleb128 0x14
 1067 04e2 01       		.uleb128 0x1
 1068 04e3 53       		.byte	0x53
 1069 04e4 0C       		.uleb128 0xc
 1070 04e5 91       		.byte	0x91
 1071 04e6 00       		.sleb128 0
 1072 04e7 74       		.byte	0x74
 1073 04e8 00       		.sleb128 0
 1074 04e9 22       		.byte	0x22
 1075 04ea 4A       		.byte	0x4a
 1076 04eb 1C       		.byte	0x1c
 1077 04ec 94       		.byte	0x94
 1078 04ed 01       		.byte	0x1
 1079 04ee 08       		.byte	0x8
 1080 04ef FF       		.byte	0xff
 1081 04f0 1A       		.byte	0x1a
 1082 04f1 00       		.byte	0
 1083 04f2 16       		.uleb128 0x16
 1084 04f3 2A000000 		.4byte	.LVL47
 1085 04f7 FA050000 		.4byte	0x5fa
 1086 04fb 14       		.uleb128 0x14
 1087 04fc 01       		.uleb128 0x1
 1088 04fd 50       		.byte	0x50
 1089 04fe 02       		.uleb128 0x2
 1090 04ff 75       		.byte	0x75
 1091 0500 00       		.sleb128 0
 1092 0501 00       		.byte	0
 1093 0502 00       		.byte	0
 1094 0503 13       		.uleb128 0x13
 1095 0504 50000000 		.4byte	.LVL50
 1096 0508 3D060000 		.4byte	0x63d
 1097 050c 4E050000 		.4byte	0x54e
 1098 0510 14       		.uleb128 0x14
 1099 0511 01       		.uleb128 0x1
 1100 0512 50       		.byte	0x50
ARM GAS  C:\Users\becca\AppData\Local\Temp\ccrDJNOL.s 			page 23


 1101 0513 02       		.uleb128 0x2
 1102 0514 74       		.byte	0x74
 1103 0515 00       		.sleb128 0
 1104 0516 14       		.uleb128 0x14
 1105 0517 01       		.uleb128 0x1
 1106 0518 51       		.byte	0x51
 1107 0519 05       		.uleb128 0x5
 1108 051a 03       		.byte	0x3
 1109 051b 84000000 		.4byte	.LC22
 1110 051f 14       		.uleb128 0x14
 1111 0520 01       		.uleb128 0x1
 1112 0521 52       		.byte	0x52
 1113 0522 0A       		.uleb128 0xa
 1114 0523 91       		.byte	0x91
 1115 0524 64       		.sleb128 -28
 1116 0525 94       		.byte	0x94
 1117 0526 02       		.byte	0x2
 1118 0527 0A       		.byte	0xa
 1119 0528 FFFF     		.2byte	0xffff
 1120 052a 1A       		.byte	0x1a
 1121 052b 3A       		.byte	0x3a
 1122 052c 25       		.byte	0x25
 1123 052d 14       		.uleb128 0x14
 1124 052e 01       		.uleb128 0x1
 1125 052f 53       		.byte	0x53
 1126 0530 0C       		.uleb128 0xc
 1127 0531 91       		.byte	0x91
 1128 0532 64       		.sleb128 -28
 1129 0533 94       		.byte	0x94
 1130 0534 02       		.byte	0x2
 1131 0535 0A       		.byte	0xa
 1132 0536 FFFF     		.2byte	0xffff
 1133 0538 1A       		.byte	0x1a
 1134 0539 36       		.byte	0x36
 1135 053a 25       		.byte	0x25
 1136 053b 3F       		.byte	0x3f
 1137 053c 1A       		.byte	0x1a
 1138 053d 14       		.uleb128 0x14
 1139 053e 02       		.uleb128 0x2
 1140 053f 7D       		.byte	0x7d
 1141 0540 00       		.sleb128 0
 1142 0541 0B       		.uleb128 0xb
 1143 0542 91       		.byte	0x91
 1144 0543 64       		.sleb128 -28
 1145 0544 94       		.byte	0x94
 1146 0545 02       		.byte	0x2
 1147 0546 08       		.byte	0x8
 1148 0547 3F       		.byte	0x3f
 1149 0548 1A       		.byte	0x1a
 1150 0549 0A       		.byte	0xa
 1151 054a FFFF     		.2byte	0xffff
 1152 054c 1A       		.byte	0x1a
 1153 054d 00       		.byte	0
 1154 054e 16       		.uleb128 0x16
 1155 054f 56000000 		.4byte	.LVL51
 1156 0553 FA050000 		.4byte	0x5fa
 1157 0557 14       		.uleb128 0x14
ARM GAS  C:\Users\becca\AppData\Local\Temp\ccrDJNOL.s 			page 24


 1158 0558 01       		.uleb128 0x1
 1159 0559 50       		.byte	0x50
 1160 055a 02       		.uleb128 0x2
 1161 055b 74       		.byte	0x74
 1162 055c 00       		.sleb128 0
 1163 055d 00       		.byte	0
 1164 055e 00       		.byte	0
 1165 055f 1B       		.uleb128 0x1b
 1166 0560 84030000 		.4byte	.LASF69
 1167 0564 01       		.byte	0x1
 1168 0565 6D       		.byte	0x6d
 1169 0566 00000000 		.4byte	.LFB37
 1170 056a 38000000 		.4byte	.LFE37-.LFB37
 1171 056e 01       		.uleb128 0x1
 1172 056f 9C       		.byte	0x9c
 1173 0570 AD050000 		.4byte	0x5ad
 1174 0574 15       		.uleb128 0x15
 1175 0575 06000000 		.4byte	.LVL52
 1176 0579 48060000 		.4byte	0x648
 1177 057d 13       		.uleb128 0x13
 1178 057e 1C000000 		.4byte	.LVL53
 1179 0582 53060000 		.4byte	0x653
 1180 0586 94050000 		.4byte	0x594
 1181 058a 14       		.uleb128 0x14
 1182 058b 01       		.uleb128 0x1
 1183 058c 50       		.byte	0x50
 1184 058d 05       		.uleb128 0x5
 1185 058e 03       		.byte	0x3
 1186 058f 00000000 		.4byte	rxMailbox
 1187 0593 00       		.byte	0
 1188 0594 15       		.uleb128 0x15
 1189 0595 20000000 		.4byte	.LVL54
 1190 0599 5F060000 		.4byte	0x65f
 1191 059d 16       		.uleb128 0x16
 1192 059e 28000000 		.4byte	.LVL55
 1193 05a2 6A060000 		.4byte	0x66a
 1194 05a6 14       		.uleb128 0x14
 1195 05a7 01       		.uleb128 0x1
 1196 05a8 50       		.byte	0x50
 1197 05a9 01       		.uleb128 0x1
 1198 05aa 4D       		.byte	0x4d
 1199 05ab 00       		.byte	0
 1200 05ac 00       		.byte	0
 1201 05ad 1C       		.uleb128 0x1c
 1202 05ae F0020000 		.4byte	.LASF48
 1203 05b2 01       		.byte	0x1
 1204 05b3 17       		.byte	0x17
 1205 05b4 AD010000 		.4byte	0x1ad
 1206 05b8 05       		.uleb128 0x5
 1207 05b9 03       		.byte	0x3
 1208 05ba 00000000 		.4byte	rxMailbox
 1209 05be 09       		.uleb128 0x9
 1210 05bf 9A000000 		.4byte	0x9a
 1211 05c3 CE050000 		.4byte	0x5ce
 1212 05c7 0A       		.uleb128 0xa
 1213 05c8 93000000 		.4byte	0x93
 1214 05cc 63       		.byte	0x63
ARM GAS  C:\Users\becca\AppData\Local\Temp\ccrDJNOL.s 			page 25


 1215 05cd 00       		.byte	0
 1216 05ce 1D       		.uleb128 0x1d
 1217 05cf 6B010000 		.4byte	.LASF49
 1218 05d3 01       		.byte	0x1
 1219 05d4 1B       		.byte	0x1b
 1220 05d5 BE050000 		.4byte	0x5be
 1221 05d9 1E       		.uleb128 0x1e
 1222 05da D1030000 		.4byte	.LASF50
 1223 05de D1030000 		.4byte	.LASF50
 1224 05e2 06       		.byte	0x6
 1225 05e3 29       		.byte	0x29
 1226 05e4 1E       		.uleb128 0x1e
 1227 05e5 19010000 		.4byte	.LASF51
 1228 05e9 19010000 		.4byte	.LASF51
 1229 05ed 06       		.byte	0x6
 1230 05ee 22       		.byte	0x22
 1231 05ef 1E       		.uleb128 0x1e
 1232 05f0 8D030000 		.4byte	.LASF52
 1233 05f4 8D030000 		.4byte	.LASF52
 1234 05f8 06       		.byte	0x6
 1235 05f9 21       		.byte	0x21
 1236 05fa 1F       		.uleb128 0x1f
 1237 05fb 3A010000 		.4byte	.LASF53
 1238 05ff 3A010000 		.4byte	.LASF53
 1239 0603 07       		.byte	0x7
 1240 0604 2A03     		.2byte	0x32a
 1241 0606 1E       		.uleb128 0x1e
 1242 0607 77000000 		.4byte	.LASF54
 1243 060b 77000000 		.4byte	.LASF54
 1244 060f 08       		.byte	0x8
 1245 0610 44       		.byte	0x44
 1246 0611 1E       		.uleb128 0x1e
 1247 0612 0F000000 		.4byte	.LASF55
 1248 0616 0F000000 		.4byte	.LASF55
 1249 061a 09       		.byte	0x9
 1250 061b 04       		.byte	0x4
 1251 061c 1E       		.uleb128 0x1e
 1252 061d F8010000 		.4byte	.LASF56
 1253 0621 F8010000 		.4byte	.LASF56
 1254 0625 09       		.byte	0x9
 1255 0626 05       		.byte	0x5
 1256 0627 1E       		.uleb128 0x1e
 1257 0628 1B020000 		.4byte	.LASF57
 1258 062c 1B020000 		.4byte	.LASF57
 1259 0630 08       		.byte	0x8
 1260 0631 3C       		.byte	0x3c
 1261 0632 1E       		.uleb128 0x1e
 1262 0633 17000000 		.4byte	.LASF58
 1263 0637 17000000 		.4byte	.LASF58
 1264 063b 0A       		.byte	0xa
 1265 063c 1C       		.byte	0x1c
 1266 063d 1E       		.uleb128 0x1e
 1267 063e 4E020000 		.4byte	.LASF59
 1268 0642 4E020000 		.4byte	.LASF59
 1269 0646 0B       		.byte	0xb
 1270 0647 E7       		.byte	0xe7
 1271 0648 1E       		.uleb128 0x1e
ARM GAS  C:\Users\becca\AppData\Local\Temp\ccrDJNOL.s 			page 26


 1272 0649 8A010000 		.4byte	.LASF60
 1273 064d 8A010000 		.4byte	.LASF60
 1274 0651 05       		.byte	0x5
 1275 0652 C5       		.byte	0xc5
 1276 0653 1F       		.uleb128 0x1f
 1277 0654 D2020000 		.4byte	.LASF61
 1278 0658 D2020000 		.4byte	.LASF61
 1279 065c 05       		.byte	0x5
 1280 065d 1301     		.2byte	0x113
 1281 065f 1E       		.uleb128 0x1e
 1282 0660 4D030000 		.4byte	.LASF62
 1283 0664 4D030000 		.4byte	.LASF62
 1284 0668 05       		.byte	0x5
 1285 0669 C8       		.byte	0xc8
 1286 066a 1E       		.uleb128 0x1e
 1287 066b 75030000 		.4byte	.LASF63
 1288 066f 75030000 		.4byte	.LASF63
 1289 0673 0C       		.byte	0xc
 1290 0674 D0       		.byte	0xd0
 1291 0675 00       		.byte	0
 1292              		.section	.debug_abbrev,"",%progbits
 1293              	.Ldebug_abbrev0:
 1294 0000 01       		.uleb128 0x1
 1295 0001 11       		.uleb128 0x11
 1296 0002 01       		.byte	0x1
 1297 0003 25       		.uleb128 0x25
 1298 0004 0E       		.uleb128 0xe
 1299 0005 13       		.uleb128 0x13
 1300 0006 0B       		.uleb128 0xb
 1301 0007 03       		.uleb128 0x3
 1302 0008 0E       		.uleb128 0xe
 1303 0009 1B       		.uleb128 0x1b
 1304 000a 0E       		.uleb128 0xe
 1305 000b 55       		.uleb128 0x55
 1306 000c 17       		.uleb128 0x17
 1307 000d 11       		.uleb128 0x11
 1308 000e 01       		.uleb128 0x1
 1309 000f 10       		.uleb128 0x10
 1310 0010 17       		.uleb128 0x17
 1311 0011 00       		.byte	0
 1312 0012 00       		.byte	0
 1313 0013 02       		.uleb128 0x2
 1314 0014 24       		.uleb128 0x24
 1315 0015 00       		.byte	0
 1316 0016 0B       		.uleb128 0xb
 1317 0017 0B       		.uleb128 0xb
 1318 0018 3E       		.uleb128 0x3e
 1319 0019 0B       		.uleb128 0xb
 1320 001a 03       		.uleb128 0x3
 1321 001b 0E       		.uleb128 0xe
 1322 001c 00       		.byte	0
 1323 001d 00       		.byte	0
 1324 001e 03       		.uleb128 0x3
 1325 001f 16       		.uleb128 0x16
 1326 0020 00       		.byte	0
 1327 0021 03       		.uleb128 0x3
 1328 0022 0E       		.uleb128 0xe
ARM GAS  C:\Users\becca\AppData\Local\Temp\ccrDJNOL.s 			page 27


 1329 0023 3A       		.uleb128 0x3a
 1330 0024 0B       		.uleb128 0xb
 1331 0025 3B       		.uleb128 0x3b
 1332 0026 0B       		.uleb128 0xb
 1333 0027 49       		.uleb128 0x49
 1334 0028 13       		.uleb128 0x13
 1335 0029 00       		.byte	0
 1336 002a 00       		.byte	0
 1337 002b 04       		.uleb128 0x4
 1338 002c 24       		.uleb128 0x24
 1339 002d 00       		.byte	0
 1340 002e 0B       		.uleb128 0xb
 1341 002f 0B       		.uleb128 0xb
 1342 0030 3E       		.uleb128 0x3e
 1343 0031 0B       		.uleb128 0xb
 1344 0032 03       		.uleb128 0x3
 1345 0033 08       		.uleb128 0x8
 1346 0034 00       		.byte	0
 1347 0035 00       		.byte	0
 1348 0036 05       		.uleb128 0x5
 1349 0037 16       		.uleb128 0x16
 1350 0038 00       		.byte	0
 1351 0039 03       		.uleb128 0x3
 1352 003a 0E       		.uleb128 0xe
 1353 003b 3A       		.uleb128 0x3a
 1354 003c 0B       		.uleb128 0xb
 1355 003d 3B       		.uleb128 0x3b
 1356 003e 05       		.uleb128 0x5
 1357 003f 49       		.uleb128 0x49
 1358 0040 13       		.uleb128 0x13
 1359 0041 00       		.byte	0
 1360 0042 00       		.byte	0
 1361 0043 06       		.uleb128 0x6
 1362 0044 35       		.uleb128 0x35
 1363 0045 00       		.byte	0
 1364 0046 49       		.uleb128 0x49
 1365 0047 13       		.uleb128 0x13
 1366 0048 00       		.byte	0
 1367 0049 00       		.byte	0
 1368 004a 07       		.uleb128 0x7
 1369 004b 13       		.uleb128 0x13
 1370 004c 01       		.byte	0x1
 1371 004d 0B       		.uleb128 0xb
 1372 004e 0B       		.uleb128 0xb
 1373 004f 3A       		.uleb128 0x3a
 1374 0050 0B       		.uleb128 0xb
 1375 0051 3B       		.uleb128 0x3b
 1376 0052 0B       		.uleb128 0xb
 1377 0053 01       		.uleb128 0x1
 1378 0054 13       		.uleb128 0x13
 1379 0055 00       		.byte	0
 1380 0056 00       		.byte	0
 1381 0057 08       		.uleb128 0x8
 1382 0058 0D       		.uleb128 0xd
 1383 0059 00       		.byte	0
 1384 005a 03       		.uleb128 0x3
 1385 005b 0E       		.uleb128 0xe
ARM GAS  C:\Users\becca\AppData\Local\Temp\ccrDJNOL.s 			page 28


 1386 005c 3A       		.uleb128 0x3a
 1387 005d 0B       		.uleb128 0xb
 1388 005e 3B       		.uleb128 0x3b
 1389 005f 0B       		.uleb128 0xb
 1390 0060 49       		.uleb128 0x49
 1391 0061 13       		.uleb128 0x13
 1392 0062 38       		.uleb128 0x38
 1393 0063 0B       		.uleb128 0xb
 1394 0064 00       		.byte	0
 1395 0065 00       		.byte	0
 1396 0066 09       		.uleb128 0x9
 1397 0067 01       		.uleb128 0x1
 1398 0068 01       		.byte	0x1
 1399 0069 49       		.uleb128 0x49
 1400 006a 13       		.uleb128 0x13
 1401 006b 01       		.uleb128 0x1
 1402 006c 13       		.uleb128 0x13
 1403 006d 00       		.byte	0
 1404 006e 00       		.byte	0
 1405 006f 0A       		.uleb128 0xa
 1406 0070 21       		.uleb128 0x21
 1407 0071 00       		.byte	0
 1408 0072 49       		.uleb128 0x49
 1409 0073 13       		.uleb128 0x13
 1410 0074 2F       		.uleb128 0x2f
 1411 0075 0B       		.uleb128 0xb
 1412 0076 00       		.byte	0
 1413 0077 00       		.byte	0
 1414 0078 0B       		.uleb128 0xb
 1415 0079 0D       		.uleb128 0xd
 1416 007a 00       		.byte	0
 1417 007b 03       		.uleb128 0x3
 1418 007c 08       		.uleb128 0x8
 1419 007d 3A       		.uleb128 0x3a
 1420 007e 0B       		.uleb128 0xb
 1421 007f 3B       		.uleb128 0x3b
 1422 0080 0B       		.uleb128 0xb
 1423 0081 49       		.uleb128 0x49
 1424 0082 13       		.uleb128 0x13
 1425 0083 38       		.uleb128 0x38
 1426 0084 0B       		.uleb128 0xb
 1427 0085 00       		.byte	0
 1428 0086 00       		.byte	0
 1429 0087 0C       		.uleb128 0xc
 1430 0088 2E       		.uleb128 0x2e
 1431 0089 01       		.byte	0x1
 1432 008a 3F       		.uleb128 0x3f
 1433 008b 19       		.uleb128 0x19
 1434 008c 03       		.uleb128 0x3
 1435 008d 0E       		.uleb128 0xe
 1436 008e 3A       		.uleb128 0x3a
 1437 008f 0B       		.uleb128 0xb
 1438 0090 3B       		.uleb128 0x3b
 1439 0091 0B       		.uleb128 0xb
 1440 0092 27       		.uleb128 0x27
 1441 0093 19       		.uleb128 0x19
 1442 0094 49       		.uleb128 0x49
ARM GAS  C:\Users\becca\AppData\Local\Temp\ccrDJNOL.s 			page 29


 1443 0095 13       		.uleb128 0x13
 1444 0096 11       		.uleb128 0x11
 1445 0097 01       		.uleb128 0x1
 1446 0098 12       		.uleb128 0x12
 1447 0099 06       		.uleb128 0x6
 1448 009a 40       		.uleb128 0x40
 1449 009b 18       		.uleb128 0x18
 1450 009c 9742     		.uleb128 0x2117
 1451 009e 19       		.uleb128 0x19
 1452 009f 01       		.uleb128 0x1
 1453 00a0 13       		.uleb128 0x13
 1454 00a1 00       		.byte	0
 1455 00a2 00       		.byte	0
 1456 00a3 0D       		.uleb128 0xd
 1457 00a4 05       		.uleb128 0x5
 1458 00a5 00       		.byte	0
 1459 00a6 03       		.uleb128 0x3
 1460 00a7 0E       		.uleb128 0xe
 1461 00a8 3A       		.uleb128 0x3a
 1462 00a9 0B       		.uleb128 0xb
 1463 00aa 3B       		.uleb128 0x3b
 1464 00ab 0B       		.uleb128 0xb
 1465 00ac 49       		.uleb128 0x49
 1466 00ad 13       		.uleb128 0x13
 1467 00ae 02       		.uleb128 0x2
 1468 00af 17       		.uleb128 0x17
 1469 00b0 00       		.byte	0
 1470 00b1 00       		.byte	0
 1471 00b2 0E       		.uleb128 0xe
 1472 00b3 34       		.uleb128 0x34
 1473 00b4 00       		.byte	0
 1474 00b5 03       		.uleb128 0x3
 1475 00b6 0E       		.uleb128 0xe
 1476 00b7 3A       		.uleb128 0x3a
 1477 00b8 0B       		.uleb128 0xb
 1478 00b9 3B       		.uleb128 0x3b
 1479 00ba 0B       		.uleb128 0xb
 1480 00bb 49       		.uleb128 0x49
 1481 00bc 13       		.uleb128 0x13
 1482 00bd 02       		.uleb128 0x2
 1483 00be 17       		.uleb128 0x17
 1484 00bf 00       		.byte	0
 1485 00c0 00       		.byte	0
 1486 00c1 0F       		.uleb128 0xf
 1487 00c2 34       		.uleb128 0x34
 1488 00c3 00       		.byte	0
 1489 00c4 03       		.uleb128 0x3
 1490 00c5 0E       		.uleb128 0xe
 1491 00c6 3A       		.uleb128 0x3a
 1492 00c7 0B       		.uleb128 0xb
 1493 00c8 3B       		.uleb128 0x3b
 1494 00c9 0B       		.uleb128 0xb
 1495 00ca 49       		.uleb128 0x49
 1496 00cb 13       		.uleb128 0x13
 1497 00cc 02       		.uleb128 0x2
 1498 00cd 18       		.uleb128 0x18
 1499 00ce 00       		.byte	0
ARM GAS  C:\Users\becca\AppData\Local\Temp\ccrDJNOL.s 			page 30


 1500 00cf 00       		.byte	0
 1501 00d0 10       		.uleb128 0x10
 1502 00d1 34       		.uleb128 0x34
 1503 00d2 00       		.byte	0
 1504 00d3 03       		.uleb128 0x3
 1505 00d4 08       		.uleb128 0x8
 1506 00d5 3A       		.uleb128 0x3a
 1507 00d6 0B       		.uleb128 0xb
 1508 00d7 3B       		.uleb128 0x3b
 1509 00d8 0B       		.uleb128 0xb
 1510 00d9 49       		.uleb128 0x49
 1511 00da 13       		.uleb128 0x13
 1512 00db 02       		.uleb128 0x2
 1513 00dc 17       		.uleb128 0x17
 1514 00dd 00       		.byte	0
 1515 00de 00       		.byte	0
 1516 00df 11       		.uleb128 0x11
 1517 00e0 34       		.uleb128 0x34
 1518 00e1 00       		.byte	0
 1519 00e2 03       		.uleb128 0x3
 1520 00e3 0E       		.uleb128 0xe
 1521 00e4 3A       		.uleb128 0x3a
 1522 00e5 0B       		.uleb128 0xb
 1523 00e6 3B       		.uleb128 0x3b
 1524 00e7 0B       		.uleb128 0xb
 1525 00e8 49       		.uleb128 0x49
 1526 00e9 13       		.uleb128 0x13
 1527 00ea 00       		.byte	0
 1528 00eb 00       		.byte	0
 1529 00ec 12       		.uleb128 0x12
 1530 00ed 34       		.uleb128 0x34
 1531 00ee 00       		.byte	0
 1532 00ef 03       		.uleb128 0x3
 1533 00f0 08       		.uleb128 0x8
 1534 00f1 3A       		.uleb128 0x3a
 1535 00f2 0B       		.uleb128 0xb
 1536 00f3 3B       		.uleb128 0x3b
 1537 00f4 0B       		.uleb128 0xb
 1538 00f5 49       		.uleb128 0x49
 1539 00f6 13       		.uleb128 0x13
 1540 00f7 00       		.byte	0
 1541 00f8 00       		.byte	0
 1542 00f9 13       		.uleb128 0x13
 1543 00fa 898201   		.uleb128 0x4109
 1544 00fd 01       		.byte	0x1
 1545 00fe 11       		.uleb128 0x11
 1546 00ff 01       		.uleb128 0x1
 1547 0100 31       		.uleb128 0x31
 1548 0101 13       		.uleb128 0x13
 1549 0102 01       		.uleb128 0x1
 1550 0103 13       		.uleb128 0x13
 1551 0104 00       		.byte	0
 1552 0105 00       		.byte	0
 1553 0106 14       		.uleb128 0x14
 1554 0107 8A8201   		.uleb128 0x410a
 1555 010a 00       		.byte	0
 1556 010b 02       		.uleb128 0x2
ARM GAS  C:\Users\becca\AppData\Local\Temp\ccrDJNOL.s 			page 31


 1557 010c 18       		.uleb128 0x18
 1558 010d 9142     		.uleb128 0x2111
 1559 010f 18       		.uleb128 0x18
 1560 0110 00       		.byte	0
 1561 0111 00       		.byte	0
 1562 0112 15       		.uleb128 0x15
 1563 0113 898201   		.uleb128 0x4109
 1564 0116 00       		.byte	0
 1565 0117 11       		.uleb128 0x11
 1566 0118 01       		.uleb128 0x1
 1567 0119 31       		.uleb128 0x31
 1568 011a 13       		.uleb128 0x13
 1569 011b 00       		.byte	0
 1570 011c 00       		.byte	0
 1571 011d 16       		.uleb128 0x16
 1572 011e 898201   		.uleb128 0x4109
 1573 0121 01       		.byte	0x1
 1574 0122 11       		.uleb128 0x11
 1575 0123 01       		.uleb128 0x1
 1576 0124 31       		.uleb128 0x31
 1577 0125 13       		.uleb128 0x13
 1578 0126 00       		.byte	0
 1579 0127 00       		.byte	0
 1580 0128 17       		.uleb128 0x17
 1581 0129 0F       		.uleb128 0xf
 1582 012a 00       		.byte	0
 1583 012b 0B       		.uleb128 0xb
 1584 012c 0B       		.uleb128 0xb
 1585 012d 49       		.uleb128 0x49
 1586 012e 13       		.uleb128 0x13
 1587 012f 00       		.byte	0
 1588 0130 00       		.byte	0
 1589 0131 18       		.uleb128 0x18
 1590 0132 2E       		.uleb128 0x2e
 1591 0133 01       		.byte	0x1
 1592 0134 3F       		.uleb128 0x3f
 1593 0135 19       		.uleb128 0x19
 1594 0136 03       		.uleb128 0x3
 1595 0137 0E       		.uleb128 0xe
 1596 0138 3A       		.uleb128 0x3a
 1597 0139 0B       		.uleb128 0xb
 1598 013a 3B       		.uleb128 0x3b
 1599 013b 0B       		.uleb128 0xb
 1600 013c 27       		.uleb128 0x27
 1601 013d 19       		.uleb128 0x19
 1602 013e 11       		.uleb128 0x11
 1603 013f 01       		.uleb128 0x1
 1604 0140 12       		.uleb128 0x12
 1605 0141 06       		.uleb128 0x6
 1606 0142 40       		.uleb128 0x40
 1607 0143 18       		.uleb128 0x18
 1608 0144 9742     		.uleb128 0x2117
 1609 0146 19       		.uleb128 0x19
 1610 0147 01       		.uleb128 0x1
 1611 0148 13       		.uleb128 0x13
 1612 0149 00       		.byte	0
 1613 014a 00       		.byte	0
ARM GAS  C:\Users\becca\AppData\Local\Temp\ccrDJNOL.s 			page 32


 1614 014b 19       		.uleb128 0x19
 1615 014c 05       		.uleb128 0x5
 1616 014d 00       		.byte	0
 1617 014e 03       		.uleb128 0x3
 1618 014f 0E       		.uleb128 0xe
 1619 0150 3A       		.uleb128 0x3a
 1620 0151 0B       		.uleb128 0xb
 1621 0152 3B       		.uleb128 0x3b
 1622 0153 0B       		.uleb128 0xb
 1623 0154 49       		.uleb128 0x49
 1624 0155 13       		.uleb128 0x13
 1625 0156 02       		.uleb128 0x2
 1626 0157 18       		.uleb128 0x18
 1627 0158 00       		.byte	0
 1628 0159 00       		.byte	0
 1629 015a 1A       		.uleb128 0x1a
 1630 015b 0B       		.uleb128 0xb
 1631 015c 01       		.byte	0x1
 1632 015d 11       		.uleb128 0x11
 1633 015e 01       		.uleb128 0x1
 1634 015f 12       		.uleb128 0x12
 1635 0160 06       		.uleb128 0x6
 1636 0161 01       		.uleb128 0x1
 1637 0162 13       		.uleb128 0x13
 1638 0163 00       		.byte	0
 1639 0164 00       		.byte	0
 1640 0165 1B       		.uleb128 0x1b
 1641 0166 2E       		.uleb128 0x2e
 1642 0167 01       		.byte	0x1
 1643 0168 3F       		.uleb128 0x3f
 1644 0169 19       		.uleb128 0x19
 1645 016a 03       		.uleb128 0x3
 1646 016b 0E       		.uleb128 0xe
 1647 016c 3A       		.uleb128 0x3a
 1648 016d 0B       		.uleb128 0xb
 1649 016e 3B       		.uleb128 0x3b
 1650 016f 0B       		.uleb128 0xb
 1651 0170 11       		.uleb128 0x11
 1652 0171 01       		.uleb128 0x1
 1653 0172 12       		.uleb128 0x12
 1654 0173 06       		.uleb128 0x6
 1655 0174 40       		.uleb128 0x40
 1656 0175 18       		.uleb128 0x18
 1657 0176 9742     		.uleb128 0x2117
 1658 0178 19       		.uleb128 0x19
 1659 0179 01       		.uleb128 0x1
 1660 017a 13       		.uleb128 0x13
 1661 017b 00       		.byte	0
 1662 017c 00       		.byte	0
 1663 017d 1C       		.uleb128 0x1c
 1664 017e 34       		.uleb128 0x34
 1665 017f 00       		.byte	0
 1666 0180 03       		.uleb128 0x3
 1667 0181 0E       		.uleb128 0xe
 1668 0182 3A       		.uleb128 0x3a
 1669 0183 0B       		.uleb128 0xb
 1670 0184 3B       		.uleb128 0x3b
ARM GAS  C:\Users\becca\AppData\Local\Temp\ccrDJNOL.s 			page 33


 1671 0185 0B       		.uleb128 0xb
 1672 0186 49       		.uleb128 0x49
 1673 0187 13       		.uleb128 0x13
 1674 0188 3F       		.uleb128 0x3f
 1675 0189 19       		.uleb128 0x19
 1676 018a 02       		.uleb128 0x2
 1677 018b 18       		.uleb128 0x18
 1678 018c 00       		.byte	0
 1679 018d 00       		.byte	0
 1680 018e 1D       		.uleb128 0x1d
 1681 018f 34       		.uleb128 0x34
 1682 0190 00       		.byte	0
 1683 0191 03       		.uleb128 0x3
 1684 0192 0E       		.uleb128 0xe
 1685 0193 3A       		.uleb128 0x3a
 1686 0194 0B       		.uleb128 0xb
 1687 0195 3B       		.uleb128 0x3b
 1688 0196 0B       		.uleb128 0xb
 1689 0197 49       		.uleb128 0x49
 1690 0198 13       		.uleb128 0x13
 1691 0199 3F       		.uleb128 0x3f
 1692 019a 19       		.uleb128 0x19
 1693 019b 3C       		.uleb128 0x3c
 1694 019c 19       		.uleb128 0x19
 1695 019d 00       		.byte	0
 1696 019e 00       		.byte	0
 1697 019f 1E       		.uleb128 0x1e
 1698 01a0 2E       		.uleb128 0x2e
 1699 01a1 00       		.byte	0
 1700 01a2 3F       		.uleb128 0x3f
 1701 01a3 19       		.uleb128 0x19
 1702 01a4 3C       		.uleb128 0x3c
 1703 01a5 19       		.uleb128 0x19
 1704 01a6 6E       		.uleb128 0x6e
 1705 01a7 0E       		.uleb128 0xe
 1706 01a8 03       		.uleb128 0x3
 1707 01a9 0E       		.uleb128 0xe
 1708 01aa 3A       		.uleb128 0x3a
 1709 01ab 0B       		.uleb128 0xb
 1710 01ac 3B       		.uleb128 0x3b
 1711 01ad 0B       		.uleb128 0xb
 1712 01ae 00       		.byte	0
 1713 01af 00       		.byte	0
 1714 01b0 1F       		.uleb128 0x1f
 1715 01b1 2E       		.uleb128 0x2e
 1716 01b2 00       		.byte	0
 1717 01b3 3F       		.uleb128 0x3f
 1718 01b4 19       		.uleb128 0x19
 1719 01b5 3C       		.uleb128 0x3c
 1720 01b6 19       		.uleb128 0x19
 1721 01b7 6E       		.uleb128 0x6e
 1722 01b8 0E       		.uleb128 0xe
 1723 01b9 03       		.uleb128 0x3
 1724 01ba 0E       		.uleb128 0xe
 1725 01bb 3A       		.uleb128 0x3a
 1726 01bc 0B       		.uleb128 0xb
 1727 01bd 3B       		.uleb128 0x3b
ARM GAS  C:\Users\becca\AppData\Local\Temp\ccrDJNOL.s 			page 34


 1728 01be 05       		.uleb128 0x5
 1729 01bf 00       		.byte	0
 1730 01c0 00       		.byte	0
 1731 01c1 00       		.byte	0
 1732              		.section	.debug_loc,"",%progbits
 1733              	.Ldebug_loc0:
 1734              	.LLST0:
 1735 0000 00000000 		.4byte	.LVL0
 1736 0004 0B000000 		.4byte	.LVL1-1
 1737 0008 0100     		.2byte	0x1
 1738 000a 50       		.byte	0x50
 1739 000b 0B000000 		.4byte	.LVL1-1
 1740 000f D0000000 		.4byte	.LVL41
 1741 0013 0100     		.2byte	0x1
 1742 0015 54       		.byte	0x54
 1743 0016 D0000000 		.4byte	.LVL41
 1744 001a FC000000 		.4byte	.LFE35
 1745 001e 0400     		.2byte	0x4
 1746 0020 F3       		.byte	0xf3
 1747 0021 01       		.uleb128 0x1
 1748 0022 50       		.byte	0x50
 1749 0023 9F       		.byte	0x9f
 1750 0024 00000000 		.4byte	0
 1751 0028 00000000 		.4byte	0
 1752              	.LLST1:
 1753 002c 00000000 		.4byte	.LVL0
 1754 0030 0B000000 		.4byte	.LVL1-1
 1755 0034 0100     		.2byte	0x1
 1756 0036 51       		.byte	0x51
 1757 0037 0B000000 		.4byte	.LVL1-1
 1758 003b D0000000 		.4byte	.LVL42
 1759 003f 0100     		.2byte	0x1
 1760 0041 55       		.byte	0x55
 1761 0042 D0000000 		.4byte	.LVL42
 1762 0046 FC000000 		.4byte	.LFE35
 1763 004a 0400     		.2byte	0x4
 1764 004c F3       		.byte	0xf3
 1765 004d 01       		.uleb128 0x1
 1766 004e 51       		.byte	0x51
 1767 004f 9F       		.byte	0x9f
 1768 0050 00000000 		.4byte	0
 1769 0054 00000000 		.4byte	0
 1770              	.LLST2:
 1771 0058 0E000000 		.4byte	.LVL2
 1772 005c 60000000 		.4byte	.LVL14
 1773 0060 0100     		.2byte	0x1
 1774 0062 56       		.byte	0x56
 1775 0063 62000000 		.4byte	.LVL15
 1776 0067 6A000000 		.4byte	.LVL17
 1777 006b 0100     		.2byte	0x1
 1778 006d 56       		.byte	0x56
 1779 006e 6E000000 		.4byte	.LVL18
 1780 0072 7C000000 		.4byte	.LVL22
 1781 0076 0100     		.2byte	0x1
 1782 0078 56       		.byte	0x56
 1783 0079 7E000000 		.4byte	.LVL23
 1784 007d 86000000 		.4byte	.LVL25
ARM GAS  C:\Users\becca\AppData\Local\Temp\ccrDJNOL.s 			page 35


 1785 0081 0100     		.2byte	0x1
 1786 0083 56       		.byte	0x56
 1787 0084 8A000000 		.4byte	.LVL26
 1788 0088 92000000 		.4byte	.LVL28
 1789 008c 0100     		.2byte	0x1
 1790 008e 56       		.byte	0x56
 1791 008f 96000000 		.4byte	.LVL29
 1792 0093 9E000000 		.4byte	.LVL31
 1793 0097 0100     		.2byte	0x1
 1794 0099 56       		.byte	0x56
 1795 009a A2000000 		.4byte	.LVL32
 1796 009e AA000000 		.4byte	.LVL34
 1797 00a2 0100     		.2byte	0x1
 1798 00a4 56       		.byte	0x56
 1799 00a5 C8000000 		.4byte	.LVL38
 1800 00a9 CC000000 		.4byte	.LVL39
 1801 00ad 0100     		.2byte	0x1
 1802 00af 56       		.byte	0x56
 1803 00b0 00000000 		.4byte	0
 1804 00b4 00000000 		.4byte	0
 1805              	.LLST3:
 1806 00b8 1E000000 		.4byte	.LVL6
 1807 00bc 58000000 		.4byte	.LVL11
 1808 00c0 0200     		.2byte	0x2
 1809 00c2 30       		.byte	0x30
 1810 00c3 9F       		.byte	0x9f
 1811 00c4 58000000 		.4byte	.LVL11
 1812 00c8 5A000000 		.4byte	.LVL12
 1813 00cc 0100     		.2byte	0x1
 1814 00ce 50       		.byte	0x50
 1815 00cf 5A000000 		.4byte	.LVL12
 1816 00d3 62000000 		.4byte	.LVL15
 1817 00d7 0100     		.2byte	0x1
 1818 00d9 57       		.byte	0x57
 1819 00da 62000000 		.4byte	.LVL15
 1820 00de 7A000000 		.4byte	.LVL21
 1821 00e2 0200     		.2byte	0x2
 1822 00e4 30       		.byte	0x30
 1823 00e5 9F       		.byte	0x9f
 1824 00e6 7A000000 		.4byte	.LVL21
 1825 00ea 7E000000 		.4byte	.LVL23
 1826 00ee 0100     		.2byte	0x1
 1827 00f0 50       		.byte	0x50
 1828 00f1 7E000000 		.4byte	.LVL23
 1829 00f5 AC000000 		.4byte	.LVL35
 1830 00f9 0200     		.2byte	0x2
 1831 00fb 30       		.byte	0x30
 1832 00fc 9F       		.byte	0x9f
 1833 00fd AC000000 		.4byte	.LVL35
 1834 0101 C8000000 		.4byte	.LVL38
 1835 0105 0100     		.2byte	0x1
 1836 0107 57       		.byte	0x57
 1837 0108 C8000000 		.4byte	.LVL38
 1838 010c CC000000 		.4byte	.LVL39
 1839 0110 0200     		.2byte	0x2
 1840 0112 30       		.byte	0x30
 1841 0113 9F       		.byte	0x9f
ARM GAS  C:\Users\becca\AppData\Local\Temp\ccrDJNOL.s 			page 36


 1842 0114 CC000000 		.4byte	.LVL39
 1843 0118 CE000000 		.4byte	.LVL40
 1844 011c 0100     		.2byte	0x1
 1845 011e 57       		.byte	0x57
 1846 011f 00000000 		.4byte	0
 1847 0123 00000000 		.4byte	0
 1848              	.LLST4:
 1849 0127 1E000000 		.4byte	.LVL6
 1850 012b A8000000 		.4byte	.LVL33
 1851 012f 0200     		.2byte	0x2
 1852 0131 30       		.byte	0x30
 1853 0132 9F       		.byte	0x9f
 1854 0133 A8000000 		.4byte	.LVL33
 1855 0137 AC000000 		.4byte	.LVL35
 1856 013b 0200     		.2byte	0x2
 1857 013d 42       		.byte	0x42
 1858 013e 9F       		.byte	0x9f
 1859 013f AC000000 		.4byte	.LVL35
 1860 0143 C8000000 		.4byte	.LVL38
 1861 0147 0100     		.2byte	0x1
 1862 0149 56       		.byte	0x56
 1863 014a C8000000 		.4byte	.LVL38
 1864 014e CC000000 		.4byte	.LVL39
 1865 0152 0200     		.2byte	0x2
 1866 0154 30       		.byte	0x30
 1867 0155 9F       		.byte	0x9f
 1868 0156 CC000000 		.4byte	.LVL39
 1869 015a CE000000 		.4byte	.LVL40
 1870 015e 0100     		.2byte	0x1
 1871 0160 56       		.byte	0x56
 1872 0161 00000000 		.4byte	0
 1873 0165 00000000 		.4byte	0
 1874              	.LLST5:
 1875 0169 0A000000 		.4byte	.LVL43
 1876 016d 0E000000 		.4byte	.LVL44
 1877 0171 0200     		.2byte	0x2
 1878 0173 30       		.byte	0x30
 1879 0174 9F       		.byte	0x9f
 1880 0175 0E000000 		.4byte	.LVL44
 1881 0179 16000000 		.4byte	.LVL45
 1882 017d 0100     		.2byte	0x1
 1883 017f 53       		.byte	0x53
 1884 0180 16000000 		.4byte	.LVL45
 1885 0184 2A000000 		.4byte	.LVL47
 1886 0188 0300     		.2byte	0x3
 1887 018a 74       		.byte	0x74
 1888 018b 7F       		.sleb128 -1
 1889 018c 9F       		.byte	0x9f
 1890 018d 2A000000 		.4byte	.LVL47
 1891 0191 2C000000 		.4byte	.LVL48
 1892 0195 0100     		.2byte	0x1
 1893 0197 54       		.byte	0x54
 1894 0198 2C000000 		.4byte	.LVL48
 1895 019c 36000000 		.4byte	.LVL49
 1896 01a0 0100     		.2byte	0x1
 1897 01a2 53       		.byte	0x53
 1898 01a3 00000000 		.4byte	0
ARM GAS  C:\Users\becca\AppData\Local\Temp\ccrDJNOL.s 			page 37


 1899 01a7 00000000 		.4byte	0
 1900              		.section	.debug_aranges,"",%progbits
 1901 0000 2C000000 		.4byte	0x2c
 1902 0004 0200     		.2byte	0x2
 1903 0006 00000000 		.4byte	.Ldebug_info0
 1904 000a 04       		.byte	0x4
 1905 000b 00       		.byte	0
 1906 000c 0000     		.2byte	0
 1907 000e 0000     		.2byte	0
 1908 0010 00000000 		.4byte	.LFB35
 1909 0014 FC000000 		.4byte	.LFE35-.LFB35
 1910 0018 00000000 		.4byte	.LFB36
 1911 001c 68000000 		.4byte	.LFE36-.LFB36
 1912 0020 00000000 		.4byte	.LFB37
 1913 0024 38000000 		.4byte	.LFE37-.LFB37
 1914 0028 00000000 		.4byte	0
 1915 002c 00000000 		.4byte	0
 1916              		.section	.debug_ranges,"",%progbits
 1917              	.Ldebug_ranges0:
 1918 0000 00000000 		.4byte	.LFB35
 1919 0004 FC000000 		.4byte	.LFE35
 1920 0008 00000000 		.4byte	.LFB36
 1921 000c 68000000 		.4byte	.LFE36
 1922 0010 00000000 		.4byte	.LFB37
 1923 0014 38000000 		.4byte	.LFE37
 1924 0018 00000000 		.4byte	0
 1925 001c 00000000 		.4byte	0
 1926              		.section	.debug_line,"",%progbits
 1927              	.Ldebug_line0:
 1928 0000 BE020000 		.section	.debug_str,"MS",%progbits,1
 1928      02002102 
 1928      00000201 
 1928      FB0E0D00 
 1928      01010101 
 1929              	.LASF68:
 1930 0000 5072696E 		.ascii	"PrintCanPacket\000"
 1930      7443616E 
 1930      5061636B 
 1930      657400
 1931              	.LASF55:
 1932 000f 67657454 		.ascii	"getTemp\000"
 1932      656D7000 
 1933              	.LASF58:
 1934 0017 53656E64 		.ascii	"SendCANPacket\000"
 1934      43414E50 
 1934      61636B65 
 1934      7400
 1935              	.LASF27:
 1936 0025 72786D61 		.ascii	"rxmailbox\000"
 1936      696C626F 
 1936      7800
 1937              	.LASF24:
 1938 002f 43414E5F 		.ascii	"CAN_DATA_BYTES\000"
 1938      44415441 
 1938      5F425954 
 1938      455300
 1939              	.LASF44:
ARM GAS  C:\Users\becca\AppData\Local\Temp\ccrDJNOL.s 			page 38


 1940 003e 74656D70 		.ascii	"temp\000"
 1940      00
 1941              	.LASF2:
 1942 0043 73686F72 		.ascii	"short int\000"
 1942      7420696E 
 1942      7400
 1943              	.LASF13:
 1944 004d 73697A65 		.ascii	"sizetype\000"
 1944      74797065 
 1944      00
 1945              	.LASF39:
 1946 0056 72656365 		.ascii	"receivedPacket\000"
 1946      69766564 
 1946      5061636B 
 1946      657400
 1947              	.LASF33:
 1948 0065 72786461 		.ascii	"rxdata\000"
 1948      746100
 1949              	.LASF4:
 1950 006c 5F5F7569 		.ascii	"__uint16_t\000"
 1950      6E743136 
 1950      5F7400
 1951              	.LASF54:
 1952 0077 4465636F 		.ascii	"DecodeTelemetryType\000"
 1952      64655465 
 1952      6C656D65 
 1952      74727954 
 1952      79706500 
 1953              	.LASF64:
 1954 008b 474E5520 		.ascii	"GNU C11 5.4.1 20160609 (release) [ARM/embedded-5-br"
 1954      43313120 
 1954      352E342E 
 1954      31203230 
 1954      31363036 
 1955 00be 616E6368 		.ascii	"anch revision 237715] -mcpu=cortex-m0 -mthumb -g -O"
 1955      20726576 
 1955      6973696F 
 1955      6E203233 
 1955      37373135 
 1956 00f1 67202D66 		.ascii	"g -ffunction-sections -ffat-lto-objects\000"
 1956      66756E63 
 1956      74696F6E 
 1956      2D736563 
 1956      74696F6E 
 1957              	.LASF51:
 1958 0119 47657453 		.ascii	"GetSenderDeviceGroupCode\000"
 1958      656E6465 
 1958      72446576 
 1958      69636547 
 1958      726F7570 
 1959              	.LASF15:
 1960 0132 75696E74 		.ascii	"uint8_t\000"
 1960      385F7400 
 1961              	.LASF53:
 1962 013a 55415254 		.ascii	"UART_UartPutString\000"
 1962      5F556172 
 1962      74507574 
ARM GAS  C:\Users\becca\AppData\Local\Temp\ccrDJNOL.s 			page 39


 1962      53747269 
 1962      6E6700
 1963              	.LASF20:
 1964 014d 75696E74 		.ascii	"uint8\000"
 1964      3800
 1965              	.LASF32:
 1966 0153 72786964 		.ascii	"rxid\000"
 1966      00
 1967              	.LASF47:
 1968 0158 7061636B 		.ascii	"packet\000"
 1968      657400
 1969              	.LASF30:
 1970 015f 72786163 		.ascii	"rxacr\000"
 1970      7200
 1971              	.LASF19:
 1972 0165 666C6F61 		.ascii	"float\000"
 1972      7400
 1973              	.LASF49:
 1974 016b 74784461 		.ascii	"txData\000"
 1974      746100
 1975              	.LASF9:
 1976 0172 6C6F6E67 		.ascii	"long long int\000"
 1976      206C6F6E 
 1976      6720696E 
 1976      7400
 1977              	.LASF38:
 1978 0180 43414E50 		.ascii	"CANPacket\000"
 1978      61636B65 
 1978      7400
 1979              	.LASF60:
 1980 018a 43414E5F 		.ascii	"CAN_Start\000"
 1980      53746172 
 1980      7400
 1981              	.LASF66:
 1982 0194 433A5C55 		.ascii	"C:\\Users\\becca\\Documents\\GitHub\\Science_Sensor"
 1982      73657273 
 1982      5C626563 
 1982      63615C44 
 1982      6F63756D 
 1983 01c2 5F426F61 		.ascii	"_Board\\Science_Sensor_Board\\Final\\CAN.cydsn\000"
 1983      72645C53 
 1983      6369656E 
 1983      63655F53 
 1983      656E736F 
 1984              	.LASF3:
 1985 01ee 5F5F7569 		.ascii	"__uint8_t\000"
 1985      6E74385F 
 1985      7400
 1986              	.LASF56:
 1987 01f8 67657448 		.ascii	"getHum\000"
 1987      756D00
 1988              	.LASF25:
 1989 01ff 62797465 		.ascii	"byte\000"
 1989      00
 1990              	.LASF67:
 1991 0204 50726F63 		.ascii	"ProcessCAN\000"
 1991      65737343 
ARM GAS  C:\Users\becca\AppData\Local\Temp\ccrDJNOL.s 			page 40


 1991      414E00
 1992              	.LASF12:
 1993 020f 6C6F6E67 		.ascii	"long double\000"
 1993      20646F75 
 1993      626C6500 
 1994              	.LASF57:
 1995 021b 41737365 		.ascii	"AssembleTelemetryReportPacket\000"
 1995      6D626C65 
 1995      54656C65 
 1995      6D657472 
 1995      79526570 
 1996              	.LASF34:
 1997 0239 7278616D 		.ascii	"rxamrd\000"
 1997      726400
 1998              	.LASF1:
 1999 0240 756E7369 		.ascii	"unsigned char\000"
 1999      676E6564 
 1999      20636861 
 1999      7200
 2000              	.LASF59:
 2001 024e 73707269 		.ascii	"sprintf\000"
 2001      6E746600 
 2002              	.LASF0:
 2003 0256 7369676E 		.ascii	"signed char\000"
 2003      65642063 
 2003      68617200 
 2004              	.LASF10:
 2005 0262 6C6F6E67 		.ascii	"long long unsigned int\000"
 2005      206C6F6E 
 2005      6720756E 
 2005      7369676E 
 2005      65642069 
 2006              	.LASF11:
 2007 0279 756E7369 		.ascii	"unsigned int\000"
 2007      676E6564 
 2007      20696E74 
 2007      00
 2008              	.LASF16:
 2009 0286 75696E74 		.ascii	"uint16_t\000"
 2009      31365F74 
 2009      00
 2010              	.LASF23:
 2011 028f 72656733 		.ascii	"reg32\000"
 2011      3200
 2012              	.LASF5:
 2013 0295 73686F72 		.ascii	"short unsigned int\000"
 2013      7420756E 
 2013      7369676E 
 2013      65642069 
 2013      6E7400
 2014              	.LASF45:
 2015 02a8 73746174 		.ascii	"status\000"
 2015      757300
 2016              	.LASF35:
 2017 02af 72786163 		.ascii	"rxacrd\000"
 2017      726400
 2018              	.LASF14:
ARM GAS  C:\Users\becca\AppData\Local\Temp\ccrDJNOL.s 			page 41


 2019 02b6 63686172 		.ascii	"char\000"
 2019      00
 2020              	.LASF36:
 2021 02bb 43414E5F 		.ascii	"CAN_RX_STRUCT\000"
 2021      52585F53 
 2021      54525543 
 2021      5400
 2022              	.LASF7:
 2023 02c9 6C6F6E67 		.ascii	"long int\000"
 2023      20696E74 
 2023      00
 2024              	.LASF61:
 2025 02d2 43414E5F 		.ascii	"CAN_RxBufConfig\000"
 2025      52784275 
 2025      66436F6E 
 2025      66696700 
 2026              	.LASF17:
 2027 02e2 696E7433 		.ascii	"int32_t\000"
 2027      325F7400 
 2028              	.LASF28:
 2029 02ea 7278636D 		.ascii	"rxcmd\000"
 2029      6400
 2030              	.LASF48:
 2031 02f0 72784D61 		.ascii	"rxMailbox\000"
 2031      696C626F 
 2031      7800
 2032              	.LASF46:
 2033 02fa 5F426F6F 		.ascii	"_Bool\000"
 2033      6C00
 2034              	.LASF26:
 2035 0300 43414E5F 		.ascii	"CAN_REG_32\000"
 2035      5245475F 
 2035      333200
 2036              	.LASF37:
 2037 030b 64617461 		.ascii	"data\000"
 2037      00
 2038              	.LASF65:
 2039 0310 53636965 		.ascii	"Science_CAN.c\000"
 2039      6E63655F 
 2039      43414E2E 
 2039      6300
 2040              	.LASF41:
 2041 031e 7061636B 		.ascii	"packageID\000"
 2041      61676549 
 2041      4400
 2042              	.LASF21:
 2043 0328 75696E74 		.ascii	"uint32\000"
 2043      333200
 2044              	.LASF22:
 2045 032f 72656738 		.ascii	"reg8\000"
 2045      00
 2046              	.LASF8:
 2047 0334 6C6F6E67 		.ascii	"long unsigned int\000"
 2047      20756E73 
 2047      69676E65 
 2047      6420696E 
 2047      7400
ARM GAS  C:\Users\becca\AppData\Local\Temp\ccrDJNOL.s 			page 42


 2048              	.LASF18:
 2049 0346 646F7562 		.ascii	"double\000"
 2049      6C6500
 2050              	.LASF62:
 2051 034d 43414E5F 		.ascii	"CAN_GlobalIntEnable\000"
 2051      476C6F62 
 2051      616C496E 
 2051      74456E61 
 2051      626C6500 
 2052              	.LASF6:
 2053 0361 5F5F696E 		.ascii	"__int32_t\000"
 2053      7433325F 
 2053      7400
 2054              	.LASF42:
 2055 036b 73656E64 		.ascii	"sender_DG\000"
 2055      65725F44 
 2055      4700
 2056              	.LASF63:
 2057 0375 4379496E 		.ascii	"CyIntSetVector\000"
 2057      74536574 
 2057      56656374 
 2057      6F7200
 2058              	.LASF69:
 2059 0384 496E6974 		.ascii	"InitCANN\000"
 2059      43414E4E 
 2059      00
 2060              	.LASF52:
 2061 038d 47657453 		.ascii	"GetSenderDeviceSerialNumber\000"
 2061      656E6465 
 2061      72446576 
 2061      69636553 
 2061      65726961 
 2062              	.LASF43:
 2063 03a9 73656E64 		.ascii	"sender_SN\000"
 2063      65725F53 
 2063      4E00
 2064              	.LASF40:
 2065 03b3 7061636B 		.ascii	"packetToSend\000"
 2065      6574546F 
 2065      53656E64 
 2065      00
 2066              	.LASF29:
 2067 03c0 7278616D 		.ascii	"rxamr\000"
 2067      7200
 2068              	.LASF31:
 2069 03c6 43414E5F 		.ascii	"CAN_RX_CFG\000"
 2069      52585F43 
 2069      464700
 2070              	.LASF50:
 2071 03d1 47657450 		.ascii	"GetPacketID\000"
 2071      61636B65 
 2071      74494400 
 2072              		.ident	"GCC: (GNU Tools for ARM Embedded Processors) 5.4.1 20160609 (release) [ARM/embedded-5-bran
