ARM GAS  C:\Users\becca\AppData\Local\Temp\ccVSLOhc.s 			page 1


   1              		.syntax unified
   2              		.cpu cortex-m0
   3              		.fpu softvfp
   4              		.eabi_attribute 20, 1
   5              		.eabi_attribute 21, 1
   6              		.eabi_attribute 23, 3
   7              		.eabi_attribute 24, 1
   8              		.eabi_attribute 25, 1
   9              		.eabi_attribute 26, 1
  10              		.eabi_attribute 30, 1
  11              		.eabi_attribute 34, 0
  12              		.eabi_attribute 18, 4
  13              		.thumb
  14              		.syntax unified
  15              		.file	"Sensors.c"
  16              		.text
  17              	.Ltext0:
  18              		.cfi_sections	.debug_frame
  19              		.global	__aeabi_f2iz
  20              		.section	.text.getTemp,"ax",%progbits
  21              		.align	2
  22              		.global	getTemp
  23              		.code	16
  24              		.thumb_func
  25              		.type	getTemp, %function
  26              	getTemp:
  27              	.LFB35:
  28              		.file 1 "Sensors.c"
   1:Sensors.c     **** #include <stdio.h>
   2:Sensors.c     **** #include <stdbool.h>
   3:Sensors.c     **** #include <math.h>
   4:Sensors.c     **** #include <TempHum_Lib.h>
   5:Sensors.c     **** #include <project.h>
   6:Sensors.c     **** #include <HumTemp_I2C.h>
   7:Sensors.c     **** #include "main.h"
   8:Sensors.c     **** 
   9:Sensors.c     **** int32_t getTemp(){
  29              		.loc 1 9 0
  30              		.cfi_startproc
  31              		@ args = 0, pretend = 0, frame = 72
  32              		@ frame_needed = 0, uses_anonymous_args = 0
  33 0000 00B5     		push	{lr}
  34              		.cfi_def_cfa_offset 4
  35              		.cfi_offset 14, -4
  36 0002 93B0     		sub	sp, sp, #76
  37              		.cfi_def_cfa_offset 80
  10:Sensors.c     ****     float temp, hum;
  11:Sensors.c     ****     bool status;
  12:Sensors.c     ****     status = SHT31_IsHeaterEnabled();
  38              		.loc 1 12 0
  39 0004 FFF7FEFF 		bl	SHT31_IsHeaterEnabled
  40              	.LVL0:
  13:Sensors.c     **** 
  14:Sensors.c     ****     status = SHT31_ReadTempHum(&temp, &hum);
  41              		.loc 1 14 0
  42 0008 10A9     		add	r1, sp, #64
  43 000a 11A8     		add	r0, sp, #68
ARM GAS  C:\Users\becca\AppData\Local\Temp\ccVSLOhc.s 			page 2


  44 000c FFF7FEFF 		bl	SHT31_ReadTempHum
  45              	.LVL1:
  15:Sensors.c     ****     if(!status){
  46              		.loc 1 15 0
  47 0010 0028     		cmp	r0, #0
  48 0012 05D1     		bne	.L2
  16:Sensors.c     ****         Print("readTempHum fail");
  49              		.loc 1 16 0
  50 0014 0B48     		ldr	r0, .L4
  51              	.LVL2:
  52 0016 FFF7FEFF 		bl	UART_UartPutString
  53              	.LVL3:
  17:Sensors.c     ****         return -1;
  54              		.loc 1 17 0
  55 001a 0120     		movs	r0, #1
  56 001c 4042     		rsbs	r0, r0, #0
  57 001e 0EE0     		b	.L3
  58              	.LVL4:
  59              	.L2:
  18:Sensors.c     ****     }
  19:Sensors.c     ****      char buffer[64];
  20:Sensors.c     ****     snprintf(buffer, sizeof(buffer), "Temperature (degrees Celcius) = %d\t\t", (int) temp);
  60              		.loc 1 20 0
  61 0020 1198     		ldr	r0, [sp, #68]
  62              	.LVL5:
  63 0022 FFF7FEFF 		bl	__aeabi_f2iz
  64              	.LVL6:
  65 0026 0300     		movs	r3, r0
  66 0028 074A     		ldr	r2, .L4+4
  67 002a 4021     		movs	r1, #64
  68 002c 6846     		mov	r0, sp
  69 002e FFF7FEFF 		bl	snprintf
  70              	.LVL7:
  21:Sensors.c     ****     UART_UartPutString(buffer);
  71              		.loc 1 21 0
  72 0032 6846     		mov	r0, sp
  73 0034 FFF7FEFF 		bl	UART_UartPutString
  74              	.LVL8:
  22:Sensors.c     ****     return (int32_t) temp;
  75              		.loc 1 22 0
  76 0038 1198     		ldr	r0, [sp, #68]
  77 003a FFF7FEFF 		bl	__aeabi_f2iz
  78              	.LVL9:
  79              	.L3:
  23:Sensors.c     **** }
  80              		.loc 1 23 0
  81 003e 13B0     		add	sp, sp, #76
  82              		@ sp needed
  83 0040 00BD     		pop	{pc}
  84              	.L5:
  85 0042 C046     		.align	2
  86              	.L4:
  87 0044 00000000 		.word	.LC0
  88 0048 14000000 		.word	.LC2
  89              		.cfi_endproc
  90              	.LFE35:
  91              		.size	getTemp, .-getTemp
ARM GAS  C:\Users\becca\AppData\Local\Temp\ccVSLOhc.s 			page 3


  92              		.section	.text.getHum,"ax",%progbits
  93              		.align	2
  94              		.global	getHum
  95              		.code	16
  96              		.thumb_func
  97              		.type	getHum, %function
  98              	getHum:
  99              	.LFB36:
  24:Sensors.c     **** 
  25:Sensors.c     **** int32_t getHum(){
 100              		.loc 1 25 0
 101              		.cfi_startproc
 102              		@ args = 0, pretend = 0, frame = 72
 103              		@ frame_needed = 0, uses_anonymous_args = 0
 104 0000 00B5     		push	{lr}
 105              		.cfi_def_cfa_offset 4
 106              		.cfi_offset 14, -4
 107 0002 93B0     		sub	sp, sp, #76
 108              		.cfi_def_cfa_offset 80
  26:Sensors.c     ****     float temp, hum;
  27:Sensors.c     ****     bool status;
  28:Sensors.c     ****     status = SHT31_IsHeaterEnabled();
 109              		.loc 1 28 0
 110 0004 FFF7FEFF 		bl	SHT31_IsHeaterEnabled
 111              	.LVL10:
  29:Sensors.c     ****     status = SHT31_ReadTempHum(&temp, &hum);
 112              		.loc 1 29 0
 113 0008 10A9     		add	r1, sp, #64
 114 000a 11A8     		add	r0, sp, #68
 115 000c FFF7FEFF 		bl	SHT31_ReadTempHum
 116              	.LVL11:
  30:Sensors.c     ****     if(!status){
 117              		.loc 1 30 0
 118 0010 0028     		cmp	r0, #0
 119 0012 0FD0     		beq	.L8
  31:Sensors.c     ****         return -1;
  32:Sensors.c     ****     }
  33:Sensors.c     ****      char buffer[64];
  34:Sensors.c     ****     snprintf(buffer, sizeof(buffer), "Temperature (degrees Celcius) = %d\t\t", (int) hum);
 120              		.loc 1 34 0
 121 0014 1098     		ldr	r0, [sp, #64]
 122              	.LVL12:
 123 0016 FFF7FEFF 		bl	__aeabi_f2iz
 124              	.LVL13:
 125 001a 0300     		movs	r3, r0
 126 001c 074A     		ldr	r2, .L9
 127 001e 4021     		movs	r1, #64
 128 0020 6846     		mov	r0, sp
 129 0022 FFF7FEFF 		bl	snprintf
 130              	.LVL14:
  35:Sensors.c     ****     UART_UartPutString(buffer);
 131              		.loc 1 35 0
 132 0026 6846     		mov	r0, sp
 133 0028 FFF7FEFF 		bl	UART_UartPutString
 134              	.LVL15:
  36:Sensors.c     ****     return (int32_t) hum;
 135              		.loc 1 36 0
ARM GAS  C:\Users\becca\AppData\Local\Temp\ccVSLOhc.s 			page 4


 136 002c 1098     		ldr	r0, [sp, #64]
 137 002e FFF7FEFF 		bl	__aeabi_f2iz
 138              	.LVL16:
 139 0032 01E0     		b	.L7
 140              	.LVL17:
 141              	.L8:
  31:Sensors.c     ****         return -1;
 142              		.loc 1 31 0
 143 0034 0120     		movs	r0, #1
 144              	.LVL18:
 145 0036 4042     		rsbs	r0, r0, #0
 146              	.L7:
  37:Sensors.c     **** }
 147              		.loc 1 37 0
 148 0038 13B0     		add	sp, sp, #76
 149              		@ sp needed
 150 003a 00BD     		pop	{pc}
 151              	.L10:
 152              		.align	2
 153              	.L9:
 154 003c 14000000 		.word	.LC2
 155              		.cfi_endproc
 156              	.LFE36:
 157              		.size	getHum, .-getHum
 158              		.section	.rodata.str1.4,"aMS",%progbits,1
 159              		.align	2
 160              	.LC0:
 161 0000 72656164 		.ascii	"readTempHum fail\000"
 161      54656D70 
 161      48756D20 
 161      6661696C 
 161      00
 162 0011 000000   		.space	3
 163              	.LC2:
 164 0014 54656D70 		.ascii	"Temperature (degrees Celcius) = %d\011\011\000"
 164      65726174 
 164      75726520 
 164      28646567 
 164      72656573 
 165              		.text
 166              	.Letext0:
 167              		.file 2 "c:\\program files (x86)\\cypress\\psoc creator\\4.4\\psoc creator\\import\\gnu\\arm\\5.4.
 168              		.file 3 "c:\\program files (x86)\\cypress\\psoc creator\\4.4\\psoc creator\\import\\gnu\\arm\\5.4.
 169              		.file 4 "./TempHum_Lib.h"
 170              		.file 5 "Generated_Source\\PSoC4/UART_SPI_UART.h"
 171              		.file 6 "c:\\program files (x86)\\cypress\\psoc creator\\4.4\\psoc creator\\import\\gnu\\arm\\5.4.
 172              		.section	.debug_info,"",%progbits
 173              	.Ldebug_info0:
 174 0000 50020000 		.4byte	0x250
 175 0004 0400     		.2byte	0x4
 176 0006 00000000 		.4byte	.Ldebug_abbrev0
 177 000a 04       		.byte	0x4
 178 000b 01       		.uleb128 0x1
 179 000c C1000000 		.4byte	.LASF26
 180 0010 0C       		.byte	0xc
 181 0011 00000000 		.4byte	.LASF27
 182 0015 90010000 		.4byte	.LASF28
ARM GAS  C:\Users\becca\AppData\Local\Temp\ccVSLOhc.s 			page 5


 183 0019 00000000 		.4byte	.Ldebug_ranges0+0
 184 001d 00000000 		.4byte	0
 185 0021 00000000 		.4byte	.Ldebug_line0
 186 0025 02       		.uleb128 0x2
 187 0026 01       		.byte	0x1
 188 0027 06       		.byte	0x6
 189 0028 09020000 		.4byte	.LASF0
 190 002c 02       		.uleb128 0x2
 191 002d 01       		.byte	0x1
 192 002e 08       		.byte	0x8
 193 002f 45000000 		.4byte	.LASF1
 194 0033 02       		.uleb128 0x2
 195 0034 02       		.byte	0x2
 196 0035 05       		.byte	0x5
 197 0036 7F010000 		.4byte	.LASF2
 198 003a 02       		.uleb128 0x2
 199 003b 02       		.byte	0x2
 200 003c 07       		.byte	0x7
 201 003d 6A000000 		.4byte	.LASF3
 202 0041 03       		.uleb128 0x3
 203 0042 0A000000 		.4byte	.LASF12
 204 0046 02       		.byte	0x2
 205 0047 3F       		.byte	0x3f
 206 0048 4C000000 		.4byte	0x4c
 207 004c 02       		.uleb128 0x2
 208 004d 04       		.byte	0x4
 209 004e 05       		.byte	0x5
 210 004f EA010000 		.4byte	.LASF4
 211 0053 02       		.uleb128 0x2
 212 0054 04       		.byte	0x4
 213 0055 07       		.byte	0x7
 214 0056 53000000 		.4byte	.LASF5
 215 005a 02       		.uleb128 0x2
 216 005b 08       		.byte	0x8
 217 005c 05       		.byte	0x5
 218 005d 64010000 		.4byte	.LASF6
 219 0061 02       		.uleb128 0x2
 220 0062 08       		.byte	0x8
 221 0063 07       		.byte	0x7
 222 0064 AA000000 		.4byte	.LASF7
 223 0068 04       		.uleb128 0x4
 224 0069 04       		.byte	0x4
 225 006a 05       		.byte	0x5
 226 006b 696E7400 		.ascii	"int\000"
 227 006f 02       		.uleb128 0x2
 228 0070 04       		.byte	0x4
 229 0071 07       		.byte	0x7
 230 0072 8B000000 		.4byte	.LASF8
 231 0076 02       		.uleb128 0x2
 232 0077 08       		.byte	0x8
 233 0078 04       		.byte	0x4
 234 0079 4F010000 		.4byte	.LASF9
 235 007d 02       		.uleb128 0x2
 236 007e 04       		.byte	0x4
 237 007f 07       		.byte	0x7
 238 0080 5B010000 		.4byte	.LASF10
 239 0084 02       		.uleb128 0x2
ARM GAS  C:\Users\becca\AppData\Local\Temp\ccVSLOhc.s 			page 6


 240 0085 01       		.byte	0x1
 241 0086 08       		.byte	0x8
 242 0087 7A010000 		.4byte	.LASF11
 243 008b 03       		.uleb128 0x3
 244 008c 24000000 		.4byte	.LASF13
 245 0090 03       		.byte	0x3
 246 0091 2C       		.byte	0x2c
 247 0092 41000000 		.4byte	0x41
 248 0096 02       		.uleb128 0x2
 249 0097 08       		.byte	0x8
 250 0098 04       		.byte	0x4
 251 0099 7D000000 		.4byte	.LASF14
 252 009d 02       		.uleb128 0x2
 253 009e 04       		.byte	0x4
 254 009f 04       		.byte	0x4
 255 00a0 3F000000 		.4byte	.LASF15
 256 00a4 05       		.uleb128 0x5
 257 00a5 72010000 		.4byte	.LASF20
 258 00a9 01       		.byte	0x1
 259 00aa 09       		.byte	0x9
 260 00ab 8B000000 		.4byte	0x8b
 261 00af 00000000 		.4byte	.LFB35
 262 00b3 4C000000 		.4byte	.LFE35-.LFB35
 263 00b7 01       		.uleb128 0x1
 264 00b8 9C       		.byte	0x9c
 265 00b9 65010000 		.4byte	0x165
 266 00bd 06       		.uleb128 0x6
 267 00be 65000000 		.4byte	.LASF16
 268 00c2 01       		.byte	0x1
 269 00c3 0A       		.byte	0xa
 270 00c4 9D000000 		.4byte	0x9d
 271 00c8 02       		.uleb128 0x2
 272 00c9 91       		.byte	0x91
 273 00ca 74       		.sleb128 -12
 274 00cb 07       		.uleb128 0x7
 275 00cc 68756D00 		.ascii	"hum\000"
 276 00d0 01       		.byte	0x1
 277 00d1 0A       		.byte	0xa
 278 00d2 9D000000 		.4byte	0x9d
 279 00d6 02       		.uleb128 0x2
 280 00d7 91       		.byte	0x91
 281 00d8 70       		.sleb128 -16
 282 00d9 08       		.uleb128 0x8
 283 00da 1D000000 		.4byte	.LASF17
 284 00de 01       		.byte	0x1
 285 00df 0B       		.byte	0xb
 286 00e0 65010000 		.4byte	0x165
 287 00e4 00000000 		.4byte	.LLST0
 288 00e8 06       		.uleb128 0x6
 289 00e9 89010000 		.4byte	.LASF18
 290 00ed 01       		.byte	0x1
 291 00ee 13       		.byte	0x13
 292 00ef 6C010000 		.4byte	0x16c
 293 00f3 03       		.uleb128 0x3
 294 00f4 91       		.byte	0x91
 295 00f5 B07F     		.sleb128 -80
 296 00f7 09       		.uleb128 0x9
ARM GAS  C:\Users\becca\AppData\Local\Temp\ccVSLOhc.s 			page 7


 297 00f8 08000000 		.4byte	.LVL0
 298 00fc 26020000 		.4byte	0x226
 299 0100 0A       		.uleb128 0xa
 300 0101 10000000 		.4byte	.LVL1
 301 0105 31020000 		.4byte	0x231
 302 0109 1A010000 		.4byte	0x11a
 303 010d 0B       		.uleb128 0xb
 304 010e 01       		.uleb128 0x1
 305 010f 50       		.byte	0x50
 306 0110 02       		.uleb128 0x2
 307 0111 91       		.byte	0x91
 308 0112 74       		.sleb128 -12
 309 0113 0B       		.uleb128 0xb
 310 0114 01       		.uleb128 0x1
 311 0115 51       		.byte	0x51
 312 0116 02       		.uleb128 0x2
 313 0117 91       		.byte	0x91
 314 0118 70       		.sleb128 -16
 315 0119 00       		.byte	0
 316 011a 0A       		.uleb128 0xa
 317 011b 1A000000 		.4byte	.LVL3
 318 011f 3C020000 		.4byte	0x23c
 319 0123 31010000 		.4byte	0x131
 320 0127 0B       		.uleb128 0xb
 321 0128 01       		.uleb128 0x1
 322 0129 50       		.byte	0x50
 323 012a 05       		.uleb128 0x5
 324 012b 03       		.byte	0x3
 325 012c 00000000 		.4byte	.LC0
 326 0130 00       		.byte	0
 327 0131 0A       		.uleb128 0xa
 328 0132 32000000 		.4byte	.LVL7
 329 0136 48020000 		.4byte	0x248
 330 013a 54010000 		.4byte	0x154
 331 013e 0B       		.uleb128 0xb
 332 013f 01       		.uleb128 0x1
 333 0140 50       		.byte	0x50
 334 0141 02       		.uleb128 0x2
 335 0142 7D       		.byte	0x7d
 336 0143 00       		.sleb128 0
 337 0144 0B       		.uleb128 0xb
 338 0145 01       		.uleb128 0x1
 339 0146 51       		.byte	0x51
 340 0147 02       		.uleb128 0x2
 341 0148 08       		.byte	0x8
 342 0149 40       		.byte	0x40
 343 014a 0B       		.uleb128 0xb
 344 014b 01       		.uleb128 0x1
 345 014c 52       		.byte	0x52
 346 014d 05       		.uleb128 0x5
 347 014e 03       		.byte	0x3
 348 014f 14000000 		.4byte	.LC2
 349 0153 00       		.byte	0
 350 0154 0C       		.uleb128 0xc
 351 0155 38000000 		.4byte	.LVL8
 352 0159 3C020000 		.4byte	0x23c
 353 015d 0B       		.uleb128 0xb
ARM GAS  C:\Users\becca\AppData\Local\Temp\ccVSLOhc.s 			page 8


 354 015e 01       		.uleb128 0x1
 355 015f 50       		.byte	0x50
 356 0160 02       		.uleb128 0x2
 357 0161 7D       		.byte	0x7d
 358 0162 00       		.sleb128 0
 359 0163 00       		.byte	0
 360 0164 00       		.byte	0
 361 0165 02       		.uleb128 0x2
 362 0166 01       		.byte	0x1
 363 0167 02       		.byte	0x2
 364 0168 15020000 		.4byte	.LASF19
 365 016c 0D       		.uleb128 0xd
 366 016d 84000000 		.4byte	0x84
 367 0171 7C010000 		.4byte	0x17c
 368 0175 0E       		.uleb128 0xe
 369 0176 7D000000 		.4byte	0x7d
 370 017a 3F       		.byte	0x3f
 371 017b 00       		.byte	0
 372 017c 05       		.uleb128 0x5
 373 017d 84000000 		.4byte	.LASF21
 374 0181 01       		.byte	0x1
 375 0182 19       		.byte	0x19
 376 0183 8B000000 		.4byte	0x8b
 377 0187 00000000 		.4byte	.LFB36
 378 018b 40000000 		.4byte	.LFE36-.LFB36
 379 018f 01       		.uleb128 0x1
 380 0190 9C       		.byte	0x9c
 381 0191 26020000 		.4byte	0x226
 382 0195 06       		.uleb128 0x6
 383 0196 65000000 		.4byte	.LASF16
 384 019a 01       		.byte	0x1
 385 019b 1A       		.byte	0x1a
 386 019c 9D000000 		.4byte	0x9d
 387 01a0 02       		.uleb128 0x2
 388 01a1 91       		.byte	0x91
 389 01a2 74       		.sleb128 -12
 390 01a3 07       		.uleb128 0x7
 391 01a4 68756D00 		.ascii	"hum\000"
 392 01a8 01       		.byte	0x1
 393 01a9 1A       		.byte	0x1a
 394 01aa 9D000000 		.4byte	0x9d
 395 01ae 02       		.uleb128 0x2
 396 01af 91       		.byte	0x91
 397 01b0 70       		.sleb128 -16
 398 01b1 08       		.uleb128 0x8
 399 01b2 1D000000 		.4byte	.LASF17
 400 01b6 01       		.byte	0x1
 401 01b7 1B       		.byte	0x1b
 402 01b8 65010000 		.4byte	0x165
 403 01bc 1E000000 		.4byte	.LLST1
 404 01c0 06       		.uleb128 0x6
 405 01c1 89010000 		.4byte	.LASF18
 406 01c5 01       		.byte	0x1
 407 01c6 21       		.byte	0x21
 408 01c7 6C010000 		.4byte	0x16c
 409 01cb 03       		.uleb128 0x3
 410 01cc 91       		.byte	0x91
ARM GAS  C:\Users\becca\AppData\Local\Temp\ccVSLOhc.s 			page 9


 411 01cd B07F     		.sleb128 -80
 412 01cf 09       		.uleb128 0x9
 413 01d0 08000000 		.4byte	.LVL10
 414 01d4 26020000 		.4byte	0x226
 415 01d8 0A       		.uleb128 0xa
 416 01d9 10000000 		.4byte	.LVL11
 417 01dd 31020000 		.4byte	0x231
 418 01e1 F2010000 		.4byte	0x1f2
 419 01e5 0B       		.uleb128 0xb
 420 01e6 01       		.uleb128 0x1
 421 01e7 50       		.byte	0x50
 422 01e8 02       		.uleb128 0x2
 423 01e9 91       		.byte	0x91
 424 01ea 74       		.sleb128 -12
 425 01eb 0B       		.uleb128 0xb
 426 01ec 01       		.uleb128 0x1
 427 01ed 51       		.byte	0x51
 428 01ee 02       		.uleb128 0x2
 429 01ef 91       		.byte	0x91
 430 01f0 70       		.sleb128 -16
 431 01f1 00       		.byte	0
 432 01f2 0A       		.uleb128 0xa
 433 01f3 26000000 		.4byte	.LVL14
 434 01f7 48020000 		.4byte	0x248
 435 01fb 15020000 		.4byte	0x215
 436 01ff 0B       		.uleb128 0xb
 437 0200 01       		.uleb128 0x1
 438 0201 50       		.byte	0x50
 439 0202 02       		.uleb128 0x2
 440 0203 7D       		.byte	0x7d
 441 0204 00       		.sleb128 0
 442 0205 0B       		.uleb128 0xb
 443 0206 01       		.uleb128 0x1
 444 0207 51       		.byte	0x51
 445 0208 02       		.uleb128 0x2
 446 0209 08       		.byte	0x8
 447 020a 40       		.byte	0x40
 448 020b 0B       		.uleb128 0xb
 449 020c 01       		.uleb128 0x1
 450 020d 52       		.byte	0x52
 451 020e 05       		.uleb128 0x5
 452 020f 03       		.byte	0x3
 453 0210 14000000 		.4byte	.LC2
 454 0214 00       		.byte	0
 455 0215 0C       		.uleb128 0xc
 456 0216 2C000000 		.4byte	.LVL15
 457 021a 3C020000 		.4byte	0x23c
 458 021e 0B       		.uleb128 0xb
 459 021f 01       		.uleb128 0x1
 460 0220 50       		.byte	0x50
 461 0221 02       		.uleb128 0x2
 462 0222 7D       		.byte	0x7d
 463 0223 00       		.sleb128 0
 464 0224 00       		.byte	0
 465 0225 00       		.byte	0
 466 0226 0F       		.uleb128 0xf
 467 0227 F3010000 		.4byte	.LASF22
ARM GAS  C:\Users\becca\AppData\Local\Temp\ccVSLOhc.s 			page 10


 468 022b F3010000 		.4byte	.LASF22
 469 022f 04       		.byte	0x4
 470 0230 28       		.byte	0x28
 471 0231 0F       		.uleb128 0xf
 472 0232 98000000 		.4byte	.LASF23
 473 0236 98000000 		.4byte	.LASF23
 474 023a 04       		.byte	0x4
 475 023b 2A       		.byte	0x2a
 476 023c 10       		.uleb128 0x10
 477 023d 2C000000 		.4byte	.LASF24
 478 0241 2C000000 		.4byte	.LASF24
 479 0245 05       		.byte	0x5
 480 0246 2A03     		.2byte	0x32a
 481 0248 0F       		.uleb128 0xf
 482 0249 14000000 		.4byte	.LASF25
 483 024d 14000000 		.4byte	.LASF25
 484 0251 06       		.byte	0x6
 485 0252 FD       		.byte	0xfd
 486 0253 00       		.byte	0
 487              		.section	.debug_abbrev,"",%progbits
 488              	.Ldebug_abbrev0:
 489 0000 01       		.uleb128 0x1
 490 0001 11       		.uleb128 0x11
 491 0002 01       		.byte	0x1
 492 0003 25       		.uleb128 0x25
 493 0004 0E       		.uleb128 0xe
 494 0005 13       		.uleb128 0x13
 495 0006 0B       		.uleb128 0xb
 496 0007 03       		.uleb128 0x3
 497 0008 0E       		.uleb128 0xe
 498 0009 1B       		.uleb128 0x1b
 499 000a 0E       		.uleb128 0xe
 500 000b 55       		.uleb128 0x55
 501 000c 17       		.uleb128 0x17
 502 000d 11       		.uleb128 0x11
 503 000e 01       		.uleb128 0x1
 504 000f 10       		.uleb128 0x10
 505 0010 17       		.uleb128 0x17
 506 0011 00       		.byte	0
 507 0012 00       		.byte	0
 508 0013 02       		.uleb128 0x2
 509 0014 24       		.uleb128 0x24
 510 0015 00       		.byte	0
 511 0016 0B       		.uleb128 0xb
 512 0017 0B       		.uleb128 0xb
 513 0018 3E       		.uleb128 0x3e
 514 0019 0B       		.uleb128 0xb
 515 001a 03       		.uleb128 0x3
 516 001b 0E       		.uleb128 0xe
 517 001c 00       		.byte	0
 518 001d 00       		.byte	0
 519 001e 03       		.uleb128 0x3
 520 001f 16       		.uleb128 0x16
 521 0020 00       		.byte	0
 522 0021 03       		.uleb128 0x3
 523 0022 0E       		.uleb128 0xe
 524 0023 3A       		.uleb128 0x3a
ARM GAS  C:\Users\becca\AppData\Local\Temp\ccVSLOhc.s 			page 11


 525 0024 0B       		.uleb128 0xb
 526 0025 3B       		.uleb128 0x3b
 527 0026 0B       		.uleb128 0xb
 528 0027 49       		.uleb128 0x49
 529 0028 13       		.uleb128 0x13
 530 0029 00       		.byte	0
 531 002a 00       		.byte	0
 532 002b 04       		.uleb128 0x4
 533 002c 24       		.uleb128 0x24
 534 002d 00       		.byte	0
 535 002e 0B       		.uleb128 0xb
 536 002f 0B       		.uleb128 0xb
 537 0030 3E       		.uleb128 0x3e
 538 0031 0B       		.uleb128 0xb
 539 0032 03       		.uleb128 0x3
 540 0033 08       		.uleb128 0x8
 541 0034 00       		.byte	0
 542 0035 00       		.byte	0
 543 0036 05       		.uleb128 0x5
 544 0037 2E       		.uleb128 0x2e
 545 0038 01       		.byte	0x1
 546 0039 3F       		.uleb128 0x3f
 547 003a 19       		.uleb128 0x19
 548 003b 03       		.uleb128 0x3
 549 003c 0E       		.uleb128 0xe
 550 003d 3A       		.uleb128 0x3a
 551 003e 0B       		.uleb128 0xb
 552 003f 3B       		.uleb128 0x3b
 553 0040 0B       		.uleb128 0xb
 554 0041 49       		.uleb128 0x49
 555 0042 13       		.uleb128 0x13
 556 0043 11       		.uleb128 0x11
 557 0044 01       		.uleb128 0x1
 558 0045 12       		.uleb128 0x12
 559 0046 06       		.uleb128 0x6
 560 0047 40       		.uleb128 0x40
 561 0048 18       		.uleb128 0x18
 562 0049 9642     		.uleb128 0x2116
 563 004b 19       		.uleb128 0x19
 564 004c 01       		.uleb128 0x1
 565 004d 13       		.uleb128 0x13
 566 004e 00       		.byte	0
 567 004f 00       		.byte	0
 568 0050 06       		.uleb128 0x6
 569 0051 34       		.uleb128 0x34
 570 0052 00       		.byte	0
 571 0053 03       		.uleb128 0x3
 572 0054 0E       		.uleb128 0xe
 573 0055 3A       		.uleb128 0x3a
 574 0056 0B       		.uleb128 0xb
 575 0057 3B       		.uleb128 0x3b
 576 0058 0B       		.uleb128 0xb
 577 0059 49       		.uleb128 0x49
 578 005a 13       		.uleb128 0x13
 579 005b 02       		.uleb128 0x2
 580 005c 18       		.uleb128 0x18
 581 005d 00       		.byte	0
ARM GAS  C:\Users\becca\AppData\Local\Temp\ccVSLOhc.s 			page 12


 582 005e 00       		.byte	0
 583 005f 07       		.uleb128 0x7
 584 0060 34       		.uleb128 0x34
 585 0061 00       		.byte	0
 586 0062 03       		.uleb128 0x3
 587 0063 08       		.uleb128 0x8
 588 0064 3A       		.uleb128 0x3a
 589 0065 0B       		.uleb128 0xb
 590 0066 3B       		.uleb128 0x3b
 591 0067 0B       		.uleb128 0xb
 592 0068 49       		.uleb128 0x49
 593 0069 13       		.uleb128 0x13
 594 006a 02       		.uleb128 0x2
 595 006b 18       		.uleb128 0x18
 596 006c 00       		.byte	0
 597 006d 00       		.byte	0
 598 006e 08       		.uleb128 0x8
 599 006f 34       		.uleb128 0x34
 600 0070 00       		.byte	0
 601 0071 03       		.uleb128 0x3
 602 0072 0E       		.uleb128 0xe
 603 0073 3A       		.uleb128 0x3a
 604 0074 0B       		.uleb128 0xb
 605 0075 3B       		.uleb128 0x3b
 606 0076 0B       		.uleb128 0xb
 607 0077 49       		.uleb128 0x49
 608 0078 13       		.uleb128 0x13
 609 0079 02       		.uleb128 0x2
 610 007a 17       		.uleb128 0x17
 611 007b 00       		.byte	0
 612 007c 00       		.byte	0
 613 007d 09       		.uleb128 0x9
 614 007e 898201   		.uleb128 0x4109
 615 0081 00       		.byte	0
 616 0082 11       		.uleb128 0x11
 617 0083 01       		.uleb128 0x1
 618 0084 31       		.uleb128 0x31
 619 0085 13       		.uleb128 0x13
 620 0086 00       		.byte	0
 621 0087 00       		.byte	0
 622 0088 0A       		.uleb128 0xa
 623 0089 898201   		.uleb128 0x4109
 624 008c 01       		.byte	0x1
 625 008d 11       		.uleb128 0x11
 626 008e 01       		.uleb128 0x1
 627 008f 31       		.uleb128 0x31
 628 0090 13       		.uleb128 0x13
 629 0091 01       		.uleb128 0x1
 630 0092 13       		.uleb128 0x13
 631 0093 00       		.byte	0
 632 0094 00       		.byte	0
 633 0095 0B       		.uleb128 0xb
 634 0096 8A8201   		.uleb128 0x410a
 635 0099 00       		.byte	0
 636 009a 02       		.uleb128 0x2
 637 009b 18       		.uleb128 0x18
 638 009c 9142     		.uleb128 0x2111
ARM GAS  C:\Users\becca\AppData\Local\Temp\ccVSLOhc.s 			page 13


 639 009e 18       		.uleb128 0x18
 640 009f 00       		.byte	0
 641 00a0 00       		.byte	0
 642 00a1 0C       		.uleb128 0xc
 643 00a2 898201   		.uleb128 0x4109
 644 00a5 01       		.byte	0x1
 645 00a6 11       		.uleb128 0x11
 646 00a7 01       		.uleb128 0x1
 647 00a8 31       		.uleb128 0x31
 648 00a9 13       		.uleb128 0x13
 649 00aa 00       		.byte	0
 650 00ab 00       		.byte	0
 651 00ac 0D       		.uleb128 0xd
 652 00ad 01       		.uleb128 0x1
 653 00ae 01       		.byte	0x1
 654 00af 49       		.uleb128 0x49
 655 00b0 13       		.uleb128 0x13
 656 00b1 01       		.uleb128 0x1
 657 00b2 13       		.uleb128 0x13
 658 00b3 00       		.byte	0
 659 00b4 00       		.byte	0
 660 00b5 0E       		.uleb128 0xe
 661 00b6 21       		.uleb128 0x21
 662 00b7 00       		.byte	0
 663 00b8 49       		.uleb128 0x49
 664 00b9 13       		.uleb128 0x13
 665 00ba 2F       		.uleb128 0x2f
 666 00bb 0B       		.uleb128 0xb
 667 00bc 00       		.byte	0
 668 00bd 00       		.byte	0
 669 00be 0F       		.uleb128 0xf
 670 00bf 2E       		.uleb128 0x2e
 671 00c0 00       		.byte	0
 672 00c1 3F       		.uleb128 0x3f
 673 00c2 19       		.uleb128 0x19
 674 00c3 3C       		.uleb128 0x3c
 675 00c4 19       		.uleb128 0x19
 676 00c5 6E       		.uleb128 0x6e
 677 00c6 0E       		.uleb128 0xe
 678 00c7 03       		.uleb128 0x3
 679 00c8 0E       		.uleb128 0xe
 680 00c9 3A       		.uleb128 0x3a
 681 00ca 0B       		.uleb128 0xb
 682 00cb 3B       		.uleb128 0x3b
 683 00cc 0B       		.uleb128 0xb
 684 00cd 00       		.byte	0
 685 00ce 00       		.byte	0
 686 00cf 10       		.uleb128 0x10
 687 00d0 2E       		.uleb128 0x2e
 688 00d1 00       		.byte	0
 689 00d2 3F       		.uleb128 0x3f
 690 00d3 19       		.uleb128 0x19
 691 00d4 3C       		.uleb128 0x3c
 692 00d5 19       		.uleb128 0x19
 693 00d6 6E       		.uleb128 0x6e
 694 00d7 0E       		.uleb128 0xe
 695 00d8 03       		.uleb128 0x3
ARM GAS  C:\Users\becca\AppData\Local\Temp\ccVSLOhc.s 			page 14


 696 00d9 0E       		.uleb128 0xe
 697 00da 3A       		.uleb128 0x3a
 698 00db 0B       		.uleb128 0xb
 699 00dc 3B       		.uleb128 0x3b
 700 00dd 05       		.uleb128 0x5
 701 00de 00       		.byte	0
 702 00df 00       		.byte	0
 703 00e0 00       		.byte	0
 704              		.section	.debug_loc,"",%progbits
 705              	.Ldebug_loc0:
 706              	.LLST0:
 707 0000 10000000 		.4byte	.LVL1
 708 0004 16000000 		.4byte	.LVL2
 709 0008 0100     		.2byte	0x1
 710 000a 50       		.byte	0x50
 711 000b 20000000 		.4byte	.LVL4
 712 000f 22000000 		.4byte	.LVL5
 713 0013 0100     		.2byte	0x1
 714 0015 50       		.byte	0x50
 715 0016 00000000 		.4byte	0
 716 001a 00000000 		.4byte	0
 717              	.LLST1:
 718 001e 10000000 		.4byte	.LVL11
 719 0022 16000000 		.4byte	.LVL12
 720 0026 0100     		.2byte	0x1
 721 0028 50       		.byte	0x50
 722 0029 34000000 		.4byte	.LVL17
 723 002d 36000000 		.4byte	.LVL18
 724 0031 0100     		.2byte	0x1
 725 0033 50       		.byte	0x50
 726 0034 00000000 		.4byte	0
 727 0038 00000000 		.4byte	0
 728              		.section	.debug_aranges,"",%progbits
 729 0000 24000000 		.4byte	0x24
 730 0004 0200     		.2byte	0x2
 731 0006 00000000 		.4byte	.Ldebug_info0
 732 000a 04       		.byte	0x4
 733 000b 00       		.byte	0
 734 000c 0000     		.2byte	0
 735 000e 0000     		.2byte	0
 736 0010 00000000 		.4byte	.LFB35
 737 0014 4C000000 		.4byte	.LFE35-.LFB35
 738 0018 00000000 		.4byte	.LFB36
 739 001c 40000000 		.4byte	.LFE36-.LFB36
 740 0020 00000000 		.4byte	0
 741 0024 00000000 		.4byte	0
 742              		.section	.debug_ranges,"",%progbits
 743              	.Ldebug_ranges0:
 744 0000 00000000 		.4byte	.LFB35
 745 0004 4C000000 		.4byte	.LFE35
 746 0008 00000000 		.4byte	.LFB36
 747 000c 40000000 		.4byte	.LFE36
 748 0010 00000000 		.4byte	0
 749 0014 00000000 		.4byte	0
 750              		.section	.debug_line,"",%progbits
 751              	.Ldebug_line0:
 752 0000 00020000 		.section	.debug_str,"MS",%progbits,1
ARM GAS  C:\Users\becca\AppData\Local\Temp\ccVSLOhc.s 			page 15


 752      0200CD01 
 752      00000201 
 752      FB0E0D00 
 752      01010101 
 753              	.LASF27:
 754 0000 53656E73 		.ascii	"Sensors.c\000"
 754      6F72732E 
 754      6300
 755              	.LASF12:
 756 000a 5F5F696E 		.ascii	"__int32_t\000"
 756      7433325F 
 756      7400
 757              	.LASF25:
 758 0014 736E7072 		.ascii	"snprintf\000"
 758      696E7466 
 758      00
 759              	.LASF17:
 760 001d 73746174 		.ascii	"status\000"
 760      757300
 761              	.LASF13:
 762 0024 696E7433 		.ascii	"int32_t\000"
 762      325F7400 
 763              	.LASF24:
 764 002c 55415254 		.ascii	"UART_UartPutString\000"
 764      5F556172 
 764      74507574 
 764      53747269 
 764      6E6700
 765              	.LASF15:
 766 003f 666C6F61 		.ascii	"float\000"
 766      7400
 767              	.LASF1:
 768 0045 756E7369 		.ascii	"unsigned char\000"
 768      676E6564 
 768      20636861 
 768      7200
 769              	.LASF5:
 770 0053 6C6F6E67 		.ascii	"long unsigned int\000"
 770      20756E73 
 770      69676E65 
 770      6420696E 
 770      7400
 771              	.LASF16:
 772 0065 74656D70 		.ascii	"temp\000"
 772      00
 773              	.LASF3:
 774 006a 73686F72 		.ascii	"short unsigned int\000"
 774      7420756E 
 774      7369676E 
 774      65642069 
 774      6E7400
 775              	.LASF14:
 776 007d 646F7562 		.ascii	"double\000"
 776      6C6500
 777              	.LASF21:
 778 0084 67657448 		.ascii	"getHum\000"
 778      756D00
ARM GAS  C:\Users\becca\AppData\Local\Temp\ccVSLOhc.s 			page 16


 779              	.LASF8:
 780 008b 756E7369 		.ascii	"unsigned int\000"
 780      676E6564 
 780      20696E74 
 780      00
 781              	.LASF23:
 782 0098 53485433 		.ascii	"SHT31_ReadTempHum\000"
 782      315F5265 
 782      61645465 
 782      6D704875 
 782      6D00
 783              	.LASF7:
 784 00aa 6C6F6E67 		.ascii	"long long unsigned int\000"
 784      206C6F6E 
 784      6720756E 
 784      7369676E 
 784      65642069 
 785              	.LASF26:
 786 00c1 474E5520 		.ascii	"GNU C11 5.4.1 20160609 (release) [ARM/embedded-5-br"
 786      43313120 
 786      352E342E 
 786      31203230 
 786      31363036 
 787 00f4 616E6368 		.ascii	"anch revision 237715] -mcpu=cortex-m0 -mthumb -g -O"
 787      20726576 
 787      6973696F 
 787      6E203233 
 787      37373135 
 788 0127 67202D66 		.ascii	"g -ffunction-sections -ffat-lto-objects\000"
 788      66756E63 
 788      74696F6E 
 788      2D736563 
 788      74696F6E 
 789              	.LASF9:
 790 014f 6C6F6E67 		.ascii	"long double\000"
 790      20646F75 
 790      626C6500 
 791              	.LASF10:
 792 015b 73697A65 		.ascii	"sizetype\000"
 792      74797065 
 792      00
 793              	.LASF6:
 794 0164 6C6F6E67 		.ascii	"long long int\000"
 794      206C6F6E 
 794      6720696E 
 794      7400
 795              	.LASF20:
 796 0172 67657454 		.ascii	"getTemp\000"
 796      656D7000 
 797              	.LASF11:
 798 017a 63686172 		.ascii	"char\000"
 798      00
 799              	.LASF2:
 800 017f 73686F72 		.ascii	"short int\000"
 800      7420696E 
 800      7400
 801              	.LASF18:
ARM GAS  C:\Users\becca\AppData\Local\Temp\ccVSLOhc.s 			page 17


 802 0189 62756666 		.ascii	"buffer\000"
 802      657200
 803              	.LASF28:
 804 0190 433A5C55 		.ascii	"C:\\Users\\becca\\Documents\\GitHub\\Science_Sensor"
 804      73657273 
 804      5C626563 
 804      63615C44 
 804      6F63756D 
 805 01be 5F426F61 		.ascii	"_Board\\Science_Sensor_Board\\Final\\CAN.cydsn\000"
 805      72645C53 
 805      6369656E 
 805      63655F53 
 805      656E736F 
 806              	.LASF4:
 807 01ea 6C6F6E67 		.ascii	"long int\000"
 807      20696E74 
 807      00
 808              	.LASF22:
 809 01f3 53485433 		.ascii	"SHT31_IsHeaterEnabled\000"
 809      315F4973 
 809      48656174 
 809      6572456E 
 809      61626C65 
 810              	.LASF0:
 811 0209 7369676E 		.ascii	"signed char\000"
 811      65642063 
 811      68617200 
 812              	.LASF19:
 813 0215 5F426F6F 		.ascii	"_Bool\000"
 813      6C00
 814              		.ident	"GCC: (GNU Tools for ARM Embedded Processors) 5.4.1 20160609 (release) [ARM/embedded-5-bran
